<?xml version="1.0" encoding="UTF-8"?>
<testsuite xmlns:xsi="http://www.w3.org/2001/XMLSchema-instance" xsi:noNamespaceSchemaLocation="https://maven.apache.org/surefire/maven-surefire-plugin/xsd/surefire-test-report-3.0.xsd" version="3.0" name="Generic Application Testing" time="64.659" tests="5" errors="5" skipped="0" failures="0">
  <properties>
    <property name="java.specification.version" value="21"/>
    <property name="webdriver.chrome.driver" value="C:\Users\someo\.cache\selenium\chromedriver\win64\134.0.6998.88\chromedriver.exe"/>
    <property name="sun.cpu.isalist" value="amd64"/>
    <property name="sun.jnu.encoding" value="Cp1252"/>
    <property name="java.class.path" value="C:\Development\Sources\selenium-cucumber-test\target\test-classes;C:\Development\Sources\selenium-cucumber-test\target\classes;C:\Users\someo\.m2\repository\org\seleniumhq\selenium\selenium-java\4.18.1\selenium-java-4.18.1.jar;C:\Users\someo\.m2\repository\org\seleniumhq\selenium\selenium-api\4.18.1\selenium-api-4.18.1.jar;C:\Users\someo\.m2\repository\org\seleniumhq\selenium\selenium-chrome-driver\4.18.1\selenium-chrome-driver-4.18.1.jar;C:\Users\someo\.m2\repository\com\google\auto\service\auto-service-annotations\1.1.1\auto-service-annotations-1.1.1.jar;C:\Users\someo\.m2\repository\org\seleniumhq\selenium\selenium-chromium-driver\4.18.1\selenium-chromium-driver-4.18.1.jar;C:\Users\someo\.m2\repository\org\seleniumhq\selenium\selenium-json\4.18.1\selenium-json-4.18.1.jar;C:\Users\someo\.m2\repository\org\seleniumhq\selenium\selenium-manager\4.18.1\selenium-manager-4.18.1.jar;C:\Users\someo\.m2\repository\org\seleniumhq\selenium\selenium-devtools-v120\4.18.1\selenium-devtools-v120-4.18.1.jar;C:\Users\someo\.m2\repository\org\seleniumhq\selenium\selenium-devtools-v121\4.18.1\selenium-devtools-v121-4.18.1.jar;C:\Users\someo\.m2\repository\org\seleniumhq\selenium\selenium-devtools-v122\4.18.1\selenium-devtools-v122-4.18.1.jar;C:\Users\someo\.m2\repository\org\seleniumhq\selenium\selenium-devtools-v85\4.18.1\selenium-devtools-v85-4.18.1.jar;C:\Users\someo\.m2\repository\org\seleniumhq\selenium\selenium-edge-driver\4.18.1\selenium-edge-driver-4.18.1.jar;C:\Users\someo\.m2\repository\org\seleniumhq\selenium\selenium-firefox-driver\4.18.1\selenium-firefox-driver-4.18.1.jar;C:\Users\someo\.m2\repository\org\seleniumhq\selenium\selenium-http\4.18.1\selenium-http-4.18.1.jar;C:\Users\someo\.m2\repository\dev\failsafe\failsafe\3.3.2\failsafe-3.3.2.jar;C:\Users\someo\.m2\repository\org\seleniumhq\selenium\selenium-ie-driver\4.18.1\selenium-ie-driver-4.18.1.jar;C:\Users\someo\.m2\repository\org\seleniumhq\selenium\selenium-remote-driver\4.18.1\selenium-remote-driver-4.18.1.jar;C:\Users\someo\.m2\repository\com\google\guava\guava\33.0.0-jre\guava-33.0.0-jre.jar;C:\Users\someo\.m2\repository\com\google\guava\failureaccess\1.0.2\failureaccess-1.0.2.jar;C:\Users\someo\.m2\repository\com\google\guava\listenablefuture\9999.0-empty-to-avoid-conflict-with-guava\listenablefuture-9999.0-empty-to-avoid-conflict-with-guava.jar;C:\Users\someo\.m2\repository\com\google\code\findbugs\jsr305\3.0.2\jsr305-3.0.2.jar;C:\Users\someo\.m2\repository\org\checkerframework\checker-qual\3.41.0\checker-qual-3.41.0.jar;C:\Users\someo\.m2\repository\com\google\errorprone\error_prone_annotations\2.23.0\error_prone_annotations-2.23.0.jar;C:\Users\someo\.m2\repository\com\google\j2objc\j2objc-annotations\2.8\j2objc-annotations-2.8.jar;C:\Users\someo\.m2\repository\io\opentelemetry\semconv\opentelemetry-semconv\1.23.1-alpha\opentelemetry-semconv-1.23.1-alpha.jar;C:\Users\someo\.m2\repository\io\opentelemetry\opentelemetry-api\1.35.0\opentelemetry-api-1.35.0.jar;C:\Users\someo\.m2\repository\io\opentelemetry\opentelemetry-context\1.35.0\opentelemetry-context-1.35.0.jar;C:\Users\someo\.m2\repository\io\opentelemetry\opentelemetry-exporter-logging\1.35.0\opentelemetry-exporter-logging-1.35.0.jar;C:\Users\someo\.m2\repository\io\opentelemetry\opentelemetry-sdk-common\1.35.0\opentelemetry-sdk-common-1.35.0.jar;C:\Users\someo\.m2\repository\io\opentelemetry\opentelemetry-sdk-extension-autoconfigure-spi\1.35.0\opentelemetry-sdk-extension-autoconfigure-spi-1.35.0.jar;C:\Users\someo\.m2\repository\io\opentelemetry\opentelemetry-sdk-extension-autoconfigure\1.35.0\opentelemetry-sdk-extension-autoconfigure-1.35.0.jar;C:\Users\someo\.m2\repository\io\opentelemetry\opentelemetry-api-events\1.35.0-alpha\opentelemetry-api-events-1.35.0-alpha.jar;C:\Users\someo\.m2\repository\io\opentelemetry\opentelemetry-sdk-trace\1.35.0\opentelemetry-sdk-trace-1.35.0.jar;C:\Users\someo\.m2\repository\io\opentelemetry\opentelemetry-extension-incubator\1.35.0-alpha\opentelemetry-extension-incubator-1.35.0-alpha.jar;C:\Users\someo\.m2\repository\io\opentelemetry\opentelemetry-sdk\1.35.0\opentelemetry-sdk-1.35.0.jar;C:\Users\someo\.m2\repository\io\opentelemetry\opentelemetry-sdk-metrics\1.35.0\opentelemetry-sdk-metrics-1.35.0.jar;C:\Users\someo\.m2\repository\io\opentelemetry\opentelemetry-sdk-logs\1.35.0\opentelemetry-sdk-logs-1.35.0.jar;C:\Users\someo\.m2\repository\net\bytebuddy\byte-buddy\1.14.12\byte-buddy-1.14.12.jar;C:\Users\someo\.m2\repository\org\seleniumhq\selenium\selenium-os\4.18.1\selenium-os-4.18.1.jar;C:\Users\someo\.m2\repository\org\apache\commons\commons-exec\1.3\commons-exec-1.3.jar;C:\Users\someo\.m2\repository\org\seleniumhq\selenium\selenium-safari-driver\4.18.1\selenium-safari-driver-4.18.1.jar;C:\Users\someo\.m2\repository\org\seleniumhq\selenium\selenium-support\4.18.1\selenium-support-4.18.1.jar;C:\Users\someo\.m2\repository\io\cucumber\cucumber-java\7.15.0\cucumber-java-7.15.0.jar;C:\Users\someo\.m2\repository\io\cucumber\cucumber-core\7.15.0\cucumber-core-7.15.0.jar;C:\Users\someo\.m2\repository\io\cucumber\cucumber-gherkin\7.15.0\cucumber-gherkin-7.15.0.jar;C:\Users\someo\.m2\repository\io\cucumber\cucumber-gherkin-messages\7.15.0\cucumber-gherkin-messages-7.15.0.jar;C:\Users\someo\.m2\repository\io\cucumber\gherkin\26.2.0\gherkin-26.2.0.jar;C:\Users\someo\.m2\repository\io\cucumber\messages\22.0.0\messages-22.0.0.jar;C:\Users\someo\.m2\repository\io\cucumber\tag-expressions\6.0.0\tag-expressions-6.0.0.jar;C:\Users\someo\.m2\repository\io\cucumber\cucumber-expressions\17.0.1\cucumber-expressions-17.0.1.jar;C:\Users\someo\.m2\repository\io\cucumber\datatable\7.15.0\datatable-7.15.0.jar;C:\Users\someo\.m2\repository\io\cucumber\cucumber-plugin\7.15.0\cucumber-plugin-7.15.0.jar;C:\Users\someo\.m2\repository\io\cucumber\docstring\7.15.0\docstring-7.15.0.jar;C:\Users\someo\.m2\repository\io\cucumber\html-formatter\20.4.0\html-formatter-20.4.0.jar;C:\Users\someo\.m2\repository\io\cucumber\junit-xml-formatter\0.2.0\junit-xml-formatter-0.2.0.jar;C:\Users\someo\.m2\repository\io\cucumber\ci-environment\10.0.0\ci-environment-10.0.0.jar;C:\Users\someo\.m2\repository\org\apiguardian\apiguardian-api\1.1.2\apiguardian-api-1.1.2.jar;C:\Users\someo\.m2\repository\io\cucumber\cucumber-junit\7.15.0\cucumber-junit-7.15.0.jar;C:\Users\someo\.m2\repository\junit\junit\4.13.2\junit-4.13.2.jar;C:\Users\someo\.m2\repository\org\hamcrest\hamcrest-core\1.3\hamcrest-core-1.3.jar;C:\Users\someo\.m2\repository\org\awaitility\awaitility\4.2.0\awaitility-4.2.0.jar;C:\Users\someo\.m2\repository\org\hamcrest\hamcrest\2.1\hamcrest-2.1.jar;C:\Users\someo\.m2\repository\org\slf4j\slf4j-api\1.7.36\slf4j-api-1.7.36.jar;C:\Users\someo\.m2\repository\ch\qos\logback\logback-classic\1.2.11\logback-classic-1.2.11.jar;C:\Users\someo\.m2\repository\ch\qos\logback\logback-core\1.2.11\logback-core-1.2.11.jar;C:\Users\someo\.m2\repository\com\opencsv\opencsv\5.7.1\opencsv-5.7.1.jar;C:\Users\someo\.m2\repository\org\apache\commons\commons-lang3\3.12.0\commons-lang3-3.12.0.jar;C:\Users\someo\.m2\repository\org\apache\commons\commons-text\1.10.0\commons-text-1.10.0.jar;C:\Users\someo\.m2\repository\commons-beanutils\commons-beanutils\1.9.4\commons-beanutils-1.9.4.jar;C:\Users\someo\.m2\repository\commons-logging\commons-logging\1.2\commons-logging-1.2.jar;C:\Users\someo\.m2\repository\commons-collections\commons-collections\3.2.2\commons-collections-3.2.2.jar;C:\Users\someo\.m2\repository\org\apache\commons\commons-collections4\4.4\commons-collections4-4.4.jar;C:\Users\someo\.m2\repository\com\fasterxml\jackson\core\jackson-databind\2.14.2\jackson-databind-2.14.2.jar;C:\Users\someo\.m2\repository\com\fasterxml\jackson\core\jackson-annotations\2.14.2\jackson-annotations-2.14.2.jar;C:\Users\someo\.m2\repository\com\fasterxml\jackson\core\jackson-core\2.14.2\jackson-core-2.14.2.jar;C:\Users\someo\.m2\repository\org\apache\kafka\kafka-clients\3.6.0\kafka-clients-3.6.0.jar;C:\Users\someo\.m2\repository\com\github\luben\zstd-jni\1.5.5-1\zstd-jni-1.5.5-1.jar;C:\Users\someo\.m2\repository\org\lz4\lz4-java\1.8.0\lz4-java-1.8.0.jar;C:\Users\someo\.m2\repository\org\xerial\snappy\snappy-java\1.1.10.4\snappy-java-1.1.10.4.jar;C:\Users\someo\.m2\repository\com\squareup\okhttp3\okhttp\4.10.0\okhttp-4.10.0.jar;C:\Users\someo\.m2\repository\com\squareup\okio\okio-jvm\3.0.0\okio-jvm-3.0.0.jar;C:\Users\someo\.m2\repository\org\jetbrains\kotlin\kotlin-stdlib-jdk8\1.5.31\kotlin-stdlib-jdk8-1.5.31.jar;C:\Users\someo\.m2\repository\org\jetbrains\kotlin\kotlin-stdlib-jdk7\1.5.31\kotlin-stdlib-jdk7-1.5.31.jar;C:\Users\someo\.m2\repository\org\jetbrains\kotlin\kotlin-stdlib-common\1.5.31\kotlin-stdlib-common-1.5.31.jar;C:\Users\someo\.m2\repository\org\jetbrains\kotlin\kotlin-stdlib\1.6.20\kotlin-stdlib-1.6.20.jar;C:\Users\someo\.m2\repository\org\jetbrains\annotations\13.0\annotations-13.0.jar;C:\Users\someo\.m2\repository\io\github\bonigarcia\webdrivermanager\5.8.0\webdrivermanager-5.8.0.jar;C:\Users\someo\.m2\repository\com\google\code\gson\gson\2.10.1\gson-2.10.1.jar;C:\Users\someo\.m2\repository\com\github\docker-java\docker-java\3.3.6\docker-java-3.3.6.jar;C:\Users\someo\.m2\repository\com\github\docker-java\docker-java-core\3.3.6\docker-java-core-3.3.6.jar;C:\Users\someo\.m2\repository\com\github\docker-java\docker-java-api\3.3.6\docker-java-api-3.3.6.jar;C:\Users\someo\.m2\repository\org\bouncycastle\bcpkix-jdk18on\1.76\bcpkix-jdk18on-1.76.jar;C:\Users\someo\.m2\repository\org\bouncycastle\bcprov-jdk18on\1.76\bcprov-jdk18on-1.76.jar;C:\Users\someo\.m2\repository\org\bouncycastle\bcutil-jdk18on\1.76\bcutil-jdk18on-1.76.jar;C:\Users\someo\.m2\repository\org\slf4j\jcl-over-slf4j\1.7.30\jcl-over-slf4j-1.7.30.jar;C:\Users\someo\.m2\repository\com\github\docker-java\docker-java-transport-httpclient5\3.3.6\docker-java-transport-httpclient5-3.3.6.jar;C:\Users\someo\.m2\repository\com\github\docker-java\docker-java-transport\3.3.6\docker-java-transport-3.3.6.jar;C:\Users\someo\.m2\repository\net\java\dev\jna\jna\5.13.0\jna-5.13.0.jar;C:\Users\someo\.m2\repository\org\brotli\dec\0.1.2\dec-0.1.2.jar;C:\Users\someo\.m2\repository\org\apache\commons\commons-compress\1.26.1\commons-compress-1.26.1.jar;C:\Users\someo\.m2\repository\commons-codec\commons-codec\1.16.1\commons-codec-1.16.1.jar;C:\Users\someo\.m2\repository\commons-io\commons-io\2.15.1\commons-io-2.15.1.jar;C:\Users\someo\.m2\repository\org\apache\httpcomponents\client5\httpclient5\5.2.1\httpclient5-5.2.1.jar;C:\Users\someo\.m2\repository\org\apache\httpcomponents\core5\httpcore5\5.2\httpcore5-5.2.jar;C:\Users\someo\.m2\repository\org\apache\httpcomponents\core5\httpcore5-h2\5.2\httpcore5-h2-5.2.jar;"/>
    <property name="java.vm.vendor" value="Eclipse Adoptium"/>
    <property name="sun.arch.data.model" value="64"/>
    <property name="user.variant" value=""/>
    <property name="java.vendor.url" value="https://adoptium.net/"/>
    <property name="user.timezone" value="Europe/Athens"/>
    <property name="os.name" value="Windows 11"/>
    <property name="java.vm.specification.version" value="21"/>
    <property name="sun.java.launcher" value="SUN_STANDARD"/>
    <property name="user.country" value="US"/>
    <property name="sun.boot.library.path" value="C:\Program Files\Eclipse Adoptium\jdk-21.0.4.7-hotspot\bin"/>
    <property name="sun.java.command" value="C:\Users\someo\AppData\Local\Temp\surefire606829944478434214\surefirebooter12712192810724297170.jar C:\Users\someo\AppData\Local\Temp\surefire606829944478434214 2025-03-17T19-20-48_440-jvmRun1 surefire819323924370226573tmp surefire_06111978945426224845tmp"/>
    <property name="jdk.debug" value="release"/>
    <property name="surefire.test.class.path" value="C:\Development\Sources\selenium-cucumber-test\target\test-classes;C:\Development\Sources\selenium-cucumber-test\target\classes;C:\Users\someo\.m2\repository\org\seleniumhq\selenium\selenium-java\4.18.1\selenium-java-4.18.1.jar;C:\Users\someo\.m2\repository\org\seleniumhq\selenium\selenium-api\4.18.1\selenium-api-4.18.1.jar;C:\Users\someo\.m2\repository\org\seleniumhq\selenium\selenium-chrome-driver\4.18.1\selenium-chrome-driver-4.18.1.jar;C:\Users\someo\.m2\repository\com\google\auto\service\auto-service-annotations\1.1.1\auto-service-annotations-1.1.1.jar;C:\Users\someo\.m2\repository\org\seleniumhq\selenium\selenium-chromium-driver\4.18.1\selenium-chromium-driver-4.18.1.jar;C:\Users\someo\.m2\repository\org\seleniumhq\selenium\selenium-json\4.18.1\selenium-json-4.18.1.jar;C:\Users\someo\.m2\repository\org\seleniumhq\selenium\selenium-manager\4.18.1\selenium-manager-4.18.1.jar;C:\Users\someo\.m2\repository\org\seleniumhq\selenium\selenium-devtools-v120\4.18.1\selenium-devtools-v120-4.18.1.jar;C:\Users\someo\.m2\repository\org\seleniumhq\selenium\selenium-devtools-v121\4.18.1\selenium-devtools-v121-4.18.1.jar;C:\Users\someo\.m2\repository\org\seleniumhq\selenium\selenium-devtools-v122\4.18.1\selenium-devtools-v122-4.18.1.jar;C:\Users\someo\.m2\repository\org\seleniumhq\selenium\selenium-devtools-v85\4.18.1\selenium-devtools-v85-4.18.1.jar;C:\Users\someo\.m2\repository\org\seleniumhq\selenium\selenium-edge-driver\4.18.1\selenium-edge-driver-4.18.1.jar;C:\Users\someo\.m2\repository\org\seleniumhq\selenium\selenium-firefox-driver\4.18.1\selenium-firefox-driver-4.18.1.jar;C:\Users\someo\.m2\repository\org\seleniumhq\selenium\selenium-http\4.18.1\selenium-http-4.18.1.jar;C:\Users\someo\.m2\repository\dev\failsafe\failsafe\3.3.2\failsafe-3.3.2.jar;C:\Users\someo\.m2\repository\org\seleniumhq\selenium\selenium-ie-driver\4.18.1\selenium-ie-driver-4.18.1.jar;C:\Users\someo\.m2\repository\org\seleniumhq\selenium\selenium-remote-driver\4.18.1\selenium-remote-driver-4.18.1.jar;C:\Users\someo\.m2\repository\com\google\guava\guava\33.0.0-jre\guava-33.0.0-jre.jar;C:\Users\someo\.m2\repository\com\google\guava\failureaccess\1.0.2\failureaccess-1.0.2.jar;C:\Users\someo\.m2\repository\com\google\guava\listenablefuture\9999.0-empty-to-avoid-conflict-with-guava\listenablefuture-9999.0-empty-to-avoid-conflict-with-guava.jar;C:\Users\someo\.m2\repository\com\google\code\findbugs\jsr305\3.0.2\jsr305-3.0.2.jar;C:\Users\someo\.m2\repository\org\checkerframework\checker-qual\3.41.0\checker-qual-3.41.0.jar;C:\Users\someo\.m2\repository\com\google\errorprone\error_prone_annotations\2.23.0\error_prone_annotations-2.23.0.jar;C:\Users\someo\.m2\repository\com\google\j2objc\j2objc-annotations\2.8\j2objc-annotations-2.8.jar;C:\Users\someo\.m2\repository\io\opentelemetry\semconv\opentelemetry-semconv\1.23.1-alpha\opentelemetry-semconv-1.23.1-alpha.jar;C:\Users\someo\.m2\repository\io\opentelemetry\opentelemetry-api\1.35.0\opentelemetry-api-1.35.0.jar;C:\Users\someo\.m2\repository\io\opentelemetry\opentelemetry-context\1.35.0\opentelemetry-context-1.35.0.jar;C:\Users\someo\.m2\repository\io\opentelemetry\opentelemetry-exporter-logging\1.35.0\opentelemetry-exporter-logging-1.35.0.jar;C:\Users\someo\.m2\repository\io\opentelemetry\opentelemetry-sdk-common\1.35.0\opentelemetry-sdk-common-1.35.0.jar;C:\Users\someo\.m2\repository\io\opentelemetry\opentelemetry-sdk-extension-autoconfigure-spi\1.35.0\opentelemetry-sdk-extension-autoconfigure-spi-1.35.0.jar;C:\Users\someo\.m2\repository\io\opentelemetry\opentelemetry-sdk-extension-autoconfigure\1.35.0\opentelemetry-sdk-extension-autoconfigure-1.35.0.jar;C:\Users\someo\.m2\repository\io\opentelemetry\opentelemetry-api-events\1.35.0-alpha\opentelemetry-api-events-1.35.0-alpha.jar;C:\Users\someo\.m2\repository\io\opentelemetry\opentelemetry-sdk-trace\1.35.0\opentelemetry-sdk-trace-1.35.0.jar;C:\Users\someo\.m2\repository\io\opentelemetry\opentelemetry-extension-incubator\1.35.0-alpha\opentelemetry-extension-incubator-1.35.0-alpha.jar;C:\Users\someo\.m2\repository\io\opentelemetry\opentelemetry-sdk\1.35.0\opentelemetry-sdk-1.35.0.jar;C:\Users\someo\.m2\repository\io\opentelemetry\opentelemetry-sdk-metrics\1.35.0\opentelemetry-sdk-metrics-1.35.0.jar;C:\Users\someo\.m2\repository\io\opentelemetry\opentelemetry-sdk-logs\1.35.0\opentelemetry-sdk-logs-1.35.0.jar;C:\Users\someo\.m2\repository\net\bytebuddy\byte-buddy\1.14.12\byte-buddy-1.14.12.jar;C:\Users\someo\.m2\repository\org\seleniumhq\selenium\selenium-os\4.18.1\selenium-os-4.18.1.jar;C:\Users\someo\.m2\repository\org\apache\commons\commons-exec\1.3\commons-exec-1.3.jar;C:\Users\someo\.m2\repository\org\seleniumhq\selenium\selenium-safari-driver\4.18.1\selenium-safari-driver-4.18.1.jar;C:\Users\someo\.m2\repository\org\seleniumhq\selenium\selenium-support\4.18.1\selenium-support-4.18.1.jar;C:\Users\someo\.m2\repository\io\cucumber\cucumber-java\7.15.0\cucumber-java-7.15.0.jar;C:\Users\someo\.m2\repository\io\cucumber\cucumber-core\7.15.0\cucumber-core-7.15.0.jar;C:\Users\someo\.m2\repository\io\cucumber\cucumber-gherkin\7.15.0\cucumber-gherkin-7.15.0.jar;C:\Users\someo\.m2\repository\io\cucumber\cucumber-gherkin-messages\7.15.0\cucumber-gherkin-messages-7.15.0.jar;C:\Users\someo\.m2\repository\io\cucumber\gherkin\26.2.0\gherkin-26.2.0.jar;C:\Users\someo\.m2\repository\io\cucumber\messages\22.0.0\messages-22.0.0.jar;C:\Users\someo\.m2\repository\io\cucumber\tag-expressions\6.0.0\tag-expressions-6.0.0.jar;C:\Users\someo\.m2\repository\io\cucumber\cucumber-expressions\17.0.1\cucumber-expressions-17.0.1.jar;C:\Users\someo\.m2\repository\io\cucumber\datatable\7.15.0\datatable-7.15.0.jar;C:\Users\someo\.m2\repository\io\cucumber\cucumber-plugin\7.15.0\cucumber-plugin-7.15.0.jar;C:\Users\someo\.m2\repository\io\cucumber\docstring\7.15.0\docstring-7.15.0.jar;C:\Users\someo\.m2\repository\io\cucumber\html-formatter\20.4.0\html-formatter-20.4.0.jar;C:\Users\someo\.m2\repository\io\cucumber\junit-xml-formatter\0.2.0\junit-xml-formatter-0.2.0.jar;C:\Users\someo\.m2\repository\io\cucumber\ci-environment\10.0.0\ci-environment-10.0.0.jar;C:\Users\someo\.m2\repository\org\apiguardian\apiguardian-api\1.1.2\apiguardian-api-1.1.2.jar;C:\Users\someo\.m2\repository\io\cucumber\cucumber-junit\7.15.0\cucumber-junit-7.15.0.jar;C:\Users\someo\.m2\repository\junit\junit\4.13.2\junit-4.13.2.jar;C:\Users\someo\.m2\repository\org\hamcrest\hamcrest-core\1.3\hamcrest-core-1.3.jar;C:\Users\someo\.m2\repository\org\awaitility\awaitility\4.2.0\awaitility-4.2.0.jar;C:\Users\someo\.m2\repository\org\hamcrest\hamcrest\2.1\hamcrest-2.1.jar;C:\Users\someo\.m2\repository\org\slf4j\slf4j-api\1.7.36\slf4j-api-1.7.36.jar;C:\Users\someo\.m2\repository\ch\qos\logback\logback-classic\1.2.11\logback-classic-1.2.11.jar;C:\Users\someo\.m2\repository\ch\qos\logback\logback-core\1.2.11\logback-core-1.2.11.jar;C:\Users\someo\.m2\repository\com\opencsv\opencsv\5.7.1\opencsv-5.7.1.jar;C:\Users\someo\.m2\repository\org\apache\commons\commons-lang3\3.12.0\commons-lang3-3.12.0.jar;C:\Users\someo\.m2\repository\org\apache\commons\commons-text\1.10.0\commons-text-1.10.0.jar;C:\Users\someo\.m2\repository\commons-beanutils\commons-beanutils\1.9.4\commons-beanutils-1.9.4.jar;C:\Users\someo\.m2\repository\commons-logging\commons-logging\1.2\commons-logging-1.2.jar;C:\Users\someo\.m2\repository\commons-collections\commons-collections\3.2.2\commons-collections-3.2.2.jar;C:\Users\someo\.m2\repository\org\apache\commons\commons-collections4\4.4\commons-collections4-4.4.jar;C:\Users\someo\.m2\repository\com\fasterxml\jackson\core\jackson-databind\2.14.2\jackson-databind-2.14.2.jar;C:\Users\someo\.m2\repository\com\fasterxml\jackson\core\jackson-annotations\2.14.2\jackson-annotations-2.14.2.jar;C:\Users\someo\.m2\repository\com\fasterxml\jackson\core\jackson-core\2.14.2\jackson-core-2.14.2.jar;C:\Users\someo\.m2\repository\org\apache\kafka\kafka-clients\3.6.0\kafka-clients-3.6.0.jar;C:\Users\someo\.m2\repository\com\github\luben\zstd-jni\1.5.5-1\zstd-jni-1.5.5-1.jar;C:\Users\someo\.m2\repository\org\lz4\lz4-java\1.8.0\lz4-java-1.8.0.jar;C:\Users\someo\.m2\repository\org\xerial\snappy\snappy-java\1.1.10.4\snappy-java-1.1.10.4.jar;C:\Users\someo\.m2\repository\com\squareup\okhttp3\okhttp\4.10.0\okhttp-4.10.0.jar;C:\Users\someo\.m2\repository\com\squareup\okio\okio-jvm\3.0.0\okio-jvm-3.0.0.jar;C:\Users\someo\.m2\repository\org\jetbrains\kotlin\kotlin-stdlib-jdk8\1.5.31\kotlin-stdlib-jdk8-1.5.31.jar;C:\Users\someo\.m2\repository\org\jetbrains\kotlin\kotlin-stdlib-jdk7\1.5.31\kotlin-stdlib-jdk7-1.5.31.jar;C:\Users\someo\.m2\repository\org\jetbrains\kotlin\kotlin-stdlib-common\1.5.31\kotlin-stdlib-common-1.5.31.jar;C:\Users\someo\.m2\repository\org\jetbrains\kotlin\kotlin-stdlib\1.6.20\kotlin-stdlib-1.6.20.jar;C:\Users\someo\.m2\repository\org\jetbrains\annotations\13.0\annotations-13.0.jar;C:\Users\someo\.m2\repository\io\github\bonigarcia\webdrivermanager\5.8.0\webdrivermanager-5.8.0.jar;C:\Users\someo\.m2\repository\com\google\code\gson\gson\2.10.1\gson-2.10.1.jar;C:\Users\someo\.m2\repository\com\github\docker-java\docker-java\3.3.6\docker-java-3.3.6.jar;C:\Users\someo\.m2\repository\com\github\docker-java\docker-java-core\3.3.6\docker-java-core-3.3.6.jar;C:\Users\someo\.m2\repository\com\github\docker-java\docker-java-api\3.3.6\docker-java-api-3.3.6.jar;C:\Users\someo\.m2\repository\org\bouncycastle\bcpkix-jdk18on\1.76\bcpkix-jdk18on-1.76.jar;C:\Users\someo\.m2\repository\org\bouncycastle\bcprov-jdk18on\1.76\bcprov-jdk18on-1.76.jar;C:\Users\someo\.m2\repository\org\bouncycastle\bcutil-jdk18on\1.76\bcutil-jdk18on-1.76.jar;C:\Users\someo\.m2\repository\org\slf4j\jcl-over-slf4j\1.7.30\jcl-over-slf4j-1.7.30.jar;C:\Users\someo\.m2\repository\com\github\docker-java\docker-java-transport-httpclient5\3.3.6\docker-java-transport-httpclient5-3.3.6.jar;C:\Users\someo\.m2\repository\com\github\docker-java\docker-java-transport\3.3.6\docker-java-transport-3.3.6.jar;C:\Users\someo\.m2\repository\net\java\dev\jna\jna\5.13.0\jna-5.13.0.jar;C:\Users\someo\.m2\repository\org\brotli\dec\0.1.2\dec-0.1.2.jar;C:\Users\someo\.m2\repository\org\apache\commons\commons-compress\1.26.1\commons-compress-1.26.1.jar;C:\Users\someo\.m2\repository\commons-codec\commons-codec\1.16.1\commons-codec-1.16.1.jar;C:\Users\someo\.m2\repository\commons-io\commons-io\2.15.1\commons-io-2.15.1.jar;C:\Users\someo\.m2\repository\org\apache\httpcomponents\client5\httpclient5\5.2.1\httpclient5-5.2.1.jar;C:\Users\someo\.m2\repository\org\apache\httpcomponents\core5\httpcore5\5.2\httpcore5-5.2.jar;C:\Users\someo\.m2\repository\org\apache\httpcomponents\core5\httpcore5-h2\5.2\httpcore5-h2-5.2.jar;"/>
    <property name="sun.cpu.endian" value="little"/>
    <property name="user.home" value="C:\Users\someo"/>
    <property name="user.language" value="en"/>
    <property name="java.specification.vendor" value="Oracle Corporation"/>
    <property name="java.version.date" value="2024-07-16"/>
    <property name="java.home" value="C:\Program Files\Eclipse Adoptium\jdk-21.0.4.7-hotspot"/>
    <property name="file.separator" value="\"/>
    <property name="basedir" value="C:\Development\Sources\selenium-cucumber-test"/>
    <property name="java.vm.compressedOopsMode" value="Zero based"/>
    <property name="line.separator" value="&#10;"/>
    <property name="java.vm.specification.vendor" value="Oracle Corporation"/>
    <property name="java.specification.name" value="Java Platform API Specification"/>
    <property name="surefire.real.class.path" value="C:\Users\someo\AppData\Local\Temp\surefire606829944478434214\surefirebooter12712192810724297170.jar"/>
    <property name="user.script" value=""/>
    <property name="sun.management.compiler" value="HotSpot 64-Bit Tiered Compilers"/>
    <property name="java.runtime.version" value="21.0.4+7-LTS"/>
    <property name="user.name" value="USER"/>
    <property name="stdout.encoding" value="Cp1252"/>
    <property name="path.separator" value=";"/>
    <property name="os.version" value="10.0"/>
    <property name="java.runtime.name" value="OpenJDK Runtime Environment"/>
    <property name="file.encoding" value="UTF-8"/>
    <property name="java.vm.name" value="OpenJDK 64-Bit Server VM"/>
    <property name="java.vendor.version" value="Temurin-21.0.4+7"/>
    <property name="localRepository" value="C:\Users\someo\.m2\repository"/>
    <property name="java.vendor.url.bug" value="https://github.com/adoptium/adoptium-support/issues"/>
    <property name="java.io.tmpdir" value="C:\Users\someo\AppData\Local\Temp\"/>
    <property name="java.version" value="21.0.4"/>
    <property name="user.dir" value="C:\Development\Sources\selenium-cucumber-test"/>
    <property name="os.arch" value="amd64"/>
    <property name="java.vm.specification.name" value="Java Virtual Machine Specification"/>
    <property name="sun.os.patch.level" value=""/>
    <property name="native.encoding" value="Cp1252"/>
    <property name="java.library.path" value="C:\Program Files\Eclipse Adoptium\jdk-21.0.4.7-hotspot\bin;C:\WINDOWS\Sun\Java\bin;C:\WINDOWS\system32;C:\WINDOWS;C:\Tools\anaconda3;C:\Tools\anaconda3\Library\mingw-w64\bin;C:\Tools\anaconda3\Library\usr\bin;C:\Tools\anaconda3\Library\bin;C:\Tools\anaconda3\Scripts;C:\Tools\anaconda3\bin;C:\Tools\anaconda3\condabin;C:\Python313\Scripts;C:\Python313;C:\Program Files\NVIDIA GPU Computing Toolkit\CUDA\v12.5\bin;C:\Program Files\NVIDIA GPU Computing Toolkit\CUDA\v12.5\libnvvp;C:\Python312\Scripts;C:\Python312;C:\Program Files\Eclipse Adoptium\jdk-21.0.4.7-hotspot\bin;C:\WINDOWS\system32;C:\WINDOWS;C:\WINDOWS\System32\Wbem;C:\WINDOWS\System32\WindowsPowerShell\v1.0;C:\WINDOWS\System32\OpenSSH;C:\Tools\apache-maven-3.9.8\bin;C:\ProgramData\chocolatey\bin;C:\Program Files\dotnet;C:\Tools\Git\cmd;C:\Program Files\NVIDIA Corporation\Nsight Compute 2024.2.1;C:\Program Files (x86)\NVIDIA Corporation\PhysX\Common;C:\Program Files\NVIDIA Corporation\NVIDIA app\NvDLISR;C:\Users\someo\AppData\Roaming\nvm;C:\Tools\nodejs;C:\Tools\nodejs;C:\Tools\anaconda3;C:\Tools\anaconda3\Scripts;C:\Tools\anaconda3\Library\bin;.;C:\Program Files\Docker\Docker\resources\bin;C:\Users\someo\AppData\Local\Microsoft\WindowsApps;C:\Users\someo\AppData\Local\Programs\Ollama;C:\Users\someo\AppData\Local\Programs\Microsoft VS Code\bin;C:\Users\someo\AppData\Roaming\nvm;C:\Tools\nodejs;C:\Users\someo\AppData\Roaming\npm;."/>
    <property name="java.vm.info" value="mixed mode, sharing"/>
    <property name="stderr.encoding" value="Cp1252"/>
    <property name="java.vendor" value="Eclipse Adoptium"/>
    <property name="java.vm.version" value="21.0.4+7-LTS"/>
    <property name="sun.io.unicode.encoding" value="UnicodeLittle"/>
    <property name="java.class.version" value="65.0"/>
  </properties>
  <testcase name="Execute various test scenarios #1" classname="Generic Application Testing" time="13.977">
    <error message="Condition steps.GenericSteps$$Lambda/0x000002032b3df410 was not fulfilled within 9 seconds." type="org.awaitility.core.ConditionTimeoutException"><![CDATA[org.awaitility.core.ConditionTimeoutException: Condition steps.GenericSteps$$Lambda/0x000002032b3df410 was not fulfilled within 9 seconds.
]]></error>
    <system-out><![CDATA[
Scenario Outline: Execute various test scenarios               # src/test/resources/features/GenericTests.feature:10
19:20:49.640 [pool-2-thread-1] INFO  i.g.bonigarcia.wdm.WebDriverManager - Using chromedriver 134.0.6998.88 (resolved driver for Chrome 134)
19:20:49.684 [pool-2-thread-1] INFO  i.g.bonigarcia.wdm.WebDriverManager - Exporting webdriver.chrome.driver as C:\Users\someo\.cache\selenium\chromedriver\win64\134.0.6998.88\chromedriver.exe
19:20:51.014 [pool-2-thread-1] INFO  o.a.k.c.producer.ProducerConfig - ProducerConfig values: 
	acks = -1
	auto.include.jmx.reporter = true
	batch.size = 16384
	bootstrap.servers = [localhost:9092]
	buffer.memory = 33554432
	client.dns.lookup = use_all_dns_ips
	client.id = producer-1
	compression.type = none
	connections.max.idle.ms = 540000
	delivery.timeout.ms = 120000
	enable.idempotence = true
	interceptor.classes = []
	key.serializer = class org.apache.kafka.common.serialization.StringSerializer
	linger.ms = 0
	max.block.ms = 60000
	max.in.flight.requests.per.connection = 5
	max.request.size = 1048576
	metadata.max.age.ms = 300000
	metadata.max.idle.ms = 300000
	metric.reporters = []
	metrics.num.samples = 2
	metrics.recording.level = INFO
	metrics.sample.window.ms = 30000
	partitioner.adaptive.partitioning.enable = true
	partitioner.availability.timeout.ms = 0
	partitioner.class = null
	partitioner.ignore.keys = false
	receive.buffer.bytes = 32768
	reconnect.backoff.max.ms = 1000
	reconnect.backoff.ms = 50
	request.timeout.ms = 30000
	retries = 2147483647
	retry.backoff.ms = 100
	sasl.client.callback.handler.class = null
	sasl.jaas.config = null
	sasl.kerberos.kinit.cmd = /usr/bin/kinit
	sasl.kerberos.min.time.before.relogin = 60000
	sasl.kerberos.service.name = null
	sasl.kerberos.ticket.renew.jitter = 0.05
	sasl.kerberos.ticket.renew.window.factor = 0.8
	sasl.login.callback.handler.class = null
	sasl.login.class = null
	sasl.login.connect.timeout.ms = null
	sasl.login.read.timeout.ms = null
	sasl.login.refresh.buffer.seconds = 300
	sasl.login.refresh.min.period.seconds = 60
	sasl.login.refresh.window.factor = 0.8
	sasl.login.refresh.window.jitter = 0.05
	sasl.login.retry.backoff.max.ms = 10000
	sasl.login.retry.backoff.ms = 100
	sasl.mechanism = GSSAPI
	sasl.oauthbearer.clock.skew.seconds = 30
	sasl.oauthbearer.expected.audience = null
	sasl.oauthbearer.expected.issuer = null
	sasl.oauthbearer.jwks.endpoint.refresh.ms = 3600000
	sasl.oauthbearer.jwks.endpoint.retry.backoff.max.ms = 10000
	sasl.oauthbearer.jwks.endpoint.retry.backoff.ms = 100
	sasl.oauthbearer.jwks.endpoint.url = null
	sasl.oauthbearer.scope.claim.name = scope
	sasl.oauthbearer.sub.claim.name = sub
	sasl.oauthbearer.token.endpoint.url = null
	security.protocol = PLAINTEXT
	security.providers = null
	send.buffer.bytes = 131072
	socket.connection.setup.timeout.max.ms = 30000
	socket.connection.setup.timeout.ms = 10000
	ssl.cipher.suites = null
	ssl.enabled.protocols = [TLSv1.2, TLSv1.3]
	ssl.endpoint.identification.algorithm = https
	ssl.engine.factory.class = null
	ssl.key.password = null
	ssl.keymanager.algorithm = SunX509
	ssl.keystore.certificate.chain = null
	ssl.keystore.key = null
	ssl.keystore.location = null
	ssl.keystore.password = null
	ssl.keystore.type = JKS
	ssl.protocol = TLSv1.3
	ssl.provider = null
	ssl.secure.random.implementation = null
	ssl.trustmanager.algorithm = PKIX
	ssl.truststore.certificates = null
	ssl.truststore.location = null
	ssl.truststore.password = null
	ssl.truststore.type = JKS
	transaction.timeout.ms = 60000
	transactional.id = null
	value.serializer = class org.apache.kafka.common.serialization.StringSerializer

19:20:51.079 [pool-2-thread-1] INFO  o.a.k.clients.producer.KafkaProducer - [Producer clientId=producer-1] Instantiated an idempotent producer.
19:20:51.107 [pool-2-thread-1] INFO  o.a.kafka.common.utils.AppInfoParser - Kafka version: 3.6.0
19:20:51.107 [pool-2-thread-1] INFO  o.a.kafka.common.utils.AppInfoParser - Kafka commitId: 60e845626d8a465a
19:20:51.107 [pool-2-thread-1] INFO  o.a.kafka.common.utils.AppInfoParser - Kafka startTimeMs: 1742232051106
19:20:51.115 [pool-2-thread-1] INFO  o.a.k.c.consumer.ConsumerConfig - ConsumerConfig values: 
	allow.auto.create.topics = true
	auto.commit.interval.ms = 5000
	auto.include.jmx.reporter = true
	auto.offset.reset = latest
	bootstrap.servers = [localhost:9092]
	check.crcs = true
	client.dns.lookup = use_all_dns_ips
	client.id = consumer-test-group-1
	client.rack = 
	connections.max.idle.ms = 540000
	default.api.timeout.ms = 60000
	enable.auto.commit = true
	exclude.internal.topics = true
	fetch.max.bytes = 52428800
	fetch.max.wait.ms = 500
	fetch.min.bytes = 1
	group.id = test-group
	group.instance.id = null
	heartbeat.interval.ms = 3000
	interceptor.classes = []
	internal.leave.group.on.close = true
	internal.throw.on.fetch.stable.offset.unsupported = false
	isolation.level = read_uncommitted
	key.deserializer = class org.apache.kafka.common.serialization.StringDeserializer
	max.partition.fetch.bytes = 1048576
	max.poll.interval.ms = 300000
	max.poll.records = 500
	metadata.max.age.ms = 300000
	metric.reporters = []
	metrics.num.samples = 2
	metrics.recording.level = INFO
	metrics.sample.window.ms = 30000
	partition.assignment.strategy = [class org.apache.kafka.clients.consumer.RangeAssignor, class org.apache.kafka.clients.consumer.CooperativeStickyAssignor]
	receive.buffer.bytes = 65536
	reconnect.backoff.max.ms = 1000
	reconnect.backoff.ms = 50
	request.timeout.ms = 30000
	retry.backoff.ms = 100
	sasl.client.callback.handler.class = null
	sasl.jaas.config = null
	sasl.kerberos.kinit.cmd = /usr/bin/kinit
	sasl.kerberos.min.time.before.relogin = 60000
	sasl.kerberos.service.name = null
	sasl.kerberos.ticket.renew.jitter = 0.05
	sasl.kerberos.ticket.renew.window.factor = 0.8
	sasl.login.callback.handler.class = null
	sasl.login.class = null
	sasl.login.connect.timeout.ms = null
	sasl.login.read.timeout.ms = null
	sasl.login.refresh.buffer.seconds = 300
	sasl.login.refresh.min.period.seconds = 60
	sasl.login.refresh.window.factor = 0.8
	sasl.login.refresh.window.jitter = 0.05
	sasl.login.retry.backoff.max.ms = 10000
	sasl.login.retry.backoff.ms = 100
	sasl.mechanism = GSSAPI
	sasl.oauthbearer.clock.skew.seconds = 30
	sasl.oauthbearer.expected.audience = null
	sasl.oauthbearer.expected.issuer = null
	sasl.oauthbearer.jwks.endpoint.refresh.ms = 3600000
	sasl.oauthbearer.jwks.endpoint.retry.backoff.max.ms = 10000
	sasl.oauthbearer.jwks.endpoint.retry.backoff.ms = 100
	sasl.oauthbearer.jwks.endpoint.url = null
	sasl.oauthbearer.scope.claim.name = scope
	sasl.oauthbearer.sub.claim.name = sub
	sasl.oauthbearer.token.endpoint.url = null
	security.protocol = PLAINTEXT
	security.providers = null
	send.buffer.bytes = 131072
	session.timeout.ms = 45000
	socket.connection.setup.timeout.max.ms = 30000
	socket.connection.setup.timeout.ms = 10000
	ssl.cipher.suites = null
	ssl.enabled.protocols = [TLSv1.2, TLSv1.3]
	ssl.endpoint.identification.algorithm = https
	ssl.engine.factory.class = null
	ssl.key.password = null
	ssl.keymanager.algorithm = SunX509
	ssl.keystore.certificate.chain = null
	ssl.keystore.key = null
	ssl.keystore.location = null
	ssl.keystore.password = null
	ssl.keystore.type = JKS
	ssl.protocol = TLSv1.3
	ssl.provider = null
	ssl.secure.random.implementation = null
	ssl.trustmanager.algorithm = PKIX
	ssl.truststore.certificates = null
	ssl.truststore.location = null
	ssl.truststore.password = null
	ssl.truststore.type = JKS
	value.deserializer = class org.apache.kafka.common.serialization.StringDeserializer

19:20:51.147 [pool-2-thread-1] INFO  o.a.kafka.common.utils.AppInfoParser - Kafka version: 3.6.0
19:20:51.147 [pool-2-thread-1] INFO  o.a.kafka.common.utils.AppInfoParser - Kafka commitId: 60e845626d8a465a
19:20:51.147 [pool-2-thread-1] INFO  o.a.kafka.common.utils.AppInfoParser - Kafka startTimeMs: 1742232051147
19:20:51.223 [pool-2-thread-1] INFO  steps.GenericSteps - Starting scenario: Execute various test scenarios
19:20:51.268 [kafka-producer-network-thread | producer-1] INFO  o.apache.kafka.clients.NetworkClient - [Producer clientId=producer-1] Node -1 disconnected.
19:20:51.269 [kafka-producer-network-thread | producer-1] WARN  o.apache.kafka.clients.NetworkClient - [Producer clientId=producer-1] Connection to node -1 (localhost/127.0.0.1:9092) could not be established. Broker may not be available.
19:20:51.269 [kafka-producer-network-thread | producer-1] WARN  o.apache.kafka.clients.NetworkClient - [Producer clientId=producer-1] Bootstrap broker localhost:9092 (id: -1 rack: null) disconnected
19:20:51.372 [kafka-producer-network-thread | producer-1] INFO  o.apache.kafka.clients.NetworkClient - [Producer clientId=producer-1] Node -1 disconnected.
19:20:51.372 [kafka-producer-network-thread | producer-1] WARN  o.apache.kafka.clients.NetworkClient - [Producer clientId=producer-1] Connection to node -1 (localhost/127.0.0.1:9092) could not be established. Broker may not be available.
19:20:51.372 [kafka-producer-network-thread | producer-1] WARN  o.apache.kafka.clients.NetworkClient - [Producer clientId=producer-1] Bootstrap broker localhost:9092 (id: -1 rack: null) disconnected
19:20:51.538 [kafka-producer-network-thread | producer-1] INFO  o.apache.kafka.clients.NetworkClient - [Producer clientId=producer-1] Node -1 disconnected.
19:20:51.539 [kafka-producer-network-thread | producer-1] WARN  o.apache.kafka.clients.NetworkClient - [Producer clientId=producer-1] Connection to node -1 (localhost/127.0.0.1:9092) could not be established. Broker may not be available.
19:20:51.539 [kafka-producer-network-thread | producer-1] WARN  o.apache.kafka.clients.NetworkClient - [Producer clientId=producer-1] Bootstrap broker localhost:9092 (id: -1 rack: null) disconnected
19:20:51.765 [kafka-producer-network-thread | producer-1] INFO  o.apache.kafka.clients.NetworkClient - [Producer clientId=producer-1] Node -1 disconnected.
19:20:51.765 [kafka-producer-network-thread | producer-1] WARN  o.apache.kafka.clients.NetworkClient - [Producer clientId=producer-1] Connection to node -1 (localhost/127.0.0.1:9092) could not be established. Broker may not be available.
19:20:51.766 [kafka-producer-network-thread | producer-1] WARN  o.apache.kafka.clients.NetworkClient - [Producer clientId=producer-1] Bootstrap broker localhost:9092 (id: -1 rack: null) disconnected
19:20:52.234 [kafka-producer-network-thread | producer-1] INFO  o.apache.kafka.clients.NetworkClient - [Producer clientId=producer-1] Node -1 disconnected.
19:20:52.235 [kafka-producer-network-thread | producer-1] WARN  o.apache.kafka.clients.NetworkClient - [Producer clientId=producer-1] Connection to node -1 (localhost/127.0.0.1:9092) could not be established. Broker may not be available.
19:20:52.235 [kafka-producer-network-thread | producer-1] WARN  o.apache.kafka.clients.NetworkClient - [Producer clientId=producer-1] Bootstrap broker localhost:9092 (id: -1 rack: null) disconnected
19:20:53.069 [kafka-producer-network-thread | producer-1] INFO  o.apache.kafka.clients.NetworkClient - [Producer clientId=producer-1] Node -1 disconnected.
19:20:53.070 [kafka-producer-network-thread | producer-1] WARN  o.apache.kafka.clients.NetworkClient - [Producer clientId=producer-1] Connection to node -1 (localhost/127.0.0.1:9092) could not be established. Broker may not be available.
19:20:53.070 [kafka-producer-network-thread | producer-1] WARN  o.apache.kafka.clients.NetworkClient - [Producer clientId=producer-1] Bootstrap broker localhost:9092 (id: -1 rack: null) disconnected
19:20:53.369 [awaitility-thread] WARN  steps.GenericSteps - Retry attempt failed
org.openqa.selenium.WebDriverException: unknown error: net::ERR_NAME_NOT_RESOLVED
  (Session info: chrome=134.0.6998.89)
Build info: version: '4.18.1', revision: 'b1d3319b48'
System info: os.name: 'Windows 11', os.arch: 'amd64', os.version: '10.0', java.version: '21.0.4'
Driver info: org.openqa.selenium.chrome.ChromeDriver
Command: [26bbba4981b25ea4d40e98d87c3c2649, get {url=https://dev.example.com/login}]
Capabilities {acceptInsecureCerts: false, browserName: chrome, browserVersion: 134.0.6998.89, chrome: {chromedriverVersion: 134.0.6998.88 (7e3d5c978c6d..., userDataDir: C:\Users\someo\AppData\Loca...}, fedcm:accounts: true, goog:chromeOptions: {debuggerAddress: localhost:60707}, networkConnectionEnabled: false, pageLoadStrategy: normal, platformName: windows, proxy: Proxy(), se:cdp: ws://localhost:60707/devtoo..., se:cdpVersion: 134.0.6998.89, setWindowRect: true, strictFileInteractability: false, timeouts: {implicit: 0, pageLoad: 300000, script: 30000}, unhandledPromptBehavior: dismiss and notify, webauthn:extension:credBlob: true, webauthn:extension:largeBlob: true, webauthn:extension:minPinLength: true, webauthn:extension:prf: true, webauthn:virtualAuthenticators: true}
Session ID: 26bbba4981b25ea4d40e98d87c3c2649
	at java.base/jdk.internal.reflect.DirectConstructorHandleAccessor.newInstance(DirectConstructorHandleAccessor.java:62)
	at java.base/java.lang.reflect.Constructor.newInstanceWithCaller(Constructor.java:502)
	at java.base/java.lang.reflect.Constructor.newInstance(Constructor.java:486)
	at org.openqa.selenium.remote.ErrorCodec.decode(ErrorCodec.java:167)
	at org.openqa.selenium.remote.codec.w3c.W3CHttpResponseCodec.decode(W3CHttpResponseCodec.java:138)
	at org.openqa.selenium.remote.codec.w3c.W3CHttpResponseCodec.decode(W3CHttpResponseCodec.java:50)
	at org.openqa.selenium.remote.HttpCommandExecutor.execute(HttpCommandExecutor.java:190)
	at org.openqa.selenium.remote.service.DriverCommandExecutor.invokeExecute(DriverCommandExecutor.java:216)
	at org.openqa.selenium.remote.service.DriverCommandExecutor.execute(DriverCommandExecutor.java:174)
	at org.openqa.selenium.remote.RemoteWebDriver.execute(RemoteWebDriver.java:519)
	at org.openqa.selenium.remote.RemoteWebDriver.get(RemoteWebDriver.java:301)
	at steps.GenericSteps.lambda$userIsOnPage$1(GenericSteps.java:138)
	at steps.GenericSteps.lambda$executeWithRetry$15(GenericSteps.java:527)
	at org.awaitility.core.CallableCondition$ConditionEvaluationWrapper.eval(CallableCondition.java:99)
	at org.awaitility.core.ConditionAwaiter$ConditionPoller.call(ConditionAwaiter.java:248)
	at org.awaitility.core.ConditionAwaiter$ConditionPoller.call(ConditionAwaiter.java:235)
	at java.base/java.util.concurrent.FutureTask.run(FutureTask.java:317)
	at java.base/java.util.concurrent.ThreadPoolExecutor.runWorker(ThreadPoolExecutor.java:1144)
	at java.base/java.util.concurrent.ThreadPoolExecutor$Worker.run(ThreadPoolExecutor.java:642)
	at java.base/java.lang.Thread.run(Thread.java:1583)
19:20:54.269 [kafka-producer-network-thread | producer-1] INFO  o.apache.kafka.clients.NetworkClient - [Producer clientId=producer-1] Node -1 disconnected.
19:20:54.270 [kafka-producer-network-thread | producer-1] WARN  o.apache.kafka.clients.NetworkClient - [Producer clientId=producer-1] Connection to node -1 (localhost/127.0.0.1:9092) could not be established. Broker may not be available.
19:20:54.270 [kafka-producer-network-thread | producer-1] WARN  o.apache.kafka.clients.NetworkClient - [Producer clientId=producer-1] Bootstrap broker localhost:9092 (id: -1 rack: null) disconnected
19:20:55.410 [kafka-producer-network-thread | producer-1] INFO  o.apache.kafka.clients.NetworkClient - [Producer clientId=producer-1] Node -1 disconnected.
19:20:55.411 [kafka-producer-network-thread | producer-1] WARN  o.apache.kafka.clients.NetworkClient - [Producer clientId=producer-1] Connection to node -1 (localhost/127.0.0.1:9092) could not be established. Broker may not be available.
19:20:55.411 [kafka-producer-network-thread | producer-1] WARN  o.apache.kafka.clients.NetworkClient - [Producer clientId=producer-1] Bootstrap broker localhost:9092 (id: -1 rack: null) disconnected
19:20:55.454 [awaitility-thread] WARN  steps.GenericSteps - Retry attempt failed
org.openqa.selenium.WebDriverException: unknown error: net::ERR_NAME_NOT_RESOLVED
  (Session info: chrome=134.0.6998.89)
Build info: version: '4.18.1', revision: 'b1d3319b48'
System info: os.name: 'Windows 11', os.arch: 'amd64', os.version: '10.0', java.version: '21.0.4'
Driver info: org.openqa.selenium.chrome.ChromeDriver
Command: [26bbba4981b25ea4d40e98d87c3c2649, get {url=https://dev.example.com/login}]
Capabilities {acceptInsecureCerts: false, browserName: chrome, browserVersion: 134.0.6998.89, chrome: {chromedriverVersion: 134.0.6998.88 (7e3d5c978c6d..., userDataDir: C:\Users\someo\AppData\Loca...}, fedcm:accounts: true, goog:chromeOptions: {debuggerAddress: localhost:60707}, networkConnectionEnabled: false, pageLoadStrategy: normal, platformName: windows, proxy: Proxy(), se:cdp: ws://localhost:60707/devtoo..., se:cdpVersion: 134.0.6998.89, setWindowRect: true, strictFileInteractability: false, timeouts: {implicit: 0, pageLoad: 300000, script: 30000}, unhandledPromptBehavior: dismiss and notify, webauthn:extension:credBlob: true, webauthn:extension:largeBlob: true, webauthn:extension:minPinLength: true, webauthn:extension:prf: true, webauthn:virtualAuthenticators: true}
Session ID: 26bbba4981b25ea4d40e98d87c3c2649
	at java.base/jdk.internal.reflect.DirectConstructorHandleAccessor.newInstance(DirectConstructorHandleAccessor.java:62)
	at java.base/java.lang.reflect.Constructor.newInstanceWithCaller(Constructor.java:502)
	at java.base/java.lang.reflect.Constructor.newInstance(Constructor.java:486)
	at org.openqa.selenium.remote.ErrorCodec.decode(ErrorCodec.java:167)
	at org.openqa.selenium.remote.codec.w3c.W3CHttpResponseCodec.decode(W3CHttpResponseCodec.java:138)
	at org.openqa.selenium.remote.codec.w3c.W3CHttpResponseCodec.decode(W3CHttpResponseCodec.java:50)
	at org.openqa.selenium.remote.HttpCommandExecutor.execute(HttpCommandExecutor.java:190)
	at org.openqa.selenium.remote.service.DriverCommandExecutor.invokeExecute(DriverCommandExecutor.java:216)
	at org.openqa.selenium.remote.service.DriverCommandExecutor.execute(DriverCommandExecutor.java:174)
	at org.openqa.selenium.remote.RemoteWebDriver.execute(RemoteWebDriver.java:519)
	at org.openqa.selenium.remote.RemoteWebDriver.get(RemoteWebDriver.java:301)
	at steps.GenericSteps.lambda$userIsOnPage$1(GenericSteps.java:138)
	at steps.GenericSteps.lambda$executeWithRetry$15(GenericSteps.java:527)
	at org.awaitility.core.CallableCondition$ConditionEvaluationWrapper.eval(CallableCondition.java:99)
	at org.awaitility.core.ConditionAwaiter$ConditionPoller.call(ConditionAwaiter.java:248)
	at org.awaitility.core.ConditionAwaiter$ConditionPoller.call(ConditionAwaiter.java:235)
	at java.base/java.util.concurrent.FutureTask.run(FutureTask.java:317)
	at java.base/java.util.concurrent.ThreadPoolExecutor.runWorker(ThreadPoolExecutor.java:1144)
	at java.base/java.util.concurrent.ThreadPoolExecutor$Worker.run(ThreadPoolExecutor.java:642)
	at java.base/java.lang.Thread.run(Thread.java:1583)
19:20:56.304 [kafka-producer-network-thread | producer-1] INFO  o.apache.kafka.clients.NetworkClient - [Producer clientId=producer-1] Node -1 disconnected.
19:20:56.305 [kafka-producer-network-thread | producer-1] WARN  o.apache.kafka.clients.NetworkClient - [Producer clientId=producer-1] Connection to node -1 (localhost/127.0.0.1:9092) could not be established. Broker may not be available.
19:20:56.305 [kafka-producer-network-thread | producer-1] WARN  o.apache.kafka.clients.NetworkClient - [Producer clientId=producer-1] Bootstrap broker localhost:9092 (id: -1 rack: null) disconnected
19:20:57.198 [kafka-producer-network-thread | producer-1] INFO  o.apache.kafka.clients.NetworkClient - [Producer clientId=producer-1] Node -1 disconnected.
19:20:57.199 [kafka-producer-network-thread | producer-1] WARN  o.apache.kafka.clients.NetworkClient - [Producer clientId=producer-1] Connection to node -1 (localhost/127.0.0.1:9092) could not be established. Broker may not be available.
19:20:57.199 [kafka-producer-network-thread | producer-1] WARN  o.apache.kafka.clients.NetworkClient - [Producer clientId=producer-1] Bootstrap broker localhost:9092 (id: -1 rack: null) disconnected
19:20:57.531 [awaitility-thread] WARN  steps.GenericSteps - Retry attempt failed
org.openqa.selenium.WebDriverException: unknown error: net::ERR_NAME_NOT_RESOLVED
  (Session info: chrome=134.0.6998.89)
Build info: version: '4.18.1', revision: 'b1d3319b48'
System info: os.name: 'Windows 11', os.arch: 'amd64', os.version: '10.0', java.version: '21.0.4'
Driver info: org.openqa.selenium.chrome.ChromeDriver
Command: [26bbba4981b25ea4d40e98d87c3c2649, get {url=https://dev.example.com/login}]
Capabilities {acceptInsecureCerts: false, browserName: chrome, browserVersion: 134.0.6998.89, chrome: {chromedriverVersion: 134.0.6998.88 (7e3d5c978c6d..., userDataDir: C:\Users\someo\AppData\Loca...}, fedcm:accounts: true, goog:chromeOptions: {debuggerAddress: localhost:60707}, networkConnectionEnabled: false, pageLoadStrategy: normal, platformName: windows, proxy: Proxy(), se:cdp: ws://localhost:60707/devtoo..., se:cdpVersion: 134.0.6998.89, setWindowRect: true, strictFileInteractability: false, timeouts: {implicit: 0, pageLoad: 300000, script: 30000}, unhandledPromptBehavior: dismiss and notify, webauthn:extension:credBlob: true, webauthn:extension:largeBlob: true, webauthn:extension:minPinLength: true, webauthn:extension:prf: true, webauthn:virtualAuthenticators: true}
Session ID: 26bbba4981b25ea4d40e98d87c3c2649
	at java.base/jdk.internal.reflect.DirectConstructorHandleAccessor.newInstance(DirectConstructorHandleAccessor.java:62)
	at java.base/java.lang.reflect.Constructor.newInstanceWithCaller(Constructor.java:502)
	at java.base/java.lang.reflect.Constructor.newInstance(Constructor.java:486)
	at org.openqa.selenium.remote.ErrorCodec.decode(ErrorCodec.java:167)
	at org.openqa.selenium.remote.codec.w3c.W3CHttpResponseCodec.decode(W3CHttpResponseCodec.java:138)
	at org.openqa.selenium.remote.codec.w3c.W3CHttpResponseCodec.decode(W3CHttpResponseCodec.java:50)
	at org.openqa.selenium.remote.HttpCommandExecutor.execute(HttpCommandExecutor.java:190)
	at org.openqa.selenium.remote.service.DriverCommandExecutor.invokeExecute(DriverCommandExecutor.java:216)
	at org.openqa.selenium.remote.service.DriverCommandExecutor.execute(DriverCommandExecutor.java:174)
	at org.openqa.selenium.remote.RemoteWebDriver.execute(RemoteWebDriver.java:519)
	at org.openqa.selenium.remote.RemoteWebDriver.get(RemoteWebDriver.java:301)
	at steps.GenericSteps.lambda$userIsOnPage$1(GenericSteps.java:138)
	at steps.GenericSteps.lambda$executeWithRetry$15(GenericSteps.java:527)
	at org.awaitility.core.CallableCondition$ConditionEvaluationWrapper.eval(CallableCondition.java:99)
	at org.awaitility.core.ConditionAwaiter$ConditionPoller.call(ConditionAwaiter.java:248)
	at org.awaitility.core.ConditionAwaiter$ConditionPoller.call(ConditionAwaiter.java:235)
	at java.base/java.util.concurrent.FutureTask.run(FutureTask.java:317)
	at java.base/java.util.concurrent.ThreadPoolExecutor.runWorker(ThreadPoolExecutor.java:1144)
	at java.base/java.util.concurrent.ThreadPoolExecutor$Worker.run(ThreadPoolExecutor.java:642)
	at java.base/java.lang.Thread.run(Thread.java:1583)
19:20:58.402 [kafka-producer-network-thread | producer-1] INFO  o.apache.kafka.clients.NetworkClient - [Producer clientId=producer-1] Node -1 disconnected.
19:20:58.402 [kafka-producer-network-thread | producer-1] WARN  o.apache.kafka.clients.NetworkClient - [Producer clientId=producer-1] Connection to node -1 (localhost/127.0.0.1:9092) could not be established. Broker may not be available.
19:20:58.402 [kafka-producer-network-thread | producer-1] WARN  o.apache.kafka.clients.NetworkClient - [Producer clientId=producer-1] Bootstrap broker localhost:9092 (id: -1 rack: null) disconnected
19:20:59.482 [kafka-producer-network-thread | producer-1] INFO  o.apache.kafka.clients.NetworkClient - [Producer clientId=producer-1] Node -1 disconnected.
19:20:59.482 [kafka-producer-network-thread | producer-1] WARN  o.apache.kafka.clients.NetworkClient - [Producer clientId=producer-1] Connection to node -1 (localhost/127.0.0.1:9092) could not be established. Broker may not be available.
19:20:59.482 [kafka-producer-network-thread | producer-1] WARN  o.apache.kafka.clients.NetworkClient - [Producer clientId=producer-1] Bootstrap broker localhost:9092 (id: -1 rack: null) disconnected
19:20:59.630 [awaitility-thread] WARN  steps.GenericSteps - Retry attempt failed
org.openqa.selenium.WebDriverException: unknown error: net::ERR_NAME_NOT_RESOLVED
  (Session info: chrome=134.0.6998.89)
Build info: version: '4.18.1', revision: 'b1d3319b48'
System info: os.name: 'Windows 11', os.arch: 'amd64', os.version: '10.0', java.version: '21.0.4'
Driver info: org.openqa.selenium.chrome.ChromeDriver
Command: [26bbba4981b25ea4d40e98d87c3c2649, get {url=https://dev.example.com/login}]
Capabilities {acceptInsecureCerts: false, browserName: chrome, browserVersion: 134.0.6998.89, chrome: {chromedriverVersion: 134.0.6998.88 (7e3d5c978c6d..., userDataDir: C:\Users\someo\AppData\Loca...}, fedcm:accounts: true, goog:chromeOptions: {debuggerAddress: localhost:60707}, networkConnectionEnabled: false, pageLoadStrategy: normal, platformName: windows, proxy: Proxy(), se:cdp: ws://localhost:60707/devtoo..., se:cdpVersion: 134.0.6998.89, setWindowRect: true, strictFileInteractability: false, timeouts: {implicit: 0, pageLoad: 300000, script: 30000}, unhandledPromptBehavior: dismiss and notify, webauthn:extension:credBlob: true, webauthn:extension:largeBlob: true, webauthn:extension:minPinLength: true, webauthn:extension:prf: true, webauthn:virtualAuthenticators: true}
Session ID: 26bbba4981b25ea4d40e98d87c3c2649
	at java.base/jdk.internal.reflect.DirectConstructorHandleAccessor.newInstance(DirectConstructorHandleAccessor.java:62)
	at java.base/java.lang.reflect.Constructor.newInstanceWithCaller(Constructor.java:502)
	at java.base/java.lang.reflect.Constructor.newInstance(Constructor.java:486)
	at org.openqa.selenium.remote.ErrorCodec.decode(ErrorCodec.java:167)
	at org.openqa.selenium.remote.codec.w3c.W3CHttpResponseCodec.decode(W3CHttpResponseCodec.java:138)
	at org.openqa.selenium.remote.codec.w3c.W3CHttpResponseCodec.decode(W3CHttpResponseCodec.java:50)
	at org.openqa.selenium.remote.HttpCommandExecutor.execute(HttpCommandExecutor.java:190)
	at org.openqa.selenium.remote.service.DriverCommandExecutor.invokeExecute(DriverCommandExecutor.java:216)
	at org.openqa.selenium.remote.service.DriverCommandExecutor.execute(DriverCommandExecutor.java:174)
	at org.openqa.selenium.remote.RemoteWebDriver.execute(RemoteWebDriver.java:519)
	at org.openqa.selenium.remote.RemoteWebDriver.get(RemoteWebDriver.java:301)
	at steps.GenericSteps.lambda$userIsOnPage$1(GenericSteps.java:138)
	at steps.GenericSteps.lambda$executeWithRetry$15(GenericSteps.java:527)
	at org.awaitility.core.CallableCondition$ConditionEvaluationWrapper.eval(CallableCondition.java:99)
	at org.awaitility.core.ConditionAwaiter$ConditionPoller.call(ConditionAwaiter.java:248)
	at org.awaitility.core.ConditionAwaiter$ConditionPoller.call(ConditionAwaiter.java:235)
	at java.base/java.util.concurrent.FutureTask.run(FutureTask.java:317)
	at java.base/java.util.concurrent.ThreadPoolExecutor.runWorker(ThreadPoolExecutor.java:1144)
	at java.base/java.util.concurrent.ThreadPoolExecutor$Worker.run(ThreadPoolExecutor.java:642)
	at java.base/java.lang.Thread.run(Thread.java:1583)
19:21:00.623 [kafka-producer-network-thread | producer-1] INFO  o.apache.kafka.clients.NetworkClient - [Producer clientId=producer-1] Node -1 disconnected.
19:21:00.624 [kafka-producer-network-thread | producer-1] WARN  o.apache.kafka.clients.NetworkClient - [Producer clientId=producer-1] Connection to node -1 (localhost/127.0.0.1:9092) could not be established. Broker may not be available.
19:21:00.624 [kafka-producer-network-thread | producer-1] WARN  o.apache.kafka.clients.NetworkClient - [Producer clientId=producer-1] Bootstrap broker localhost:9092 (id: -1 rack: null) disconnected
19:21:01.513 [kafka-producer-network-thread | producer-1] INFO  o.apache.kafka.clients.NetworkClient - [Producer clientId=producer-1] Node -1 disconnected.
19:21:01.514 [kafka-producer-network-thread | producer-1] WARN  o.apache.kafka.clients.NetworkClient - [Producer clientId=producer-1] Connection to node -1 (localhost/127.0.0.1:9092) could not be established. Broker may not be available.
19:21:01.514 [kafka-producer-network-thread | producer-1] WARN  o.apache.kafka.clients.NetworkClient - [Producer clientId=producer-1] Bootstrap broker localhost:9092 (id: -1 rack: null) disconnected
  Given user is on the "login" page                            # steps.GenericSteps.userIsOnPage(java.lang.String)
      org.awaitility.core.ConditionTimeoutException: Condition steps.GenericSteps$$Lambda/0x000002032b3df410 was not fulfilled within 9 seconds.
	at org.awaitility.core.ConditionAwaiter.await(ConditionAwaiter.java:167)
	at org.awaitility.core.CallableCondition.await(CallableCondition.java:78)
	at org.awaitility.core.CallableCondition.await(CallableCondition.java:26)
	at org.awaitility.core.ConditionFactory.until(ConditionFactory.java:985)
	at org.awaitility.core.ConditionFactory.until(ConditionFactory.java:954)
	at steps.GenericSteps.executeWithRetry(GenericSteps.java:525)
	at steps.GenericSteps.userIsOnPage(GenericSteps.java:136)
	at ✽.user is on the "login" page(file:///C:/Development/Sources/selenium-cucumber-test/src/test/resources/features/GenericTests.feature:4)

  When user executes test "user_journey"                       # steps.GenericSteps.userExecutesTest(java.lang.String)
  Then results match expected outcomes for test "user_journey" # steps.GenericSteps.resultsMatchExpected(java.lang.String)

    Embedding failure-screenshot [image/png 43413 bytes]

19:21:01.760 [pool-2-thread-1] ERROR steps.GenericSteps - Scenario failed, screenshot attached
19:21:02.407 [kafka-producer-network-thread | producer-1] INFO  o.apache.kafka.clients.NetworkClient - [Producer clientId=producer-1] Node -1 disconnected.
19:21:02.408 [kafka-producer-network-thread | producer-1] WARN  o.apache.kafka.clients.NetworkClient - [Producer clientId=producer-1] Connection to node -1 (localhost/127.0.0.1:9092) could not be established. Broker may not be available.
19:21:02.408 [kafka-producer-network-thread | producer-1] WARN  o.apache.kafka.clients.NetworkClient - [Producer clientId=producer-1] Bootstrap broker localhost:9092 (id: -1 rack: null) disconnected
19:21:03.332 [pool-2-thread-1] INFO  o.a.k.clients.producer.KafkaProducer - [Producer clientId=producer-1] Closing the Kafka producer with timeoutMillis = 9223372036854775807 ms.
19:21:03.334 [pool-2-thread-1] INFO  o.a.kafka.common.metrics.Metrics - Metrics scheduler closed
19:21:03.334 [pool-2-thread-1] INFO  o.a.kafka.common.metrics.Metrics - Closing reporter org.apache.kafka.common.metrics.JmxReporter
19:21:03.334 [pool-2-thread-1] INFO  o.a.kafka.common.metrics.Metrics - Metrics reporters closed
19:21:03.335 [pool-2-thread-1] INFO  o.a.kafka.common.utils.AppInfoParser - App info kafka.producer for producer-1 unregistered
19:21:03.336 [pool-2-thread-1] INFO  o.a.k.c.c.i.ConsumerCoordinator - [Consumer clientId=consumer-test-group-1, groupId=test-group] Resetting generation and member id due to: consumer pro-actively leaving the group
19:21:03.336 [pool-2-thread-1] INFO  o.a.k.c.c.i.ConsumerCoordinator - [Consumer clientId=consumer-test-group-1, groupId=test-group] Request joining group due to: consumer pro-actively leaving the group
19:21:03.337 [pool-2-thread-1] INFO  o.a.kafka.common.metrics.Metrics - Metrics scheduler closed
19:21:03.338 [pool-2-thread-1] INFO  o.a.kafka.common.metrics.Metrics - Closing reporter org.apache.kafka.common.metrics.JmxReporter
19:21:03.338 [pool-2-thread-1] INFO  o.a.kafka.common.metrics.Metrics - Metrics reporters closed
19:21:03.338 [pool-2-thread-1] INFO  o.a.kafka.common.utils.AppInfoParser - App info kafka.consumer for consumer-test-group-1 unregistered
]]></system-out>
    <system-err><![CDATA[Mar 17, 2025 7:20:50 PM org.openqa.selenium.devtools.CdpVersionFinder findNearestMatch
WARNING: Unable to find CDP implementation matching 134
Mar 17, 2025 7:20:50 PM org.openqa.selenium.chromium.ChromiumDriver lambda$new$5
WARNING: Unable to find version of CDP to use for 134.0.6998.89. You may need to include a dependency on a specific version of the CDP using something similar to `org.seleniumhq.selenium:selenium-devtools-v86:4.18.1` where the version ("v86") matches the version of the chromium-based browser you're using and the version number of the artifact is the same as Selenium's.
]]></system-err>
  </testcase>
  <testcase name="Execute various test scenarios #2" classname="Generic Application Testing" time="13.366">
    <error message="Condition steps.GenericSteps$$Lambda/0x000002032b3df410 was not fulfilled within 9 seconds." type="org.awaitility.core.ConditionTimeoutException"><![CDATA[org.awaitility.core.ConditionTimeoutException: Condition steps.GenericSteps$$Lambda/0x000002032b3df410 was not fulfilled within 9 seconds.
]]></error>
    <system-out><![CDATA[
Scenario Outline: Execute various test scenarios                    # src/test/resources/features/GenericTests.feature:11
19:21:03.348 [pool-2-thread-1] INFO  i.g.bonigarcia.wdm.WebDriverManager - Using chromedriver 134.0.6998.88 (resolved driver for Chrome 134)
19:21:03.350 [pool-2-thread-1] INFO  i.g.bonigarcia.wdm.WebDriverManager - Exporting webdriver.chrome.driver as C:\Users\someo\.cache\selenium\chromedriver\win64\134.0.6998.88\chromedriver.exe
19:21:04.488 [pool-2-thread-1] INFO  o.a.k.c.producer.ProducerConfig - ProducerConfig values: 
	acks = -1
	auto.include.jmx.reporter = true
	batch.size = 16384
	bootstrap.servers = [localhost:9092]
	buffer.memory = 33554432
	client.dns.lookup = use_all_dns_ips
	client.id = producer-2
	compression.type = none
	connections.max.idle.ms = 540000
	delivery.timeout.ms = 120000
	enable.idempotence = true
	interceptor.classes = []
	key.serializer = class org.apache.kafka.common.serialization.StringSerializer
	linger.ms = 0
	max.block.ms = 60000
	max.in.flight.requests.per.connection = 5
	max.request.size = 1048576
	metadata.max.age.ms = 300000
	metadata.max.idle.ms = 300000
	metric.reporters = []
	metrics.num.samples = 2
	metrics.recording.level = INFO
	metrics.sample.window.ms = 30000
	partitioner.adaptive.partitioning.enable = true
	partitioner.availability.timeout.ms = 0
	partitioner.class = null
	partitioner.ignore.keys = false
	receive.buffer.bytes = 32768
	reconnect.backoff.max.ms = 1000
	reconnect.backoff.ms = 50
	request.timeout.ms = 30000
	retries = 2147483647
	retry.backoff.ms = 100
	sasl.client.callback.handler.class = null
	sasl.jaas.config = null
	sasl.kerberos.kinit.cmd = /usr/bin/kinit
	sasl.kerberos.min.time.before.relogin = 60000
	sasl.kerberos.service.name = null
	sasl.kerberos.ticket.renew.jitter = 0.05
	sasl.kerberos.ticket.renew.window.factor = 0.8
	sasl.login.callback.handler.class = null
	sasl.login.class = null
	sasl.login.connect.timeout.ms = null
	sasl.login.read.timeout.ms = null
	sasl.login.refresh.buffer.seconds = 300
	sasl.login.refresh.min.period.seconds = 60
	sasl.login.refresh.window.factor = 0.8
	sasl.login.refresh.window.jitter = 0.05
	sasl.login.retry.backoff.max.ms = 10000
	sasl.login.retry.backoff.ms = 100
	sasl.mechanism = GSSAPI
	sasl.oauthbearer.clock.skew.seconds = 30
	sasl.oauthbearer.expected.audience = null
	sasl.oauthbearer.expected.issuer = null
	sasl.oauthbearer.jwks.endpoint.refresh.ms = 3600000
	sasl.oauthbearer.jwks.endpoint.retry.backoff.max.ms = 10000
	sasl.oauthbearer.jwks.endpoint.retry.backoff.ms = 100
	sasl.oauthbearer.jwks.endpoint.url = null
	sasl.oauthbearer.scope.claim.name = scope
	sasl.oauthbearer.sub.claim.name = sub
	sasl.oauthbearer.token.endpoint.url = null
	security.protocol = PLAINTEXT
	security.providers = null
	send.buffer.bytes = 131072
	socket.connection.setup.timeout.max.ms = 30000
	socket.connection.setup.timeout.ms = 10000
	ssl.cipher.suites = null
	ssl.enabled.protocols = [TLSv1.2, TLSv1.3]
	ssl.endpoint.identification.algorithm = https
	ssl.engine.factory.class = null
	ssl.key.password = null
	ssl.keymanager.algorithm = SunX509
	ssl.keystore.certificate.chain = null
	ssl.keystore.key = null
	ssl.keystore.location = null
	ssl.keystore.password = null
	ssl.keystore.type = JKS
	ssl.protocol = TLSv1.3
	ssl.provider = null
	ssl.secure.random.implementation = null
	ssl.trustmanager.algorithm = PKIX
	ssl.truststore.certificates = null
	ssl.truststore.location = null
	ssl.truststore.password = null
	ssl.truststore.type = JKS
	transaction.timeout.ms = 60000
	transactional.id = null
	value.serializer = class org.apache.kafka.common.serialization.StringSerializer

19:21:04.489 [pool-2-thread-1] INFO  o.a.k.clients.producer.KafkaProducer - [Producer clientId=producer-2] Instantiated an idempotent producer.
19:21:04.491 [pool-2-thread-1] INFO  o.a.kafka.common.utils.AppInfoParser - Kafka version: 3.6.0
19:21:04.491 [pool-2-thread-1] INFO  o.a.kafka.common.utils.AppInfoParser - Kafka commitId: 60e845626d8a465a
19:21:04.491 [pool-2-thread-1] INFO  o.a.kafka.common.utils.AppInfoParser - Kafka startTimeMs: 1742232064491
19:21:04.491 [pool-2-thread-1] INFO  o.a.k.c.consumer.ConsumerConfig - ConsumerConfig values: 
	allow.auto.create.topics = true
	auto.commit.interval.ms = 5000
	auto.include.jmx.reporter = true
	auto.offset.reset = latest
	bootstrap.servers = [localhost:9092]
	check.crcs = true
	client.dns.lookup = use_all_dns_ips
	client.id = consumer-test-group-2
	client.rack = 
	connections.max.idle.ms = 540000
	default.api.timeout.ms = 60000
	enable.auto.commit = true
	exclude.internal.topics = true
	fetch.max.bytes = 52428800
	fetch.max.wait.ms = 500
	fetch.min.bytes = 1
	group.id = test-group
	group.instance.id = null
	heartbeat.interval.ms = 3000
	interceptor.classes = []
	internal.leave.group.on.close = true
	internal.throw.on.fetch.stable.offset.unsupported = false
	isolation.level = read_uncommitted
	key.deserializer = class org.apache.kafka.common.serialization.StringDeserializer
	max.partition.fetch.bytes = 1048576
	max.poll.interval.ms = 300000
	max.poll.records = 500
	metadata.max.age.ms = 300000
	metric.reporters = []
	metrics.num.samples = 2
	metrics.recording.level = INFO
	metrics.sample.window.ms = 30000
	partition.assignment.strategy = [class org.apache.kafka.clients.consumer.RangeAssignor, class org.apache.kafka.clients.consumer.CooperativeStickyAssignor]
	receive.buffer.bytes = 65536
	reconnect.backoff.max.ms = 1000
	reconnect.backoff.ms = 50
	request.timeout.ms = 30000
	retry.backoff.ms = 100
	sasl.client.callback.handler.class = null
	sasl.jaas.config = null
	sasl.kerberos.kinit.cmd = /usr/bin/kinit
	sasl.kerberos.min.time.before.relogin = 60000
	sasl.kerberos.service.name = null
	sasl.kerberos.ticket.renew.jitter = 0.05
	sasl.kerberos.ticket.renew.window.factor = 0.8
	sasl.login.callback.handler.class = null
	sasl.login.class = null
	sasl.login.connect.timeout.ms = null
	sasl.login.read.timeout.ms = null
	sasl.login.refresh.buffer.seconds = 300
	sasl.login.refresh.min.period.seconds = 60
	sasl.login.refresh.window.factor = 0.8
	sasl.login.refresh.window.jitter = 0.05
	sasl.login.retry.backoff.max.ms = 10000
	sasl.login.retry.backoff.ms = 100
	sasl.mechanism = GSSAPI
	sasl.oauthbearer.clock.skew.seconds = 30
	sasl.oauthbearer.expected.audience = null
	sasl.oauthbearer.expected.issuer = null
	sasl.oauthbearer.jwks.endpoint.refresh.ms = 3600000
	sasl.oauthbearer.jwks.endpoint.retry.backoff.max.ms = 10000
	sasl.oauthbearer.jwks.endpoint.retry.backoff.ms = 100
	sasl.oauthbearer.jwks.endpoint.url = null
	sasl.oauthbearer.scope.claim.name = scope
	sasl.oauthbearer.sub.claim.name = sub
	sasl.oauthbearer.token.endpoint.url = null
	security.protocol = PLAINTEXT
	security.providers = null
	send.buffer.bytes = 131072
	session.timeout.ms = 45000
	socket.connection.setup.timeout.max.ms = 30000
	socket.connection.setup.timeout.ms = 10000
	ssl.cipher.suites = null
	ssl.enabled.protocols = [TLSv1.2, TLSv1.3]
	ssl.endpoint.identification.algorithm = https
	ssl.engine.factory.class = null
	ssl.key.password = null
	ssl.keymanager.algorithm = SunX509
	ssl.keystore.certificate.chain = null
	ssl.keystore.key = null
	ssl.keystore.location = null
	ssl.keystore.password = null
	ssl.keystore.type = JKS
	ssl.protocol = TLSv1.3
	ssl.provider = null
	ssl.secure.random.implementation = null
	ssl.trustmanager.algorithm = PKIX
	ssl.truststore.certificates = null
	ssl.truststore.location = null
	ssl.truststore.password = null
	ssl.truststore.type = JKS
	value.deserializer = class org.apache.kafka.common.serialization.StringDeserializer

19:21:04.492 [kafka-producer-network-thread | producer-2] INFO  o.apache.kafka.clients.NetworkClient - [Producer clientId=producer-2] Node -1 disconnected.
19:21:04.492 [kafka-producer-network-thread | producer-2] WARN  o.apache.kafka.clients.NetworkClient - [Producer clientId=producer-2] Connection to node -1 (localhost/127.0.0.1:9092) could not be established. Broker may not be available.
19:21:04.492 [kafka-producer-network-thread | producer-2] WARN  o.apache.kafka.clients.NetworkClient - [Producer clientId=producer-2] Bootstrap broker localhost:9092 (id: -1 rack: null) disconnected
19:21:04.494 [pool-2-thread-1] INFO  o.a.kafka.common.utils.AppInfoParser - Kafka version: 3.6.0
19:21:04.494 [pool-2-thread-1] INFO  o.a.kafka.common.utils.AppInfoParser - Kafka commitId: 60e845626d8a465a
19:21:04.494 [pool-2-thread-1] INFO  o.a.kafka.common.utils.AppInfoParser - Kafka startTimeMs: 1742232064494
19:21:04.494 [pool-2-thread-1] INFO  steps.GenericSteps - Starting scenario: Execute various test scenarios
19:21:04.605 [kafka-producer-network-thread | producer-2] INFO  o.apache.kafka.clients.NetworkClient - [Producer clientId=producer-2] Node -1 disconnected.
19:21:04.605 [kafka-producer-network-thread | producer-2] WARN  o.apache.kafka.clients.NetworkClient - [Producer clientId=producer-2] Connection to node -1 (localhost/127.0.0.1:9092) could not be established. Broker may not be available.
19:21:04.605 [kafka-producer-network-thread | producer-2] WARN  o.apache.kafka.clients.NetworkClient - [Producer clientId=producer-2] Bootstrap broker localhost:9092 (id: -1 rack: null) disconnected
19:21:04.711 [kafka-producer-network-thread | producer-2] INFO  o.apache.kafka.clients.NetworkClient - [Producer clientId=producer-2] Node -1 disconnected.
19:21:04.711 [kafka-producer-network-thread | producer-2] WARN  o.apache.kafka.clients.NetworkClient - [Producer clientId=producer-2] Connection to node -1 (localhost/127.0.0.1:9092) could not be established. Broker may not be available.
19:21:04.711 [kafka-producer-network-thread | producer-2] WARN  o.apache.kafka.clients.NetworkClient - [Producer clientId=producer-2] Bootstrap broker localhost:9092 (id: -1 rack: null) disconnected
19:21:04.940 [kafka-producer-network-thread | producer-2] INFO  o.apache.kafka.clients.NetworkClient - [Producer clientId=producer-2] Node -1 disconnected.
19:21:04.940 [kafka-producer-network-thread | producer-2] WARN  o.apache.kafka.clients.NetworkClient - [Producer clientId=producer-2] Connection to node -1 (localhost/127.0.0.1:9092) could not be established. Broker may not be available.
19:21:04.940 [kafka-producer-network-thread | producer-2] WARN  o.apache.kafka.clients.NetworkClient - [Producer clientId=producer-2] Bootstrap broker localhost:9092 (id: -1 rack: null) disconnected
19:21:05.285 [kafka-producer-network-thread | producer-2] INFO  o.apache.kafka.clients.NetworkClient - [Producer clientId=producer-2] Node -1 disconnected.
19:21:05.285 [kafka-producer-network-thread | producer-2] WARN  o.apache.kafka.clients.NetworkClient - [Producer clientId=producer-2] Connection to node -1 (localhost/127.0.0.1:9092) could not be established. Broker may not be available.
19:21:05.285 [kafka-producer-network-thread | producer-2] WARN  o.apache.kafka.clients.NetworkClient - [Producer clientId=producer-2] Bootstrap broker localhost:9092 (id: -1 rack: null) disconnected
19:21:06.117 [kafka-producer-network-thread | producer-2] INFO  o.apache.kafka.clients.NetworkClient - [Producer clientId=producer-2] Node -1 disconnected.
19:21:06.118 [kafka-producer-network-thread | producer-2] WARN  o.apache.kafka.clients.NetworkClient - [Producer clientId=producer-2] Connection to node -1 (localhost/127.0.0.1:9092) could not be established. Broker may not be available.
19:21:06.118 [kafka-producer-network-thread | producer-2] WARN  o.apache.kafka.clients.NetworkClient - [Producer clientId=producer-2] Bootstrap broker localhost:9092 (id: -1 rack: null) disconnected
19:21:06.610 [awaitility-thread] WARN  steps.GenericSteps - Retry attempt failed
org.openqa.selenium.WebDriverException: unknown error: net::ERR_NAME_NOT_RESOLVED
  (Session info: chrome=134.0.6998.89)
Build info: version: '4.18.1', revision: 'b1d3319b48'
System info: os.name: 'Windows 11', os.arch: 'amd64', os.version: '10.0', java.version: '21.0.4'
Driver info: org.openqa.selenium.chrome.ChromeDriver
Command: [7e3d0c70503ebee21c9440720ee6467d, get {url=https://dev.example.com/login}]
Capabilities {acceptInsecureCerts: false, browserName: chrome, browserVersion: 134.0.6998.89, chrome: {chromedriverVersion: 134.0.6998.88 (7e3d5c978c6d..., userDataDir: C:\Users\someo\AppData\Loca...}, fedcm:accounts: true, goog:chromeOptions: {debuggerAddress: localhost:60777}, networkConnectionEnabled: false, pageLoadStrategy: normal, platformName: windows, proxy: Proxy(), se:cdp: ws://localhost:60777/devtoo..., se:cdpVersion: 134.0.6998.89, setWindowRect: true, strictFileInteractability: false, timeouts: {implicit: 0, pageLoad: 300000, script: 30000}, unhandledPromptBehavior: dismiss and notify, webauthn:extension:credBlob: true, webauthn:extension:largeBlob: true, webauthn:extension:minPinLength: true, webauthn:extension:prf: true, webauthn:virtualAuthenticators: true}
Session ID: 7e3d0c70503ebee21c9440720ee6467d
	at java.base/jdk.internal.reflect.DirectConstructorHandleAccessor.newInstance(DirectConstructorHandleAccessor.java:62)
	at java.base/java.lang.reflect.Constructor.newInstanceWithCaller(Constructor.java:502)
	at java.base/java.lang.reflect.Constructor.newInstance(Constructor.java:486)
	at org.openqa.selenium.remote.ErrorCodec.decode(ErrorCodec.java:167)
	at org.openqa.selenium.remote.codec.w3c.W3CHttpResponseCodec.decode(W3CHttpResponseCodec.java:138)
	at org.openqa.selenium.remote.codec.w3c.W3CHttpResponseCodec.decode(W3CHttpResponseCodec.java:50)
	at org.openqa.selenium.remote.HttpCommandExecutor.execute(HttpCommandExecutor.java:190)
	at org.openqa.selenium.remote.service.DriverCommandExecutor.invokeExecute(DriverCommandExecutor.java:216)
	at org.openqa.selenium.remote.service.DriverCommandExecutor.execute(DriverCommandExecutor.java:174)
	at org.openqa.selenium.remote.RemoteWebDriver.execute(RemoteWebDriver.java:519)
	at org.openqa.selenium.remote.RemoteWebDriver.get(RemoteWebDriver.java:301)
	at steps.GenericSteps.lambda$userIsOnPage$1(GenericSteps.java:138)
	at steps.GenericSteps.lambda$executeWithRetry$15(GenericSteps.java:527)
	at org.awaitility.core.CallableCondition$ConditionEvaluationWrapper.eval(CallableCondition.java:99)
	at org.awaitility.core.ConditionAwaiter$ConditionPoller.call(ConditionAwaiter.java:248)
	at org.awaitility.core.ConditionAwaiter$ConditionPoller.call(ConditionAwaiter.java:235)
	at java.base/java.util.concurrent.FutureTask.run(FutureTask.java:317)
	at java.base/java.util.concurrent.ThreadPoolExecutor.runWorker(ThreadPoolExecutor.java:1144)
	at java.base/java.util.concurrent.ThreadPoolExecutor$Worker.run(ThreadPoolExecutor.java:642)
	at java.base/java.lang.Thread.run(Thread.java:1583)
19:21:07.258 [kafka-producer-network-thread | producer-2] INFO  o.apache.kafka.clients.NetworkClient - [Producer clientId=producer-2] Node -1 disconnected.
19:21:07.258 [kafka-producer-network-thread | producer-2] WARN  o.apache.kafka.clients.NetworkClient - [Producer clientId=producer-2] Connection to node -1 (localhost/127.0.0.1:9092) could not be established. Broker may not be available.
19:21:07.258 [kafka-producer-network-thread | producer-2] WARN  o.apache.kafka.clients.NetworkClient - [Producer clientId=producer-2] Bootstrap broker localhost:9092 (id: -1 rack: null) disconnected
19:21:08.396 [kafka-producer-network-thread | producer-2] INFO  o.apache.kafka.clients.NetworkClient - [Producer clientId=producer-2] Node -1 disconnected.
19:21:08.397 [kafka-producer-network-thread | producer-2] WARN  o.apache.kafka.clients.NetworkClient - [Producer clientId=producer-2] Connection to node -1 (localhost/127.0.0.1:9092) could not be established. Broker may not be available.
19:21:08.397 [kafka-producer-network-thread | producer-2] WARN  o.apache.kafka.clients.NetworkClient - [Producer clientId=producer-2] Bootstrap broker localhost:9092 (id: -1 rack: null) disconnected
19:21:08.703 [awaitility-thread] WARN  steps.GenericSteps - Retry attempt failed
org.openqa.selenium.WebDriverException: unknown error: net::ERR_NAME_NOT_RESOLVED
  (Session info: chrome=134.0.6998.89)
Build info: version: '4.18.1', revision: 'b1d3319b48'
System info: os.name: 'Windows 11', os.arch: 'amd64', os.version: '10.0', java.version: '21.0.4'
Driver info: org.openqa.selenium.chrome.ChromeDriver
Command: [7e3d0c70503ebee21c9440720ee6467d, get {url=https://dev.example.com/login}]
Capabilities {acceptInsecureCerts: false, browserName: chrome, browserVersion: 134.0.6998.89, chrome: {chromedriverVersion: 134.0.6998.88 (7e3d5c978c6d..., userDataDir: C:\Users\someo\AppData\Loca...}, fedcm:accounts: true, goog:chromeOptions: {debuggerAddress: localhost:60777}, networkConnectionEnabled: false, pageLoadStrategy: normal, platformName: windows, proxy: Proxy(), se:cdp: ws://localhost:60777/devtoo..., se:cdpVersion: 134.0.6998.89, setWindowRect: true, strictFileInteractability: false, timeouts: {implicit: 0, pageLoad: 300000, script: 30000}, unhandledPromptBehavior: dismiss and notify, webauthn:extension:credBlob: true, webauthn:extension:largeBlob: true, webauthn:extension:minPinLength: true, webauthn:extension:prf: true, webauthn:virtualAuthenticators: true}
Session ID: 7e3d0c70503ebee21c9440720ee6467d
	at java.base/jdk.internal.reflect.DirectConstructorHandleAccessor.newInstance(DirectConstructorHandleAccessor.java:62)
	at java.base/java.lang.reflect.Constructor.newInstanceWithCaller(Constructor.java:502)
	at java.base/java.lang.reflect.Constructor.newInstance(Constructor.java:486)
	at org.openqa.selenium.remote.ErrorCodec.decode(ErrorCodec.java:167)
	at org.openqa.selenium.remote.codec.w3c.W3CHttpResponseCodec.decode(W3CHttpResponseCodec.java:138)
	at org.openqa.selenium.remote.codec.w3c.W3CHttpResponseCodec.decode(W3CHttpResponseCodec.java:50)
	at org.openqa.selenium.remote.HttpCommandExecutor.execute(HttpCommandExecutor.java:190)
	at org.openqa.selenium.remote.service.DriverCommandExecutor.invokeExecute(DriverCommandExecutor.java:216)
	at org.openqa.selenium.remote.service.DriverCommandExecutor.execute(DriverCommandExecutor.java:174)
	at org.openqa.selenium.remote.RemoteWebDriver.execute(RemoteWebDriver.java:519)
	at org.openqa.selenium.remote.RemoteWebDriver.get(RemoteWebDriver.java:301)
	at steps.GenericSteps.lambda$userIsOnPage$1(GenericSteps.java:138)
	at steps.GenericSteps.lambda$executeWithRetry$15(GenericSteps.java:527)
	at org.awaitility.core.CallableCondition$ConditionEvaluationWrapper.eval(CallableCondition.java:99)
	at org.awaitility.core.ConditionAwaiter$ConditionPoller.call(ConditionAwaiter.java:248)
	at org.awaitility.core.ConditionAwaiter$ConditionPoller.call(ConditionAwaiter.java:235)
	at java.base/java.util.concurrent.FutureTask.run(FutureTask.java:317)
	at java.base/java.util.concurrent.ThreadPoolExecutor.runWorker(ThreadPoolExecutor.java:1144)
	at java.base/java.util.concurrent.ThreadPoolExecutor$Worker.run(ThreadPoolExecutor.java:642)
	at java.base/java.lang.Thread.run(Thread.java:1583)
19:21:09.595 [kafka-producer-network-thread | producer-2] INFO  o.apache.kafka.clients.NetworkClient - [Producer clientId=producer-2] Node -1 disconnected.
19:21:09.595 [kafka-producer-network-thread | producer-2] WARN  o.apache.kafka.clients.NetworkClient - [Producer clientId=producer-2] Connection to node -1 (localhost/127.0.0.1:9092) could not be established. Broker may not be available.
19:21:09.595 [kafka-producer-network-thread | producer-2] WARN  o.apache.kafka.clients.NetworkClient - [Producer clientId=producer-2] Bootstrap broker localhost:9092 (id: -1 rack: null) disconnected
19:21:10.492 [kafka-producer-network-thread | producer-2] INFO  o.apache.kafka.clients.NetworkClient - [Producer clientId=producer-2] Node -1 disconnected.
19:21:10.492 [kafka-producer-network-thread | producer-2] WARN  o.apache.kafka.clients.NetworkClient - [Producer clientId=producer-2] Connection to node -1 (localhost/127.0.0.1:9092) could not be established. Broker may not be available.
19:21:10.492 [kafka-producer-network-thread | producer-2] WARN  o.apache.kafka.clients.NetworkClient - [Producer clientId=producer-2] Bootstrap broker localhost:9092 (id: -1 rack: null) disconnected
19:21:10.773 [awaitility-thread] WARN  steps.GenericSteps - Retry attempt failed
org.openqa.selenium.WebDriverException: unknown error: net::ERR_NAME_NOT_RESOLVED
  (Session info: chrome=134.0.6998.89)
Build info: version: '4.18.1', revision: 'b1d3319b48'
System info: os.name: 'Windows 11', os.arch: 'amd64', os.version: '10.0', java.version: '21.0.4'
Driver info: org.openqa.selenium.chrome.ChromeDriver
Command: [7e3d0c70503ebee21c9440720ee6467d, get {url=https://dev.example.com/login}]
Capabilities {acceptInsecureCerts: false, browserName: chrome, browserVersion: 134.0.6998.89, chrome: {chromedriverVersion: 134.0.6998.88 (7e3d5c978c6d..., userDataDir: C:\Users\someo\AppData\Loca...}, fedcm:accounts: true, goog:chromeOptions: {debuggerAddress: localhost:60777}, networkConnectionEnabled: false, pageLoadStrategy: normal, platformName: windows, proxy: Proxy(), se:cdp: ws://localhost:60777/devtoo..., se:cdpVersion: 134.0.6998.89, setWindowRect: true, strictFileInteractability: false, timeouts: {implicit: 0, pageLoad: 300000, script: 30000}, unhandledPromptBehavior: dismiss and notify, webauthn:extension:credBlob: true, webauthn:extension:largeBlob: true, webauthn:extension:minPinLength: true, webauthn:extension:prf: true, webauthn:virtualAuthenticators: true}
Session ID: 7e3d0c70503ebee21c9440720ee6467d
	at java.base/jdk.internal.reflect.DirectConstructorHandleAccessor.newInstance(DirectConstructorHandleAccessor.java:62)
	at java.base/java.lang.reflect.Constructor.newInstanceWithCaller(Constructor.java:502)
	at java.base/java.lang.reflect.Constructor.newInstance(Constructor.java:486)
	at org.openqa.selenium.remote.ErrorCodec.decode(ErrorCodec.java:167)
	at org.openqa.selenium.remote.codec.w3c.W3CHttpResponseCodec.decode(W3CHttpResponseCodec.java:138)
	at org.openqa.selenium.remote.codec.w3c.W3CHttpResponseCodec.decode(W3CHttpResponseCodec.java:50)
	at org.openqa.selenium.remote.HttpCommandExecutor.execute(HttpCommandExecutor.java:190)
	at org.openqa.selenium.remote.service.DriverCommandExecutor.invokeExecute(DriverCommandExecutor.java:216)
	at org.openqa.selenium.remote.service.DriverCommandExecutor.execute(DriverCommandExecutor.java:174)
	at org.openqa.selenium.remote.RemoteWebDriver.execute(RemoteWebDriver.java:519)
	at org.openqa.selenium.remote.RemoteWebDriver.get(RemoteWebDriver.java:301)
	at steps.GenericSteps.lambda$userIsOnPage$1(GenericSteps.java:138)
	at steps.GenericSteps.lambda$executeWithRetry$15(GenericSteps.java:527)
	at org.awaitility.core.CallableCondition$ConditionEvaluationWrapper.eval(CallableCondition.java:99)
	at org.awaitility.core.ConditionAwaiter$ConditionPoller.call(ConditionAwaiter.java:248)
	at org.awaitility.core.ConditionAwaiter$ConditionPoller.call(ConditionAwaiter.java:235)
	at java.base/java.util.concurrent.FutureTask.run(FutureTask.java:317)
	at java.base/java.util.concurrent.ThreadPoolExecutor.runWorker(ThreadPoolExecutor.java:1144)
	at java.base/java.util.concurrent.ThreadPoolExecutor$Worker.run(ThreadPoolExecutor.java:642)
	at java.base/java.lang.Thread.run(Thread.java:1583)
19:21:11.510 [kafka-producer-network-thread | producer-2] INFO  o.apache.kafka.clients.NetworkClient - [Producer clientId=producer-2] Node -1 disconnected.
19:21:11.511 [kafka-producer-network-thread | producer-2] WARN  o.apache.kafka.clients.NetworkClient - [Producer clientId=producer-2] Connection to node -1 (localhost/127.0.0.1:9092) could not be established. Broker may not be available.
19:21:11.511 [kafka-producer-network-thread | producer-2] WARN  o.apache.kafka.clients.NetworkClient - [Producer clientId=producer-2] Bootstrap broker localhost:9092 (id: -1 rack: null) disconnected
19:21:12.649 [kafka-producer-network-thread | producer-2] INFO  o.apache.kafka.clients.NetworkClient - [Producer clientId=producer-2] Node -1 disconnected.
19:21:12.650 [kafka-producer-network-thread | producer-2] WARN  o.apache.kafka.clients.NetworkClient - [Producer clientId=producer-2] Connection to node -1 (localhost/127.0.0.1:9092) could not be established. Broker may not be available.
19:21:12.650 [kafka-producer-network-thread | producer-2] WARN  o.apache.kafka.clients.NetworkClient - [Producer clientId=producer-2] Bootstrap broker localhost:9092 (id: -1 rack: null) disconnected
19:21:12.867 [awaitility-thread] WARN  steps.GenericSteps - Retry attempt failed
org.openqa.selenium.WebDriverException: unknown error: net::ERR_NAME_NOT_RESOLVED
  (Session info: chrome=134.0.6998.89)
Build info: version: '4.18.1', revision: 'b1d3319b48'
System info: os.name: 'Windows 11', os.arch: 'amd64', os.version: '10.0', java.version: '21.0.4'
Driver info: org.openqa.selenium.chrome.ChromeDriver
Command: [7e3d0c70503ebee21c9440720ee6467d, get {url=https://dev.example.com/login}]
Capabilities {acceptInsecureCerts: false, browserName: chrome, browserVersion: 134.0.6998.89, chrome: {chromedriverVersion: 134.0.6998.88 (7e3d5c978c6d..., userDataDir: C:\Users\someo\AppData\Loca...}, fedcm:accounts: true, goog:chromeOptions: {debuggerAddress: localhost:60777}, networkConnectionEnabled: false, pageLoadStrategy: normal, platformName: windows, proxy: Proxy(), se:cdp: ws://localhost:60777/devtoo..., se:cdpVersion: 134.0.6998.89, setWindowRect: true, strictFileInteractability: false, timeouts: {implicit: 0, pageLoad: 300000, script: 30000}, unhandledPromptBehavior: dismiss and notify, webauthn:extension:credBlob: true, webauthn:extension:largeBlob: true, webauthn:extension:minPinLength: true, webauthn:extension:prf: true, webauthn:virtualAuthenticators: true}
Session ID: 7e3d0c70503ebee21c9440720ee6467d
	at java.base/jdk.internal.reflect.DirectConstructorHandleAccessor.newInstance(DirectConstructorHandleAccessor.java:62)
	at java.base/java.lang.reflect.Constructor.newInstanceWithCaller(Constructor.java:502)
	at java.base/java.lang.reflect.Constructor.newInstance(Constructor.java:486)
	at org.openqa.selenium.remote.ErrorCodec.decode(ErrorCodec.java:167)
	at org.openqa.selenium.remote.codec.w3c.W3CHttpResponseCodec.decode(W3CHttpResponseCodec.java:138)
	at org.openqa.selenium.remote.codec.w3c.W3CHttpResponseCodec.decode(W3CHttpResponseCodec.java:50)
	at org.openqa.selenium.remote.HttpCommandExecutor.execute(HttpCommandExecutor.java:190)
	at org.openqa.selenium.remote.service.DriverCommandExecutor.invokeExecute(DriverCommandExecutor.java:216)
	at org.openqa.selenium.remote.service.DriverCommandExecutor.execute(DriverCommandExecutor.java:174)
	at org.openqa.selenium.remote.RemoteWebDriver.execute(RemoteWebDriver.java:519)
	at org.openqa.selenium.remote.RemoteWebDriver.get(RemoteWebDriver.java:301)
	at steps.GenericSteps.lambda$userIsOnPage$1(GenericSteps.java:138)
	at steps.GenericSteps.lambda$executeWithRetry$15(GenericSteps.java:527)
	at org.awaitility.core.CallableCondition$ConditionEvaluationWrapper.eval(CallableCondition.java:99)
	at org.awaitility.core.ConditionAwaiter$ConditionPoller.call(ConditionAwaiter.java:248)
	at org.awaitility.core.ConditionAwaiter$ConditionPoller.call(ConditionAwaiter.java:235)
	at java.base/java.util.concurrent.FutureTask.run(FutureTask.java:317)
	at java.base/java.util.concurrent.ThreadPoolExecutor.runWorker(ThreadPoolExecutor.java:1144)
	at java.base/java.util.concurrent.ThreadPoolExecutor$Worker.run(ThreadPoolExecutor.java:642)
	at java.base/java.lang.Thread.run(Thread.java:1583)
19:21:13.544 [kafka-producer-network-thread | producer-2] INFO  o.apache.kafka.clients.NetworkClient - [Producer clientId=producer-2] Node -1 disconnected.
19:21:13.544 [kafka-producer-network-thread | producer-2] WARN  o.apache.kafka.clients.NetworkClient - [Producer clientId=producer-2] Connection to node -1 (localhost/127.0.0.1:9092) could not be established. Broker may not be available.
19:21:13.544 [kafka-producer-network-thread | producer-2] WARN  o.apache.kafka.clients.NetworkClient - [Producer clientId=producer-2] Bootstrap broker localhost:9092 (id: -1 rack: null) disconnected
19:21:14.501 [kafka-producer-network-thread | producer-2] INFO  o.apache.kafka.clients.NetworkClient - [Producer clientId=producer-2] Node -1 disconnected.
19:21:14.502 [kafka-producer-network-thread | producer-2] WARN  o.apache.kafka.clients.NetworkClient - [Producer clientId=producer-2] Connection to node -1 (localhost/127.0.0.1:9092) could not be established. Broker may not be available.
19:21:14.502 [kafka-producer-network-thread | producer-2] WARN  o.apache.kafka.clients.NetworkClient - [Producer clientId=producer-2] Bootstrap broker localhost:9092 (id: -1 rack: null) disconnected
  Given user is on the "login" page                                 # steps.GenericSteps.userIsOnPage(java.lang.String)
      org.awaitility.core.ConditionTimeoutException: Condition steps.GenericSteps$$Lambda/0x000002032b3df410 was not fulfilled within 9 seconds.
	at org.awaitility.core.ConditionAwaiter.await(ConditionAwaiter.java:167)
	at org.awaitility.core.CallableCondition.await(CallableCondition.java:78)
	at org.awaitility.core.CallableCondition.await(CallableCondition.java:26)
	at org.awaitility.core.ConditionFactory.until(ConditionFactory.java:985)
	at org.awaitility.core.ConditionFactory.until(ConditionFactory.java:954)
	at steps.GenericSteps.executeWithRetry(GenericSteps.java:525)
	at steps.GenericSteps.userIsOnPage(GenericSteps.java:136)
	at ✽.user is on the "login" page(file:///C:/Development/Sources/selenium-cucumber-test/src/test/resources/features/GenericTests.feature:4)

  When user executes test "login_multi_users"                       # steps.GenericSteps.userExecutesTest(java.lang.String)
  Then results match expected outcomes for test "login_multi_users" # steps.GenericSteps.resultsMatchExpected(java.lang.String)

    Embedding failure-screenshot [image/png 43413 bytes]

19:21:15.064 [pool-2-thread-1] ERROR steps.GenericSteps - Scenario failed, screenshot attached
19:21:15.644 [kafka-producer-network-thread | producer-2] INFO  o.apache.kafka.clients.NetworkClient - [Producer clientId=producer-2] Node -1 disconnected.
19:21:15.644 [kafka-producer-network-thread | producer-2] WARN  o.apache.kafka.clients.NetworkClient - [Producer clientId=producer-2] Connection to node -1 (localhost/127.0.0.1:9092) could not be established. Broker may not be available.
19:21:15.644 [kafka-producer-network-thread | producer-2] WARN  o.apache.kafka.clients.NetworkClient - [Producer clientId=producer-2] Bootstrap broker localhost:9092 (id: -1 rack: null) disconnected
19:21:16.544 [kafka-producer-network-thread | producer-2] INFO  o.apache.kafka.clients.NetworkClient - [Producer clientId=producer-2] Node -1 disconnected.
19:21:16.545 [kafka-producer-network-thread | producer-2] WARN  o.apache.kafka.clients.NetworkClient - [Producer clientId=producer-2] Connection to node -1 (localhost/127.0.0.1:9092) could not be established. Broker may not be available.
19:21:16.545 [kafka-producer-network-thread | producer-2] WARN  o.apache.kafka.clients.NetworkClient - [Producer clientId=producer-2] Bootstrap broker localhost:9092 (id: -1 rack: null) disconnected
19:21:16.705 [pool-2-thread-1] INFO  o.a.k.clients.producer.KafkaProducer - [Producer clientId=producer-2] Closing the Kafka producer with timeoutMillis = 9223372036854775807 ms.
19:21:16.706 [pool-2-thread-1] INFO  o.a.kafka.common.metrics.Metrics - Metrics scheduler closed
19:21:16.706 [pool-2-thread-1] INFO  o.a.kafka.common.metrics.Metrics - Closing reporter org.apache.kafka.common.metrics.JmxReporter
19:21:16.706 [pool-2-thread-1] INFO  o.a.kafka.common.metrics.Metrics - Metrics reporters closed
19:21:16.706 [pool-2-thread-1] INFO  o.a.kafka.common.utils.AppInfoParser - App info kafka.producer for producer-2 unregistered
19:21:16.706 [pool-2-thread-1] INFO  o.a.k.c.c.i.ConsumerCoordinator - [Consumer clientId=consumer-test-group-2, groupId=test-group] Resetting generation and member id due to: consumer pro-actively leaving the group
19:21:16.706 [pool-2-thread-1] INFO  o.a.k.c.c.i.ConsumerCoordinator - [Consumer clientId=consumer-test-group-2, groupId=test-group] Request joining group due to: consumer pro-actively leaving the group
19:21:16.706 [pool-2-thread-1] INFO  o.a.kafka.common.metrics.Metrics - Metrics scheduler closed
19:21:16.706 [pool-2-thread-1] INFO  o.a.kafka.common.metrics.Metrics - Closing reporter org.apache.kafka.common.metrics.JmxReporter
19:21:16.706 [pool-2-thread-1] INFO  o.a.kafka.common.metrics.Metrics - Metrics reporters closed
19:21:16.706 [pool-2-thread-1] INFO  o.a.kafka.common.utils.AppInfoParser - App info kafka.consumer for consumer-test-group-2 unregistered
]]></system-out>
    <system-err><![CDATA[Mar 17, 2025 7:21:04 PM org.openqa.selenium.devtools.CdpVersionFinder findNearestMatch
WARNING: Unable to find CDP implementation matching 134
Mar 17, 2025 7:21:04 PM org.openqa.selenium.chromium.ChromiumDriver lambda$new$5
WARNING: Unable to find version of CDP to use for 134.0.6998.89. You may need to include a dependency on a specific version of the CDP using something similar to `org.seleniumhq.selenium:selenium-devtools-v86:4.18.1` where the version ("v86") matches the version of the chromium-based browser you're using and the version number of the artifact is the same as Selenium's.
]]></system-err>
  </testcase>
  <testcase name="Execute various test scenarios #3" classname="Generic Application Testing" time="13.397">
    <error message="Condition steps.GenericSteps$$Lambda/0x000002032b3df410 was not fulfilled within 9 seconds." type="org.awaitility.core.ConditionTimeoutException"><![CDATA[org.awaitility.core.ConditionTimeoutException: Condition steps.GenericSteps$$Lambda/0x000002032b3df410 was not fulfilled within 9 seconds.
]]></error>
    <system-out><![CDATA[
Scenario Outline: Execute various test scenarios                   # src/test/resources/features/GenericTests.feature:12
19:21:16.713 [pool-2-thread-1] INFO  i.g.bonigarcia.wdm.WebDriverManager - Using chromedriver 134.0.6998.88 (resolved driver for Chrome 134)
19:21:16.715 [pool-2-thread-1] INFO  i.g.bonigarcia.wdm.WebDriverManager - Exporting webdriver.chrome.driver as C:\Users\someo\.cache\selenium\chromedriver\win64\134.0.6998.88\chromedriver.exe
19:21:17.912 [pool-2-thread-1] INFO  o.a.k.c.producer.ProducerConfig - ProducerConfig values: 
	acks = -1
	auto.include.jmx.reporter = true
	batch.size = 16384
	bootstrap.servers = [localhost:9092]
	buffer.memory = 33554432
	client.dns.lookup = use_all_dns_ips
	client.id = producer-3
	compression.type = none
	connections.max.idle.ms = 540000
	delivery.timeout.ms = 120000
	enable.idempotence = true
	interceptor.classes = []
	key.serializer = class org.apache.kafka.common.serialization.StringSerializer
	linger.ms = 0
	max.block.ms = 60000
	max.in.flight.requests.per.connection = 5
	max.request.size = 1048576
	metadata.max.age.ms = 300000
	metadata.max.idle.ms = 300000
	metric.reporters = []
	metrics.num.samples = 2
	metrics.recording.level = INFO
	metrics.sample.window.ms = 30000
	partitioner.adaptive.partitioning.enable = true
	partitioner.availability.timeout.ms = 0
	partitioner.class = null
	partitioner.ignore.keys = false
	receive.buffer.bytes = 32768
	reconnect.backoff.max.ms = 1000
	reconnect.backoff.ms = 50
	request.timeout.ms = 30000
	retries = 2147483647
	retry.backoff.ms = 100
	sasl.client.callback.handler.class = null
	sasl.jaas.config = null
	sasl.kerberos.kinit.cmd = /usr/bin/kinit
	sasl.kerberos.min.time.before.relogin = 60000
	sasl.kerberos.service.name = null
	sasl.kerberos.ticket.renew.jitter = 0.05
	sasl.kerberos.ticket.renew.window.factor = 0.8
	sasl.login.callback.handler.class = null
	sasl.login.class = null
	sasl.login.connect.timeout.ms = null
	sasl.login.read.timeout.ms = null
	sasl.login.refresh.buffer.seconds = 300
	sasl.login.refresh.min.period.seconds = 60
	sasl.login.refresh.window.factor = 0.8
	sasl.login.refresh.window.jitter = 0.05
	sasl.login.retry.backoff.max.ms = 10000
	sasl.login.retry.backoff.ms = 100
	sasl.mechanism = GSSAPI
	sasl.oauthbearer.clock.skew.seconds = 30
	sasl.oauthbearer.expected.audience = null
	sasl.oauthbearer.expected.issuer = null
	sasl.oauthbearer.jwks.endpoint.refresh.ms = 3600000
	sasl.oauthbearer.jwks.endpoint.retry.backoff.max.ms = 10000
	sasl.oauthbearer.jwks.endpoint.retry.backoff.ms = 100
	sasl.oauthbearer.jwks.endpoint.url = null
	sasl.oauthbearer.scope.claim.name = scope
	sasl.oauthbearer.sub.claim.name = sub
	sasl.oauthbearer.token.endpoint.url = null
	security.protocol = PLAINTEXT
	security.providers = null
	send.buffer.bytes = 131072
	socket.connection.setup.timeout.max.ms = 30000
	socket.connection.setup.timeout.ms = 10000
	ssl.cipher.suites = null
	ssl.enabled.protocols = [TLSv1.2, TLSv1.3]
	ssl.endpoint.identification.algorithm = https
	ssl.engine.factory.class = null
	ssl.key.password = null
	ssl.keymanager.algorithm = SunX509
	ssl.keystore.certificate.chain = null
	ssl.keystore.key = null
	ssl.keystore.location = null
	ssl.keystore.password = null
	ssl.keystore.type = JKS
	ssl.protocol = TLSv1.3
	ssl.provider = null
	ssl.secure.random.implementation = null
	ssl.trustmanager.algorithm = PKIX
	ssl.truststore.certificates = null
	ssl.truststore.location = null
	ssl.truststore.password = null
	ssl.truststore.type = JKS
	transaction.timeout.ms = 60000
	transactional.id = null
	value.serializer = class org.apache.kafka.common.serialization.StringSerializer

19:21:17.913 [pool-2-thread-1] INFO  o.a.k.clients.producer.KafkaProducer - [Producer clientId=producer-3] Instantiated an idempotent producer.
19:21:17.914 [pool-2-thread-1] INFO  o.a.kafka.common.utils.AppInfoParser - Kafka version: 3.6.0
19:21:17.915 [pool-2-thread-1] INFO  o.a.kafka.common.utils.AppInfoParser - Kafka commitId: 60e845626d8a465a
19:21:17.915 [pool-2-thread-1] INFO  o.a.kafka.common.utils.AppInfoParser - Kafka startTimeMs: 1742232077914
19:21:17.915 [pool-2-thread-1] INFO  o.a.k.c.consumer.ConsumerConfig - ConsumerConfig values: 
	allow.auto.create.topics = true
	auto.commit.interval.ms = 5000
	auto.include.jmx.reporter = true
	auto.offset.reset = latest
	bootstrap.servers = [localhost:9092]
	check.crcs = true
	client.dns.lookup = use_all_dns_ips
	client.id = consumer-test-group-3
	client.rack = 
	connections.max.idle.ms = 540000
	default.api.timeout.ms = 60000
	enable.auto.commit = true
	exclude.internal.topics = true
	fetch.max.bytes = 52428800
	fetch.max.wait.ms = 500
	fetch.min.bytes = 1
	group.id = test-group
	group.instance.id = null
	heartbeat.interval.ms = 3000
	interceptor.classes = []
	internal.leave.group.on.close = true
	internal.throw.on.fetch.stable.offset.unsupported = false
	isolation.level = read_uncommitted
	key.deserializer = class org.apache.kafka.common.serialization.StringDeserializer
	max.partition.fetch.bytes = 1048576
	max.poll.interval.ms = 300000
	max.poll.records = 500
	metadata.max.age.ms = 300000
	metric.reporters = []
	metrics.num.samples = 2
	metrics.recording.level = INFO
	metrics.sample.window.ms = 30000
	partition.assignment.strategy = [class org.apache.kafka.clients.consumer.RangeAssignor, class org.apache.kafka.clients.consumer.CooperativeStickyAssignor]
	receive.buffer.bytes = 65536
	reconnect.backoff.max.ms = 1000
	reconnect.backoff.ms = 50
	request.timeout.ms = 30000
	retry.backoff.ms = 100
	sasl.client.callback.handler.class = null
	sasl.jaas.config = null
	sasl.kerberos.kinit.cmd = /usr/bin/kinit
	sasl.kerberos.min.time.before.relogin = 60000
	sasl.kerberos.service.name = null
	sasl.kerberos.ticket.renew.jitter = 0.05
	sasl.kerberos.ticket.renew.window.factor = 0.8
	sasl.login.callback.handler.class = null
	sasl.login.class = null
	sasl.login.connect.timeout.ms = null
	sasl.login.read.timeout.ms = null
	sasl.login.refresh.buffer.seconds = 300
	sasl.login.refresh.min.period.seconds = 60
	sasl.login.refresh.window.factor = 0.8
	sasl.login.refresh.window.jitter = 0.05
	sasl.login.retry.backoff.max.ms = 10000
	sasl.login.retry.backoff.ms = 100
	sasl.mechanism = GSSAPI
	sasl.oauthbearer.clock.skew.seconds = 30
	sasl.oauthbearer.expected.audience = null
	sasl.oauthbearer.expected.issuer = null
	sasl.oauthbearer.jwks.endpoint.refresh.ms = 3600000
	sasl.oauthbearer.jwks.endpoint.retry.backoff.max.ms = 10000
	sasl.oauthbearer.jwks.endpoint.retry.backoff.ms = 100
	sasl.oauthbearer.jwks.endpoint.url = null
	sasl.oauthbearer.scope.claim.name = scope
	sasl.oauthbearer.sub.claim.name = sub
	sasl.oauthbearer.token.endpoint.url = null
	security.protocol = PLAINTEXT
	security.providers = null
	send.buffer.bytes = 131072
	session.timeout.ms = 45000
	socket.connection.setup.timeout.max.ms = 30000
	socket.connection.setup.timeout.ms = 10000
	ssl.cipher.suites = null
	ssl.enabled.protocols = [TLSv1.2, TLSv1.3]
	ssl.endpoint.identification.algorithm = https
	ssl.engine.factory.class = null
	ssl.key.password = null
	ssl.keymanager.algorithm = SunX509
	ssl.keystore.certificate.chain = null
	ssl.keystore.key = null
	ssl.keystore.location = null
	ssl.keystore.password = null
	ssl.keystore.type = JKS
	ssl.protocol = TLSv1.3
	ssl.provider = null
	ssl.secure.random.implementation = null
	ssl.trustmanager.algorithm = PKIX
	ssl.truststore.certificates = null
	ssl.truststore.location = null
	ssl.truststore.password = null
	ssl.truststore.type = JKS
	value.deserializer = class org.apache.kafka.common.serialization.StringDeserializer

19:21:17.916 [kafka-producer-network-thread | producer-3] INFO  o.apache.kafka.clients.NetworkClient - [Producer clientId=producer-3] Node -1 disconnected.
19:21:17.916 [kafka-producer-network-thread | producer-3] WARN  o.apache.kafka.clients.NetworkClient - [Producer clientId=producer-3] Connection to node -1 (localhost/127.0.0.1:9092) could not be established. Broker may not be available.
19:21:17.916 [kafka-producer-network-thread | producer-3] WARN  o.apache.kafka.clients.NetworkClient - [Producer clientId=producer-3] Bootstrap broker localhost:9092 (id: -1 rack: null) disconnected
19:21:17.916 [pool-2-thread-1] INFO  o.a.kafka.common.utils.AppInfoParser - Kafka version: 3.6.0
19:21:17.916 [pool-2-thread-1] INFO  o.a.kafka.common.utils.AppInfoParser - Kafka commitId: 60e845626d8a465a
19:21:17.916 [pool-2-thread-1] INFO  o.a.kafka.common.utils.AppInfoParser - Kafka startTimeMs: 1742232077916
19:21:17.917 [pool-2-thread-1] INFO  steps.GenericSteps - Starting scenario: Execute various test scenarios
19:21:18.029 [kafka-producer-network-thread | producer-3] INFO  o.apache.kafka.clients.NetworkClient - [Producer clientId=producer-3] Node -1 disconnected.
19:21:18.030 [kafka-producer-network-thread | producer-3] WARN  o.apache.kafka.clients.NetworkClient - [Producer clientId=producer-3] Connection to node -1 (localhost/127.0.0.1:9092) could not be established. Broker may not be available.
19:21:18.030 [kafka-producer-network-thread | producer-3] WARN  o.apache.kafka.clients.NetworkClient - [Producer clientId=producer-3] Bootstrap broker localhost:9092 (id: -1 rack: null) disconnected
19:21:18.196 [kafka-producer-network-thread | producer-3] INFO  o.apache.kafka.clients.NetworkClient - [Producer clientId=producer-3] Node -1 disconnected.
19:21:18.197 [kafka-producer-network-thread | producer-3] WARN  o.apache.kafka.clients.NetworkClient - [Producer clientId=producer-3] Connection to node -1 (localhost/127.0.0.1:9092) could not be established. Broker may not be available.
19:21:18.197 [kafka-producer-network-thread | producer-3] WARN  o.apache.kafka.clients.NetworkClient - [Producer clientId=producer-3] Bootstrap broker localhost:9092 (id: -1 rack: null) disconnected
19:21:18.425 [kafka-producer-network-thread | producer-3] INFO  o.apache.kafka.clients.NetworkClient - [Producer clientId=producer-3] Node -1 disconnected.
19:21:18.425 [kafka-producer-network-thread | producer-3] WARN  o.apache.kafka.clients.NetworkClient - [Producer clientId=producer-3] Connection to node -1 (localhost/127.0.0.1:9092) could not be established. Broker may not be available.
19:21:18.425 [kafka-producer-network-thread | producer-3] WARN  o.apache.kafka.clients.NetworkClient - [Producer clientId=producer-3] Bootstrap broker localhost:9092 (id: -1 rack: null) disconnected
19:21:18.900 [kafka-producer-network-thread | producer-3] INFO  o.apache.kafka.clients.NetworkClient - [Producer clientId=producer-3] Node -1 disconnected.
19:21:18.900 [kafka-producer-network-thread | producer-3] WARN  o.apache.kafka.clients.NetworkClient - [Producer clientId=producer-3] Connection to node -1 (localhost/127.0.0.1:9092) could not be established. Broker may not be available.
19:21:18.900 [kafka-producer-network-thread | producer-3] WARN  o.apache.kafka.clients.NetworkClient - [Producer clientId=producer-3] Bootstrap broker localhost:9092 (id: -1 rack: null) disconnected
19:21:19.741 [kafka-producer-network-thread | producer-3] INFO  o.apache.kafka.clients.NetworkClient - [Producer clientId=producer-3] Node -1 disconnected.
19:21:19.741 [kafka-producer-network-thread | producer-3] WARN  o.apache.kafka.clients.NetworkClient - [Producer clientId=producer-3] Connection to node -1 (localhost/127.0.0.1:9092) could not be established. Broker may not be available.
19:21:19.741 [kafka-producer-network-thread | producer-3] WARN  o.apache.kafka.clients.NetworkClient - [Producer clientId=producer-3] Bootstrap broker localhost:9092 (id: -1 rack: null) disconnected
19:21:20.057 [awaitility-thread] WARN  steps.GenericSteps - Retry attempt failed
org.openqa.selenium.WebDriverException: unknown error: net::ERR_NAME_NOT_RESOLVED
  (Session info: chrome=134.0.6998.89)
Build info: version: '4.18.1', revision: 'b1d3319b48'
System info: os.name: 'Windows 11', os.arch: 'amd64', os.version: '10.0', java.version: '21.0.4'
Driver info: org.openqa.selenium.chrome.ChromeDriver
Command: [43dc4a96f6aee5d975c179b5805ba83e, get {url=https://dev.example.com/login}]
Capabilities {acceptInsecureCerts: false, browserName: chrome, browserVersion: 134.0.6998.89, chrome: {chromedriverVersion: 134.0.6998.88 (7e3d5c978c6d..., userDataDir: C:\Users\someo\AppData\Loca...}, fedcm:accounts: true, goog:chromeOptions: {debuggerAddress: localhost:60862}, networkConnectionEnabled: false, pageLoadStrategy: normal, platformName: windows, proxy: Proxy(), se:cdp: ws://localhost:60862/devtoo..., se:cdpVersion: 134.0.6998.89, setWindowRect: true, strictFileInteractability: false, timeouts: {implicit: 0, pageLoad: 300000, script: 30000}, unhandledPromptBehavior: dismiss and notify, webauthn:extension:credBlob: true, webauthn:extension:largeBlob: true, webauthn:extension:minPinLength: true, webauthn:extension:prf: true, webauthn:virtualAuthenticators: true}
Session ID: 43dc4a96f6aee5d975c179b5805ba83e
	at java.base/jdk.internal.reflect.DirectConstructorHandleAccessor.newInstance(DirectConstructorHandleAccessor.java:62)
	at java.base/java.lang.reflect.Constructor.newInstanceWithCaller(Constructor.java:502)
	at java.base/java.lang.reflect.Constructor.newInstance(Constructor.java:486)
	at org.openqa.selenium.remote.ErrorCodec.decode(ErrorCodec.java:167)
	at org.openqa.selenium.remote.codec.w3c.W3CHttpResponseCodec.decode(W3CHttpResponseCodec.java:138)
	at org.openqa.selenium.remote.codec.w3c.W3CHttpResponseCodec.decode(W3CHttpResponseCodec.java:50)
	at org.openqa.selenium.remote.HttpCommandExecutor.execute(HttpCommandExecutor.java:190)
	at org.openqa.selenium.remote.service.DriverCommandExecutor.invokeExecute(DriverCommandExecutor.java:216)
	at org.openqa.selenium.remote.service.DriverCommandExecutor.execute(DriverCommandExecutor.java:174)
	at org.openqa.selenium.remote.RemoteWebDriver.execute(RemoteWebDriver.java:519)
	at org.openqa.selenium.remote.RemoteWebDriver.get(RemoteWebDriver.java:301)
	at steps.GenericSteps.lambda$userIsOnPage$1(GenericSteps.java:138)
	at steps.GenericSteps.lambda$executeWithRetry$15(GenericSteps.java:527)
	at org.awaitility.core.CallableCondition$ConditionEvaluationWrapper.eval(CallableCondition.java:99)
	at org.awaitility.core.ConditionAwaiter$ConditionPoller.call(ConditionAwaiter.java:248)
	at org.awaitility.core.ConditionAwaiter$ConditionPoller.call(ConditionAwaiter.java:235)
	at java.base/java.util.concurrent.FutureTask.run(FutureTask.java:317)
	at java.base/java.util.concurrent.ThreadPoolExecutor.runWorker(ThreadPoolExecutor.java:1144)
	at java.base/java.util.concurrent.ThreadPoolExecutor$Worker.run(ThreadPoolExecutor.java:642)
	at java.base/java.lang.Thread.run(Thread.java:1583)
19:21:20.582 [kafka-producer-network-thread | producer-3] INFO  o.apache.kafka.clients.NetworkClient - [Producer clientId=producer-3] Node -1 disconnected.
19:21:20.582 [kafka-producer-network-thread | producer-3] WARN  o.apache.kafka.clients.NetworkClient - [Producer clientId=producer-3] Connection to node -1 (localhost/127.0.0.1:9092) could not be established. Broker may not be available.
19:21:20.582 [kafka-producer-network-thread | producer-3] WARN  o.apache.kafka.clients.NetworkClient - [Producer clientId=producer-3] Bootstrap broker localhost:9092 (id: -1 rack: null) disconnected
19:21:21.726 [kafka-producer-network-thread | producer-3] INFO  o.apache.kafka.clients.NetworkClient - [Producer clientId=producer-3] Node -1 disconnected.
19:21:21.726 [kafka-producer-network-thread | producer-3] WARN  o.apache.kafka.clients.NetworkClient - [Producer clientId=producer-3] Connection to node -1 (localhost/127.0.0.1:9092) could not be established. Broker may not be available.
19:21:21.726 [kafka-producer-network-thread | producer-3] WARN  o.apache.kafka.clients.NetworkClient - [Producer clientId=producer-3] Bootstrap broker localhost:9092 (id: -1 rack: null) disconnected
19:21:22.149 [awaitility-thread] WARN  steps.GenericSteps - Retry attempt failed
org.openqa.selenium.WebDriverException: unknown error: net::ERR_NAME_NOT_RESOLVED
  (Session info: chrome=134.0.6998.89)
Build info: version: '4.18.1', revision: 'b1d3319b48'
System info: os.name: 'Windows 11', os.arch: 'amd64', os.version: '10.0', java.version: '21.0.4'
Driver info: org.openqa.selenium.chrome.ChromeDriver
Command: [43dc4a96f6aee5d975c179b5805ba83e, get {url=https://dev.example.com/login}]
Capabilities {acceptInsecureCerts: false, browserName: chrome, browserVersion: 134.0.6998.89, chrome: {chromedriverVersion: 134.0.6998.88 (7e3d5c978c6d..., userDataDir: C:\Users\someo\AppData\Loca...}, fedcm:accounts: true, goog:chromeOptions: {debuggerAddress: localhost:60862}, networkConnectionEnabled: false, pageLoadStrategy: normal, platformName: windows, proxy: Proxy(), se:cdp: ws://localhost:60862/devtoo..., se:cdpVersion: 134.0.6998.89, setWindowRect: true, strictFileInteractability: false, timeouts: {implicit: 0, pageLoad: 300000, script: 30000}, unhandledPromptBehavior: dismiss and notify, webauthn:extension:credBlob: true, webauthn:extension:largeBlob: true, webauthn:extension:minPinLength: true, webauthn:extension:prf: true, webauthn:virtualAuthenticators: true}
Session ID: 43dc4a96f6aee5d975c179b5805ba83e
	at java.base/jdk.internal.reflect.DirectConstructorHandleAccessor.newInstance(DirectConstructorHandleAccessor.java:62)
	at java.base/java.lang.reflect.Constructor.newInstanceWithCaller(Constructor.java:502)
	at java.base/java.lang.reflect.Constructor.newInstance(Constructor.java:486)
	at org.openqa.selenium.remote.ErrorCodec.decode(ErrorCodec.java:167)
	at org.openqa.selenium.remote.codec.w3c.W3CHttpResponseCodec.decode(W3CHttpResponseCodec.java:138)
	at org.openqa.selenium.remote.codec.w3c.W3CHttpResponseCodec.decode(W3CHttpResponseCodec.java:50)
	at org.openqa.selenium.remote.HttpCommandExecutor.execute(HttpCommandExecutor.java:190)
	at org.openqa.selenium.remote.service.DriverCommandExecutor.invokeExecute(DriverCommandExecutor.java:216)
	at org.openqa.selenium.remote.service.DriverCommandExecutor.execute(DriverCommandExecutor.java:174)
	at org.openqa.selenium.remote.RemoteWebDriver.execute(RemoteWebDriver.java:519)
	at org.openqa.selenium.remote.RemoteWebDriver.get(RemoteWebDriver.java:301)
	at steps.GenericSteps.lambda$userIsOnPage$1(GenericSteps.java:138)
	at steps.GenericSteps.lambda$executeWithRetry$15(GenericSteps.java:527)
	at org.awaitility.core.CallableCondition$ConditionEvaluationWrapper.eval(CallableCondition.java:99)
	at org.awaitility.core.ConditionAwaiter$ConditionPoller.call(ConditionAwaiter.java:248)
	at org.awaitility.core.ConditionAwaiter$ConditionPoller.call(ConditionAwaiter.java:235)
	at java.base/java.util.concurrent.FutureTask.run(FutureTask.java:317)
	at java.base/java.util.concurrent.ThreadPoolExecutor.runWorker(ThreadPoolExecutor.java:1144)
	at java.base/java.util.concurrent.ThreadPoolExecutor$Worker.run(ThreadPoolExecutor.java:642)
	at java.base/java.lang.Thread.run(Thread.java:1583)
19:21:22.866 [kafka-producer-network-thread | producer-3] INFO  o.apache.kafka.clients.NetworkClient - [Producer clientId=producer-3] Node -1 disconnected.
19:21:22.866 [kafka-producer-network-thread | producer-3] WARN  o.apache.kafka.clients.NetworkClient - [Producer clientId=producer-3] Connection to node -1 (localhost/127.0.0.1:9092) could not be established. Broker may not be available.
19:21:22.866 [kafka-producer-network-thread | producer-3] WARN  o.apache.kafka.clients.NetworkClient - [Producer clientId=producer-3] Bootstrap broker localhost:9092 (id: -1 rack: null) disconnected
19:21:23.886 [kafka-producer-network-thread | producer-3] INFO  o.apache.kafka.clients.NetworkClient - [Producer clientId=producer-3] Node -1 disconnected.
19:21:23.887 [kafka-producer-network-thread | producer-3] WARN  o.apache.kafka.clients.NetworkClient - [Producer clientId=producer-3] Connection to node -1 (localhost/127.0.0.1:9092) could not be established. Broker may not be available.
19:21:23.887 [kafka-producer-network-thread | producer-3] WARN  o.apache.kafka.clients.NetworkClient - [Producer clientId=producer-3] Bootstrap broker localhost:9092 (id: -1 rack: null) disconnected
19:21:24.237 [awaitility-thread] WARN  steps.GenericSteps - Retry attempt failed
org.openqa.selenium.WebDriverException: unknown error: net::ERR_NAME_NOT_RESOLVED
  (Session info: chrome=134.0.6998.89)
Build info: version: '4.18.1', revision: 'b1d3319b48'
System info: os.name: 'Windows 11', os.arch: 'amd64', os.version: '10.0', java.version: '21.0.4'
Driver info: org.openqa.selenium.chrome.ChromeDriver
Command: [43dc4a96f6aee5d975c179b5805ba83e, get {url=https://dev.example.com/login}]
Capabilities {acceptInsecureCerts: false, browserName: chrome, browserVersion: 134.0.6998.89, chrome: {chromedriverVersion: 134.0.6998.88 (7e3d5c978c6d..., userDataDir: C:\Users\someo\AppData\Loca...}, fedcm:accounts: true, goog:chromeOptions: {debuggerAddress: localhost:60862}, networkConnectionEnabled: false, pageLoadStrategy: normal, platformName: windows, proxy: Proxy(), se:cdp: ws://localhost:60862/devtoo..., se:cdpVersion: 134.0.6998.89, setWindowRect: true, strictFileInteractability: false, timeouts: {implicit: 0, pageLoad: 300000, script: 30000}, unhandledPromptBehavior: dismiss and notify, webauthn:extension:credBlob: true, webauthn:extension:largeBlob: true, webauthn:extension:minPinLength: true, webauthn:extension:prf: true, webauthn:virtualAuthenticators: true}
Session ID: 43dc4a96f6aee5d975c179b5805ba83e
	at java.base/jdk.internal.reflect.DirectConstructorHandleAccessor.newInstance(DirectConstructorHandleAccessor.java:62)
	at java.base/java.lang.reflect.Constructor.newInstanceWithCaller(Constructor.java:502)
	at java.base/java.lang.reflect.Constructor.newInstance(Constructor.java:486)
	at org.openqa.selenium.remote.ErrorCodec.decode(ErrorCodec.java:167)
	at org.openqa.selenium.remote.codec.w3c.W3CHttpResponseCodec.decode(W3CHttpResponseCodec.java:138)
	at org.openqa.selenium.remote.codec.w3c.W3CHttpResponseCodec.decode(W3CHttpResponseCodec.java:50)
	at org.openqa.selenium.remote.HttpCommandExecutor.execute(HttpCommandExecutor.java:190)
	at org.openqa.selenium.remote.service.DriverCommandExecutor.invokeExecute(DriverCommandExecutor.java:216)
	at org.openqa.selenium.remote.service.DriverCommandExecutor.execute(DriverCommandExecutor.java:174)
	at org.openqa.selenium.remote.RemoteWebDriver.execute(RemoteWebDriver.java:519)
	at org.openqa.selenium.remote.RemoteWebDriver.get(RemoteWebDriver.java:301)
	at steps.GenericSteps.lambda$userIsOnPage$1(GenericSteps.java:138)
	at steps.GenericSteps.lambda$executeWithRetry$15(GenericSteps.java:527)
	at org.awaitility.core.CallableCondition$ConditionEvaluationWrapper.eval(CallableCondition.java:99)
	at org.awaitility.core.ConditionAwaiter$ConditionPoller.call(ConditionAwaiter.java:248)
	at org.awaitility.core.ConditionAwaiter$ConditionPoller.call(ConditionAwaiter.java:235)
	at java.base/java.util.concurrent.FutureTask.run(FutureTask.java:317)
	at java.base/java.util.concurrent.ThreadPoolExecutor.runWorker(ThreadPoolExecutor.java:1144)
	at java.base/java.util.concurrent.ThreadPoolExecutor$Worker.run(ThreadPoolExecutor.java:642)
	at java.base/java.lang.Thread.run(Thread.java:1583)
19:21:25.028 [kafka-producer-network-thread | producer-3] INFO  o.apache.kafka.clients.NetworkClient - [Producer clientId=producer-3] Node -1 disconnected.
19:21:25.028 [kafka-producer-network-thread | producer-3] WARN  o.apache.kafka.clients.NetworkClient - [Producer clientId=producer-3] Connection to node -1 (localhost/127.0.0.1:9092) could not be established. Broker may not be available.
19:21:25.028 [kafka-producer-network-thread | producer-3] WARN  o.apache.kafka.clients.NetworkClient - [Producer clientId=producer-3] Bootstrap broker localhost:9092 (id: -1 rack: null) disconnected
19:21:26.050 [kafka-producer-network-thread | producer-3] INFO  o.apache.kafka.clients.NetworkClient - [Producer clientId=producer-3] Node -1 disconnected.
19:21:26.051 [kafka-producer-network-thread | producer-3] WARN  o.apache.kafka.clients.NetworkClient - [Producer clientId=producer-3] Connection to node -1 (localhost/127.0.0.1:9092) could not be established. Broker may not be available.
19:21:26.051 [kafka-producer-network-thread | producer-3] WARN  o.apache.kafka.clients.NetworkClient - [Producer clientId=producer-3] Bootstrap broker localhost:9092 (id: -1 rack: null) disconnected
19:21:26.334 [awaitility-thread] WARN  steps.GenericSteps - Retry attempt failed
org.openqa.selenium.WebDriverException: unknown error: net::ERR_NAME_NOT_RESOLVED
  (Session info: chrome=134.0.6998.89)
Build info: version: '4.18.1', revision: 'b1d3319b48'
System info: os.name: 'Windows 11', os.arch: 'amd64', os.version: '10.0', java.version: '21.0.4'
Driver info: org.openqa.selenium.chrome.ChromeDriver
Command: [43dc4a96f6aee5d975c179b5805ba83e, get {url=https://dev.example.com/login}]
Capabilities {acceptInsecureCerts: false, browserName: chrome, browserVersion: 134.0.6998.89, chrome: {chromedriverVersion: 134.0.6998.88 (7e3d5c978c6d..., userDataDir: C:\Users\someo\AppData\Loca...}, fedcm:accounts: true, goog:chromeOptions: {debuggerAddress: localhost:60862}, networkConnectionEnabled: false, pageLoadStrategy: normal, platformName: windows, proxy: Proxy(), se:cdp: ws://localhost:60862/devtoo..., se:cdpVersion: 134.0.6998.89, setWindowRect: true, strictFileInteractability: false, timeouts: {implicit: 0, pageLoad: 300000, script: 30000}, unhandledPromptBehavior: dismiss and notify, webauthn:extension:credBlob: true, webauthn:extension:largeBlob: true, webauthn:extension:minPinLength: true, webauthn:extension:prf: true, webauthn:virtualAuthenticators: true}
Session ID: 43dc4a96f6aee5d975c179b5805ba83e
	at java.base/jdk.internal.reflect.DirectConstructorHandleAccessor.newInstance(DirectConstructorHandleAccessor.java:62)
	at java.base/java.lang.reflect.Constructor.newInstanceWithCaller(Constructor.java:502)
	at java.base/java.lang.reflect.Constructor.newInstance(Constructor.java:486)
	at org.openqa.selenium.remote.ErrorCodec.decode(ErrorCodec.java:167)
	at org.openqa.selenium.remote.codec.w3c.W3CHttpResponseCodec.decode(W3CHttpResponseCodec.java:138)
	at org.openqa.selenium.remote.codec.w3c.W3CHttpResponseCodec.decode(W3CHttpResponseCodec.java:50)
	at org.openqa.selenium.remote.HttpCommandExecutor.execute(HttpCommandExecutor.java:190)
	at org.openqa.selenium.remote.service.DriverCommandExecutor.invokeExecute(DriverCommandExecutor.java:216)
	at org.openqa.selenium.remote.service.DriverCommandExecutor.execute(DriverCommandExecutor.java:174)
	at org.openqa.selenium.remote.RemoteWebDriver.execute(RemoteWebDriver.java:519)
	at org.openqa.selenium.remote.RemoteWebDriver.get(RemoteWebDriver.java:301)
	at steps.GenericSteps.lambda$userIsOnPage$1(GenericSteps.java:138)
	at steps.GenericSteps.lambda$executeWithRetry$15(GenericSteps.java:527)
	at org.awaitility.core.CallableCondition$ConditionEvaluationWrapper.eval(CallableCondition.java:99)
	at org.awaitility.core.ConditionAwaiter$ConditionPoller.call(ConditionAwaiter.java:248)
	at org.awaitility.core.ConditionAwaiter$ConditionPoller.call(ConditionAwaiter.java:235)
	at java.base/java.util.concurrent.FutureTask.run(FutureTask.java:317)
	at java.base/java.util.concurrent.ThreadPoolExecutor.runWorker(ThreadPoolExecutor.java:1144)
	at java.base/java.util.concurrent.ThreadPoolExecutor$Worker.run(ThreadPoolExecutor.java:642)
	at java.base/java.lang.Thread.run(Thread.java:1583)
19:21:27.134 [kafka-producer-network-thread | producer-3] INFO  o.apache.kafka.clients.NetworkClient - [Producer clientId=producer-3] Node -1 disconnected.
19:21:27.134 [kafka-producer-network-thread | producer-3] WARN  o.apache.kafka.clients.NetworkClient - [Producer clientId=producer-3] Connection to node -1 (localhost/127.0.0.1:9092) could not be established. Broker may not be available.
19:21:27.134 [kafka-producer-network-thread | producer-3] WARN  o.apache.kafka.clients.NetworkClient - [Producer clientId=producer-3] Bootstrap broker localhost:9092 (id: -1 rack: null) disconnected
19:21:28.212 [kafka-producer-network-thread | producer-3] INFO  o.apache.kafka.clients.NetworkClient - [Producer clientId=producer-3] Node -1 disconnected.
19:21:28.212 [kafka-producer-network-thread | producer-3] WARN  o.apache.kafka.clients.NetworkClient - [Producer clientId=producer-3] Connection to node -1 (localhost/127.0.0.1:9092) could not be established. Broker may not be available.
19:21:28.212 [kafka-producer-network-thread | producer-3] WARN  o.apache.kafka.clients.NetworkClient - [Producer clientId=producer-3] Bootstrap broker localhost:9092 (id: -1 rack: null) disconnected
  Given user is on the "login" page                                # steps.GenericSteps.userIsOnPage(java.lang.String)
      org.awaitility.core.ConditionTimeoutException: Condition steps.GenericSteps$$Lambda/0x000002032b3df410 was not fulfilled within 9 seconds.
	at org.awaitility.core.ConditionAwaiter.await(ConditionAwaiter.java:167)
	at org.awaitility.core.CallableCondition.await(CallableCondition.java:78)
	at org.awaitility.core.CallableCondition.await(CallableCondition.java:26)
	at org.awaitility.core.ConditionFactory.until(ConditionFactory.java:985)
	at org.awaitility.core.ConditionFactory.until(ConditionFactory.java:954)
	at steps.GenericSteps.executeWithRetry(GenericSteps.java:525)
	at steps.GenericSteps.userIsOnPage(GenericSteps.java:136)
	at ✽.user is on the "login" page(file:///C:/Development/Sources/selenium-cucumber-test/src/test/resources/features/GenericTests.feature:4)

  When user executes test "order_processing"                       # steps.GenericSteps.userExecutesTest(java.lang.String)
  Then results match expected outcomes for test "order_processing" # steps.GenericSteps.resultsMatchExpected(java.lang.String)

    Embedding failure-screenshot [image/png 43413 bytes]

19:21:28.490 [pool-2-thread-1] ERROR steps.GenericSteps - Scenario failed, screenshot attached
19:21:29.349 [kafka-producer-network-thread | producer-3] INFO  o.apache.kafka.clients.NetworkClient - [Producer clientId=producer-3] Node -1 disconnected.
19:21:29.349 [kafka-producer-network-thread | producer-3] WARN  o.apache.kafka.clients.NetworkClient - [Producer clientId=producer-3] Connection to node -1 (localhost/127.0.0.1:9092) could not be established. Broker may not be available.
19:21:29.349 [kafka-producer-network-thread | producer-3] WARN  o.apache.kafka.clients.NetworkClient - [Producer clientId=producer-3] Bootstrap broker localhost:9092 (id: -1 rack: null) disconnected
19:21:30.102 [pool-2-thread-1] INFO  o.a.k.clients.producer.KafkaProducer - [Producer clientId=producer-3] Closing the Kafka producer with timeoutMillis = 9223372036854775807 ms.
19:21:30.103 [pool-2-thread-1] INFO  o.a.kafka.common.metrics.Metrics - Metrics scheduler closed
19:21:30.103 [pool-2-thread-1] INFO  o.a.kafka.common.metrics.Metrics - Closing reporter org.apache.kafka.common.metrics.JmxReporter
19:21:30.103 [pool-2-thread-1] INFO  o.a.kafka.common.metrics.Metrics - Metrics reporters closed
19:21:30.103 [pool-2-thread-1] INFO  o.a.kafka.common.utils.AppInfoParser - App info kafka.producer for producer-3 unregistered
19:21:30.103 [pool-2-thread-1] INFO  o.a.k.c.c.i.ConsumerCoordinator - [Consumer clientId=consumer-test-group-3, groupId=test-group] Resetting generation and member id due to: consumer pro-actively leaving the group
19:21:30.103 [pool-2-thread-1] INFO  o.a.k.c.c.i.ConsumerCoordinator - [Consumer clientId=consumer-test-group-3, groupId=test-group] Request joining group due to: consumer pro-actively leaving the group
19:21:30.103 [pool-2-thread-1] INFO  o.a.kafka.common.metrics.Metrics - Metrics scheduler closed
19:21:30.103 [pool-2-thread-1] INFO  o.a.kafka.common.metrics.Metrics - Closing reporter org.apache.kafka.common.metrics.JmxReporter
19:21:30.103 [pool-2-thread-1] INFO  o.a.kafka.common.metrics.Metrics - Metrics reporters closed
19:21:30.104 [pool-2-thread-1] INFO  o.a.kafka.common.utils.AppInfoParser - App info kafka.consumer for consumer-test-group-3 unregistered
]]></system-out>
    <system-err><![CDATA[Mar 17, 2025 7:21:17 PM org.openqa.selenium.devtools.CdpVersionFinder findNearestMatch
WARNING: Unable to find CDP implementation matching 134
Mar 17, 2025 7:21:17 PM org.openqa.selenium.chromium.ChromiumDriver lambda$new$5
WARNING: Unable to find version of CDP to use for 134.0.6998.89. You may need to include a dependency on a specific version of the CDP using something similar to `org.seleniumhq.selenium:selenium-devtools-v86:4.18.1` where the version ("v86") matches the version of the chromium-based browser you're using and the version number of the artifact is the same as Selenium's.
]]></system-err>
  </testcase>
  <testcase name="Execute various test scenarios #4" classname="Generic Application Testing" time="12.076">
    <error message="Condition steps.GenericSteps$$Lambda/0x000002032b3df410 was not fulfilled within 9 seconds." type="org.awaitility.core.ConditionTimeoutException"><![CDATA[org.awaitility.core.ConditionTimeoutException: Condition steps.GenericSteps$$Lambda/0x000002032b3df410 was not fulfilled within 9 seconds.
]]></error>
    <system-out><![CDATA[
Scenario Outline: Execute various test scenarios              # src/test/resources/features/GenericTests.feature:13
19:21:30.110 [pool-2-thread-1] INFO  i.g.bonigarcia.wdm.WebDriverManager - Using chromedriver 134.0.6998.88 (resolved driver for Chrome 134)
19:21:30.112 [pool-2-thread-1] INFO  i.g.bonigarcia.wdm.WebDriverManager - Exporting webdriver.chrome.driver as C:\Users\someo\.cache\selenium\chromedriver\win64\134.0.6998.88\chromedriver.exe
19:21:31.500 [pool-2-thread-1] INFO  o.a.k.c.producer.ProducerConfig - ProducerConfig values: 
	acks = -1
	auto.include.jmx.reporter = true
	batch.size = 16384
	bootstrap.servers = [localhost:9092]
	buffer.memory = 33554432
	client.dns.lookup = use_all_dns_ips
	client.id = producer-4
	compression.type = none
	connections.max.idle.ms = 540000
	delivery.timeout.ms = 120000
	enable.idempotence = true
	interceptor.classes = []
	key.serializer = class org.apache.kafka.common.serialization.StringSerializer
	linger.ms = 0
	max.block.ms = 60000
	max.in.flight.requests.per.connection = 5
	max.request.size = 1048576
	metadata.max.age.ms = 300000
	metadata.max.idle.ms = 300000
	metric.reporters = []
	metrics.num.samples = 2
	metrics.recording.level = INFO
	metrics.sample.window.ms = 30000
	partitioner.adaptive.partitioning.enable = true
	partitioner.availability.timeout.ms = 0
	partitioner.class = null
	partitioner.ignore.keys = false
	receive.buffer.bytes = 32768
	reconnect.backoff.max.ms = 1000
	reconnect.backoff.ms = 50
	request.timeout.ms = 30000
	retries = 2147483647
	retry.backoff.ms = 100
	sasl.client.callback.handler.class = null
	sasl.jaas.config = null
	sasl.kerberos.kinit.cmd = /usr/bin/kinit
	sasl.kerberos.min.time.before.relogin = 60000
	sasl.kerberos.service.name = null
	sasl.kerberos.ticket.renew.jitter = 0.05
	sasl.kerberos.ticket.renew.window.factor = 0.8
	sasl.login.callback.handler.class = null
	sasl.login.class = null
	sasl.login.connect.timeout.ms = null
	sasl.login.read.timeout.ms = null
	sasl.login.refresh.buffer.seconds = 300
	sasl.login.refresh.min.period.seconds = 60
	sasl.login.refresh.window.factor = 0.8
	sasl.login.refresh.window.jitter = 0.05
	sasl.login.retry.backoff.max.ms = 10000
	sasl.login.retry.backoff.ms = 100
	sasl.mechanism = GSSAPI
	sasl.oauthbearer.clock.skew.seconds = 30
	sasl.oauthbearer.expected.audience = null
	sasl.oauthbearer.expected.issuer = null
	sasl.oauthbearer.jwks.endpoint.refresh.ms = 3600000
	sasl.oauthbearer.jwks.endpoint.retry.backoff.max.ms = 10000
	sasl.oauthbearer.jwks.endpoint.retry.backoff.ms = 100
	sasl.oauthbearer.jwks.endpoint.url = null
	sasl.oauthbearer.scope.claim.name = scope
	sasl.oauthbearer.sub.claim.name = sub
	sasl.oauthbearer.token.endpoint.url = null
	security.protocol = PLAINTEXT
	security.providers = null
	send.buffer.bytes = 131072
	socket.connection.setup.timeout.max.ms = 30000
	socket.connection.setup.timeout.ms = 10000
	ssl.cipher.suites = null
	ssl.enabled.protocols = [TLSv1.2, TLSv1.3]
	ssl.endpoint.identification.algorithm = https
	ssl.engine.factory.class = null
	ssl.key.password = null
	ssl.keymanager.algorithm = SunX509
	ssl.keystore.certificate.chain = null
	ssl.keystore.key = null
	ssl.keystore.location = null
	ssl.keystore.password = null
	ssl.keystore.type = JKS
	ssl.protocol = TLSv1.3
	ssl.provider = null
	ssl.secure.random.implementation = null
	ssl.trustmanager.algorithm = PKIX
	ssl.truststore.certificates = null
	ssl.truststore.location = null
	ssl.truststore.password = null
	ssl.truststore.type = JKS
	transaction.timeout.ms = 60000
	transactional.id = null
	value.serializer = class org.apache.kafka.common.serialization.StringSerializer

19:21:31.500 [pool-2-thread-1] INFO  o.a.k.clients.producer.KafkaProducer - [Producer clientId=producer-4] Instantiated an idempotent producer.
19:21:31.502 [pool-2-thread-1] INFO  o.a.kafka.common.utils.AppInfoParser - Kafka version: 3.6.0
19:21:31.502 [pool-2-thread-1] INFO  o.a.kafka.common.utils.AppInfoParser - Kafka commitId: 60e845626d8a465a
19:21:31.502 [pool-2-thread-1] INFO  o.a.kafka.common.utils.AppInfoParser - Kafka startTimeMs: 1742232091502
19:21:31.502 [pool-2-thread-1] INFO  o.a.k.c.consumer.ConsumerConfig - ConsumerConfig values: 
	allow.auto.create.topics = true
	auto.commit.interval.ms = 5000
	auto.include.jmx.reporter = true
	auto.offset.reset = latest
	bootstrap.servers = [localhost:9092]
	check.crcs = true
	client.dns.lookup = use_all_dns_ips
	client.id = consumer-test-group-4
	client.rack = 
	connections.max.idle.ms = 540000
	default.api.timeout.ms = 60000
	enable.auto.commit = true
	exclude.internal.topics = true
	fetch.max.bytes = 52428800
	fetch.max.wait.ms = 500
	fetch.min.bytes = 1
	group.id = test-group
	group.instance.id = null
	heartbeat.interval.ms = 3000
	interceptor.classes = []
	internal.leave.group.on.close = true
	internal.throw.on.fetch.stable.offset.unsupported = false
	isolation.level = read_uncommitted
	key.deserializer = class org.apache.kafka.common.serialization.StringDeserializer
	max.partition.fetch.bytes = 1048576
	max.poll.interval.ms = 300000
	max.poll.records = 500
	metadata.max.age.ms = 300000
	metric.reporters = []
	metrics.num.samples = 2
	metrics.recording.level = INFO
	metrics.sample.window.ms = 30000
	partition.assignment.strategy = [class org.apache.kafka.clients.consumer.RangeAssignor, class org.apache.kafka.clients.consumer.CooperativeStickyAssignor]
	receive.buffer.bytes = 65536
	reconnect.backoff.max.ms = 1000
	reconnect.backoff.ms = 50
	request.timeout.ms = 30000
	retry.backoff.ms = 100
	sasl.client.callback.handler.class = null
	sasl.jaas.config = null
	sasl.kerberos.kinit.cmd = /usr/bin/kinit
	sasl.kerberos.min.time.before.relogin = 60000
	sasl.kerberos.service.name = null
	sasl.kerberos.ticket.renew.jitter = 0.05
	sasl.kerberos.ticket.renew.window.factor = 0.8
	sasl.login.callback.handler.class = null
	sasl.login.class = null
	sasl.login.connect.timeout.ms = null
	sasl.login.read.timeout.ms = null
	sasl.login.refresh.buffer.seconds = 300
	sasl.login.refresh.min.period.seconds = 60
	sasl.login.refresh.window.factor = 0.8
	sasl.login.refresh.window.jitter = 0.05
	sasl.login.retry.backoff.max.ms = 10000
	sasl.login.retry.backoff.ms = 100
	sasl.mechanism = GSSAPI
	sasl.oauthbearer.clock.skew.seconds = 30
	sasl.oauthbearer.expected.audience = null
	sasl.oauthbearer.expected.issuer = null
	sasl.oauthbearer.jwks.endpoint.refresh.ms = 3600000
	sasl.oauthbearer.jwks.endpoint.retry.backoff.max.ms = 10000
	sasl.oauthbearer.jwks.endpoint.retry.backoff.ms = 100
	sasl.oauthbearer.jwks.endpoint.url = null
	sasl.oauthbearer.scope.claim.name = scope
	sasl.oauthbearer.sub.claim.name = sub
	sasl.oauthbearer.token.endpoint.url = null
	security.protocol = PLAINTEXT
	security.providers = null
	send.buffer.bytes = 131072
	session.timeout.ms = 45000
	socket.connection.setup.timeout.max.ms = 30000
	socket.connection.setup.timeout.ms = 10000
	ssl.cipher.suites = null
	ssl.enabled.protocols = [TLSv1.2, TLSv1.3]
	ssl.endpoint.identification.algorithm = https
	ssl.engine.factory.class = null
	ssl.key.password = null
	ssl.keymanager.algorithm = SunX509
	ssl.keystore.certificate.chain = null
	ssl.keystore.key = null
	ssl.keystore.location = null
	ssl.keystore.password = null
	ssl.keystore.type = JKS
	ssl.protocol = TLSv1.3
	ssl.provider = null
	ssl.secure.random.implementation = null
	ssl.trustmanager.algorithm = PKIX
	ssl.truststore.certificates = null
	ssl.truststore.location = null
	ssl.truststore.password = null
	ssl.truststore.type = JKS
	value.deserializer = class org.apache.kafka.common.serialization.StringDeserializer

19:21:31.502 [kafka-producer-network-thread | producer-4] INFO  o.apache.kafka.clients.NetworkClient - [Producer clientId=producer-4] Node -1 disconnected.
19:21:31.502 [kafka-producer-network-thread | producer-4] WARN  o.apache.kafka.clients.NetworkClient - [Producer clientId=producer-4] Connection to node -1 (localhost/127.0.0.1:9092) could not be established. Broker may not be available.
19:21:31.502 [kafka-producer-network-thread | producer-4] WARN  o.apache.kafka.clients.NetworkClient - [Producer clientId=producer-4] Bootstrap broker localhost:9092 (id: -1 rack: null) disconnected
19:21:31.504 [pool-2-thread-1] INFO  o.a.kafka.common.utils.AppInfoParser - Kafka version: 3.6.0
19:21:31.504 [pool-2-thread-1] INFO  o.a.kafka.common.utils.AppInfoParser - Kafka commitId: 60e845626d8a465a
19:21:31.504 [pool-2-thread-1] INFO  o.a.kafka.common.utils.AppInfoParser - Kafka startTimeMs: 1742232091504
19:21:31.504 [pool-2-thread-1] INFO  steps.GenericSteps - Starting scenario: Execute various test scenarios
19:21:31.618 [kafka-producer-network-thread | producer-4] INFO  o.apache.kafka.clients.NetworkClient - [Producer clientId=producer-4] Node -1 disconnected.
19:21:31.618 [kafka-producer-network-thread | producer-4] WARN  o.apache.kafka.clients.NetworkClient - [Producer clientId=producer-4] Connection to node -1 (localhost/127.0.0.1:9092) could not be established. Broker may not be available.
19:21:31.618 [kafka-producer-network-thread | producer-4] WARN  o.apache.kafka.clients.NetworkClient - [Producer clientId=producer-4] Bootstrap broker localhost:9092 (id: -1 rack: null) disconnected
19:21:31.726 [kafka-producer-network-thread | producer-4] INFO  o.apache.kafka.clients.NetworkClient - [Producer clientId=producer-4] Node -1 disconnected.
19:21:31.727 [kafka-producer-network-thread | producer-4] WARN  o.apache.kafka.clients.NetworkClient - [Producer clientId=producer-4] Connection to node -1 (localhost/127.0.0.1:9092) could not be established. Broker may not be available.
19:21:31.727 [kafka-producer-network-thread | producer-4] WARN  o.apache.kafka.clients.NetworkClient - [Producer clientId=producer-4] Bootstrap broker localhost:9092 (id: -1 rack: null) disconnected
19:21:31.956 [kafka-producer-network-thread | producer-4] INFO  o.apache.kafka.clients.NetworkClient - [Producer clientId=producer-4] Node -1 disconnected.
19:21:31.957 [kafka-producer-network-thread | producer-4] WARN  o.apache.kafka.clients.NetworkClient - [Producer clientId=producer-4] Connection to node -1 (localhost/127.0.0.1:9092) could not be established. Broker may not be available.
19:21:31.957 [kafka-producer-network-thread | producer-4] WARN  o.apache.kafka.clients.NetworkClient - [Producer clientId=producer-4] Bootstrap broker localhost:9092 (id: -1 rack: null) disconnected
19:21:32.366 [kafka-producer-network-thread | producer-4] INFO  o.apache.kafka.clients.NetworkClient - [Producer clientId=producer-4] Node -1 disconnected.
19:21:32.366 [kafka-producer-network-thread | producer-4] WARN  o.apache.kafka.clients.NetworkClient - [Producer clientId=producer-4] Connection to node -1 (localhost/127.0.0.1:9092) could not be established. Broker may not be available.
19:21:32.366 [kafka-producer-network-thread | producer-4] WARN  o.apache.kafka.clients.NetworkClient - [Producer clientId=producer-4] Bootstrap broker localhost:9092 (id: -1 rack: null) disconnected
19:21:33.019 [kafka-producer-network-thread | producer-4] INFO  o.apache.kafka.clients.NetworkClient - [Producer clientId=producer-4] Node -1 disconnected.
19:21:33.020 [kafka-producer-network-thread | producer-4] WARN  o.apache.kafka.clients.NetworkClient - [Producer clientId=producer-4] Connection to node -1 (localhost/127.0.0.1:9092) could not be established. Broker may not be available.
19:21:33.020 [kafka-producer-network-thread | producer-4] WARN  o.apache.kafka.clients.NetworkClient - [Producer clientId=producer-4] Bootstrap broker localhost:9092 (id: -1 rack: null) disconnected
19:21:33.649 [awaitility-thread] WARN  steps.GenericSteps - Retry attempt failed
org.openqa.selenium.WebDriverException: unknown error: net::ERR_NAME_NOT_RESOLVED
  (Session info: chrome=134.0.6998.89)
Build info: version: '4.18.1', revision: 'b1d3319b48'
System info: os.name: 'Windows 11', os.arch: 'amd64', os.version: '10.0', java.version: '21.0.4'
Driver info: org.openqa.selenium.chrome.ChromeDriver
Command: [8505f9e3ba658e2f7d77c6c1d7d5f51b, get {url=https://dev.example.com/upload}]
Capabilities {acceptInsecureCerts: false, browserName: chrome, browserVersion: 134.0.6998.89, chrome: {chromedriverVersion: 134.0.6998.88 (7e3d5c978c6d..., userDataDir: C:\Users\someo\AppData\Loca...}, fedcm:accounts: true, goog:chromeOptions: {debuggerAddress: localhost:60941}, networkConnectionEnabled: false, pageLoadStrategy: normal, platformName: windows, proxy: Proxy(), se:cdp: ws://localhost:60941/devtoo..., se:cdpVersion: 134.0.6998.89, setWindowRect: true, strictFileInteractability: false, timeouts: {implicit: 0, pageLoad: 300000, script: 30000}, unhandledPromptBehavior: dismiss and notify, webauthn:extension:credBlob: true, webauthn:extension:largeBlob: true, webauthn:extension:minPinLength: true, webauthn:extension:prf: true, webauthn:virtualAuthenticators: true}
Session ID: 8505f9e3ba658e2f7d77c6c1d7d5f51b
	at java.base/jdk.internal.reflect.DirectConstructorHandleAccessor.newInstance(DirectConstructorHandleAccessor.java:62)
	at java.base/java.lang.reflect.Constructor.newInstanceWithCaller(Constructor.java:502)
	at java.base/java.lang.reflect.Constructor.newInstance(Constructor.java:486)
	at org.openqa.selenium.remote.ErrorCodec.decode(ErrorCodec.java:167)
	at org.openqa.selenium.remote.codec.w3c.W3CHttpResponseCodec.decode(W3CHttpResponseCodec.java:138)
	at org.openqa.selenium.remote.codec.w3c.W3CHttpResponseCodec.decode(W3CHttpResponseCodec.java:50)
	at org.openqa.selenium.remote.HttpCommandExecutor.execute(HttpCommandExecutor.java:190)
	at org.openqa.selenium.remote.service.DriverCommandExecutor.invokeExecute(DriverCommandExecutor.java:216)
	at org.openqa.selenium.remote.service.DriverCommandExecutor.execute(DriverCommandExecutor.java:174)
	at org.openqa.selenium.remote.RemoteWebDriver.execute(RemoteWebDriver.java:519)
	at org.openqa.selenium.remote.RemoteWebDriver.get(RemoteWebDriver.java:301)
	at steps.GenericSteps.lambda$userIsOnPage$1(GenericSteps.java:138)
	at steps.GenericSteps.lambda$executeWithRetry$15(GenericSteps.java:527)
	at org.awaitility.core.CallableCondition$ConditionEvaluationWrapper.eval(CallableCondition.java:99)
	at org.awaitility.core.ConditionAwaiter$ConditionPoller.call(ConditionAwaiter.java:248)
	at org.awaitility.core.ConditionAwaiter$ConditionPoller.call(ConditionAwaiter.java:235)
	at java.base/java.util.concurrent.FutureTask.run(FutureTask.java:317)
	at java.base/java.util.concurrent.ThreadPoolExecutor.runWorker(ThreadPoolExecutor.java:1144)
	at java.base/java.util.concurrent.ThreadPoolExecutor$Worker.run(ThreadPoolExecutor.java:642)
	at java.base/java.lang.Thread.run(Thread.java:1583)
19:21:34.162 [kafka-producer-network-thread | producer-4] INFO  o.apache.kafka.clients.NetworkClient - [Producer clientId=producer-4] Node -1 disconnected.
19:21:34.162 [kafka-producer-network-thread | producer-4] WARN  o.apache.kafka.clients.NetworkClient - [Producer clientId=producer-4] Connection to node -1 (localhost/127.0.0.1:9092) could not be established. Broker may not be available.
19:21:34.162 [kafka-producer-network-thread | producer-4] WARN  o.apache.kafka.clients.NetworkClient - [Producer clientId=producer-4] Bootstrap broker localhost:9092 (id: -1 rack: null) disconnected
19:21:35.305 [kafka-producer-network-thread | producer-4] INFO  o.apache.kafka.clients.NetworkClient - [Producer clientId=producer-4] Node -1 disconnected.
19:21:35.305 [kafka-producer-network-thread | producer-4] WARN  o.apache.kafka.clients.NetworkClient - [Producer clientId=producer-4] Connection to node -1 (localhost/127.0.0.1:9092) could not be established. Broker may not be available.
19:21:35.305 [kafka-producer-network-thread | producer-4] WARN  o.apache.kafka.clients.NetworkClient - [Producer clientId=producer-4] Bootstrap broker localhost:9092 (id: -1 rack: null) disconnected
19:21:35.739 [awaitility-thread] WARN  steps.GenericSteps - Retry attempt failed
org.openqa.selenium.WebDriverException: unknown error: net::ERR_NAME_NOT_RESOLVED
  (Session info: chrome=134.0.6998.89)
Build info: version: '4.18.1', revision: 'b1d3319b48'
System info: os.name: 'Windows 11', os.arch: 'amd64', os.version: '10.0', java.version: '21.0.4'
Driver info: org.openqa.selenium.chrome.ChromeDriver
Command: [8505f9e3ba658e2f7d77c6c1d7d5f51b, get {url=https://dev.example.com/upload}]
Capabilities {acceptInsecureCerts: false, browserName: chrome, browserVersion: 134.0.6998.89, chrome: {chromedriverVersion: 134.0.6998.88 (7e3d5c978c6d..., userDataDir: C:\Users\someo\AppData\Loca...}, fedcm:accounts: true, goog:chromeOptions: {debuggerAddress: localhost:60941}, networkConnectionEnabled: false, pageLoadStrategy: normal, platformName: windows, proxy: Proxy(), se:cdp: ws://localhost:60941/devtoo..., se:cdpVersion: 134.0.6998.89, setWindowRect: true, strictFileInteractability: false, timeouts: {implicit: 0, pageLoad: 300000, script: 30000}, unhandledPromptBehavior: dismiss and notify, webauthn:extension:credBlob: true, webauthn:extension:largeBlob: true, webauthn:extension:minPinLength: true, webauthn:extension:prf: true, webauthn:virtualAuthenticators: true}
Session ID: 8505f9e3ba658e2f7d77c6c1d7d5f51b
	at java.base/jdk.internal.reflect.DirectConstructorHandleAccessor.newInstance(DirectConstructorHandleAccessor.java:62)
	at java.base/java.lang.reflect.Constructor.newInstanceWithCaller(Constructor.java:502)
	at java.base/java.lang.reflect.Constructor.newInstance(Constructor.java:486)
	at org.openqa.selenium.remote.ErrorCodec.decode(ErrorCodec.java:167)
	at org.openqa.selenium.remote.codec.w3c.W3CHttpResponseCodec.decode(W3CHttpResponseCodec.java:138)
	at org.openqa.selenium.remote.codec.w3c.W3CHttpResponseCodec.decode(W3CHttpResponseCodec.java:50)
	at org.openqa.selenium.remote.HttpCommandExecutor.execute(HttpCommandExecutor.java:190)
	at org.openqa.selenium.remote.service.DriverCommandExecutor.invokeExecute(DriverCommandExecutor.java:216)
	at org.openqa.selenium.remote.service.DriverCommandExecutor.execute(DriverCommandExecutor.java:174)
	at org.openqa.selenium.remote.RemoteWebDriver.execute(RemoteWebDriver.java:519)
	at org.openqa.selenium.remote.RemoteWebDriver.get(RemoteWebDriver.java:301)
	at steps.GenericSteps.lambda$userIsOnPage$1(GenericSteps.java:138)
	at steps.GenericSteps.lambda$executeWithRetry$15(GenericSteps.java:527)
	at org.awaitility.core.CallableCondition$ConditionEvaluationWrapper.eval(CallableCondition.java:99)
	at org.awaitility.core.ConditionAwaiter$ConditionPoller.call(ConditionAwaiter.java:248)
	at org.awaitility.core.ConditionAwaiter$ConditionPoller.call(ConditionAwaiter.java:235)
	at java.base/java.util.concurrent.FutureTask.run(FutureTask.java:317)
	at java.base/java.util.concurrent.ThreadPoolExecutor.runWorker(ThreadPoolExecutor.java:1144)
	at java.base/java.util.concurrent.ThreadPoolExecutor$Worker.run(ThreadPoolExecutor.java:642)
	at java.base/java.lang.Thread.run(Thread.java:1583)
19:21:36.134 [kafka-producer-network-thread | producer-4] INFO  o.apache.kafka.clients.NetworkClient - [Producer clientId=producer-4] Node -1 disconnected.
19:21:36.134 [kafka-producer-network-thread | producer-4] WARN  o.apache.kafka.clients.NetworkClient - [Producer clientId=producer-4] Connection to node -1 (localhost/127.0.0.1:9092) could not be established. Broker may not be available.
19:21:36.134 [kafka-producer-network-thread | producer-4] WARN  o.apache.kafka.clients.NetworkClient - [Producer clientId=producer-4] Bootstrap broker localhost:9092 (id: -1 rack: null) disconnected
19:21:37.264 [kafka-producer-network-thread | producer-4] INFO  o.apache.kafka.clients.NetworkClient - [Producer clientId=producer-4] Node -1 disconnected.
19:21:37.264 [kafka-producer-network-thread | producer-4] WARN  o.apache.kafka.clients.NetworkClient - [Producer clientId=producer-4] Connection to node -1 (localhost/127.0.0.1:9092) could not be established. Broker may not be available.
19:21:37.264 [kafka-producer-network-thread | producer-4] WARN  o.apache.kafka.clients.NetworkClient - [Producer clientId=producer-4] Bootstrap broker localhost:9092 (id: -1 rack: null) disconnected
19:21:37.835 [awaitility-thread] WARN  steps.GenericSteps - Retry attempt failed
org.openqa.selenium.WebDriverException: unknown error: net::ERR_NAME_NOT_RESOLVED
  (Session info: chrome=134.0.6998.89)
Build info: version: '4.18.1', revision: 'b1d3319b48'
System info: os.name: 'Windows 11', os.arch: 'amd64', os.version: '10.0', java.version: '21.0.4'
Driver info: org.openqa.selenium.chrome.ChromeDriver
Command: [8505f9e3ba658e2f7d77c6c1d7d5f51b, get {url=https://dev.example.com/upload}]
Capabilities {acceptInsecureCerts: false, browserName: chrome, browserVersion: 134.0.6998.89, chrome: {chromedriverVersion: 134.0.6998.88 (7e3d5c978c6d..., userDataDir: C:\Users\someo\AppData\Loca...}, fedcm:accounts: true, goog:chromeOptions: {debuggerAddress: localhost:60941}, networkConnectionEnabled: false, pageLoadStrategy: normal, platformName: windows, proxy: Proxy(), se:cdp: ws://localhost:60941/devtoo..., se:cdpVersion: 134.0.6998.89, setWindowRect: true, strictFileInteractability: false, timeouts: {implicit: 0, pageLoad: 300000, script: 30000}, unhandledPromptBehavior: dismiss and notify, webauthn:extension:credBlob: true, webauthn:extension:largeBlob: true, webauthn:extension:minPinLength: true, webauthn:extension:prf: true, webauthn:virtualAuthenticators: true}
Session ID: 8505f9e3ba658e2f7d77c6c1d7d5f51b
	at java.base/jdk.internal.reflect.DirectConstructorHandleAccessor.newInstance(DirectConstructorHandleAccessor.java:62)
	at java.base/java.lang.reflect.Constructor.newInstanceWithCaller(Constructor.java:502)
	at java.base/java.lang.reflect.Constructor.newInstance(Constructor.java:486)
	at org.openqa.selenium.remote.ErrorCodec.decode(ErrorCodec.java:167)
	at org.openqa.selenium.remote.codec.w3c.W3CHttpResponseCodec.decode(W3CHttpResponseCodec.java:138)
	at org.openqa.selenium.remote.codec.w3c.W3CHttpResponseCodec.decode(W3CHttpResponseCodec.java:50)
	at org.openqa.selenium.remote.HttpCommandExecutor.execute(HttpCommandExecutor.java:190)
	at org.openqa.selenium.remote.service.DriverCommandExecutor.invokeExecute(DriverCommandExecutor.java:216)
	at org.openqa.selenium.remote.service.DriverCommandExecutor.execute(DriverCommandExecutor.java:174)
	at org.openqa.selenium.remote.RemoteWebDriver.execute(RemoteWebDriver.java:519)
	at org.openqa.selenium.remote.RemoteWebDriver.get(RemoteWebDriver.java:301)
	at steps.GenericSteps.lambda$userIsOnPage$1(GenericSteps.java:138)
	at steps.GenericSteps.lambda$executeWithRetry$15(GenericSteps.java:527)
	at org.awaitility.core.CallableCondition$ConditionEvaluationWrapper.eval(CallableCondition.java:99)
	at org.awaitility.core.ConditionAwaiter$ConditionPoller.call(ConditionAwaiter.java:248)
	at org.awaitility.core.ConditionAwaiter$ConditionPoller.call(ConditionAwaiter.java:235)
	at java.base/java.util.concurrent.FutureTask.run(FutureTask.java:317)
	at java.base/java.util.concurrent.ThreadPoolExecutor.runWorker(ThreadPoolExecutor.java:1144)
	at java.base/java.util.concurrent.ThreadPoolExecutor$Worker.run(ThreadPoolExecutor.java:642)
	at java.base/java.lang.Thread.run(Thread.java:1583)
19:21:38.334 [kafka-producer-network-thread | producer-4] INFO  o.apache.kafka.clients.NetworkClient - [Producer clientId=producer-4] Node -1 disconnected.
19:21:38.334 [kafka-producer-network-thread | producer-4] WARN  o.apache.kafka.clients.NetworkClient - [Producer clientId=producer-4] Connection to node -1 (localhost/127.0.0.1:9092) could not be established. Broker may not be available.
19:21:38.335 [kafka-producer-network-thread | producer-4] WARN  o.apache.kafka.clients.NetworkClient - [Producer clientId=producer-4] Bootstrap broker localhost:9092 (id: -1 rack: null) disconnected
19:21:39.468 [kafka-producer-network-thread | producer-4] INFO  o.apache.kafka.clients.NetworkClient - [Producer clientId=producer-4] Node -1 disconnected.
19:21:39.469 [kafka-producer-network-thread | producer-4] WARN  o.apache.kafka.clients.NetworkClient - [Producer clientId=producer-4] Connection to node -1 (localhost/127.0.0.1:9092) could not be established. Broker may not be available.
19:21:39.469 [kafka-producer-network-thread | producer-4] WARN  o.apache.kafka.clients.NetworkClient - [Producer clientId=producer-4] Bootstrap broker localhost:9092 (id: -1 rack: null) disconnected
19:21:39.952 [awaitility-thread] WARN  steps.GenericSteps - Retry attempt failed
org.openqa.selenium.WebDriverException: unknown error: net::ERR_NAME_NOT_RESOLVED
  (Session info: chrome=134.0.6998.89)
Build info: version: '4.18.1', revision: 'b1d3319b48'
System info: os.name: 'Windows 11', os.arch: 'amd64', os.version: '10.0', java.version: '21.0.4'
Driver info: org.openqa.selenium.chrome.ChromeDriver
Command: [8505f9e3ba658e2f7d77c6c1d7d5f51b, get {url=https://dev.example.com/upload}]
Capabilities {acceptInsecureCerts: false, browserName: chrome, browserVersion: 134.0.6998.89, chrome: {chromedriverVersion: 134.0.6998.88 (7e3d5c978c6d..., userDataDir: C:\Users\someo\AppData\Loca...}, fedcm:accounts: true, goog:chromeOptions: {debuggerAddress: localhost:60941}, networkConnectionEnabled: false, pageLoadStrategy: normal, platformName: windows, proxy: Proxy(), se:cdp: ws://localhost:60941/devtoo..., se:cdpVersion: 134.0.6998.89, setWindowRect: true, strictFileInteractability: false, timeouts: {implicit: 0, pageLoad: 300000, script: 30000}, unhandledPromptBehavior: dismiss and notify, webauthn:extension:credBlob: true, webauthn:extension:largeBlob: true, webauthn:extension:minPinLength: true, webauthn:extension:prf: true, webauthn:virtualAuthenticators: true}
Session ID: 8505f9e3ba658e2f7d77c6c1d7d5f51b
	at java.base/jdk.internal.reflect.DirectConstructorHandleAccessor.newInstance(DirectConstructorHandleAccessor.java:62)
	at java.base/java.lang.reflect.Constructor.newInstanceWithCaller(Constructor.java:502)
	at java.base/java.lang.reflect.Constructor.newInstance(Constructor.java:486)
	at org.openqa.selenium.remote.ErrorCodec.decode(ErrorCodec.java:167)
	at org.openqa.selenium.remote.codec.w3c.W3CHttpResponseCodec.decode(W3CHttpResponseCodec.java:138)
	at org.openqa.selenium.remote.codec.w3c.W3CHttpResponseCodec.decode(W3CHttpResponseCodec.java:50)
	at org.openqa.selenium.remote.HttpCommandExecutor.execute(HttpCommandExecutor.java:190)
	at org.openqa.selenium.remote.service.DriverCommandExecutor.invokeExecute(DriverCommandExecutor.java:216)
	at org.openqa.selenium.remote.service.DriverCommandExecutor.execute(DriverCommandExecutor.java:174)
	at org.openqa.selenium.remote.RemoteWebDriver.execute(RemoteWebDriver.java:519)
	at org.openqa.selenium.remote.RemoteWebDriver.get(RemoteWebDriver.java:301)
	at steps.GenericSteps.lambda$userIsOnPage$1(GenericSteps.java:138)
	at steps.GenericSteps.lambda$executeWithRetry$15(GenericSteps.java:527)
	at org.awaitility.core.CallableCondition$ConditionEvaluationWrapper.eval(CallableCondition.java:99)
	at org.awaitility.core.ConditionAwaiter$ConditionPoller.call(ConditionAwaiter.java:248)
	at org.awaitility.core.ConditionAwaiter$ConditionPoller.call(ConditionAwaiter.java:235)
	at java.base/java.util.concurrent.FutureTask.run(FutureTask.java:317)
	at java.base/java.util.concurrent.ThreadPoolExecutor.runWorker(ThreadPoolExecutor.java:1144)
	at java.base/java.util.concurrent.ThreadPoolExecutor$Worker.run(ThreadPoolExecutor.java:642)
	at java.base/java.lang.Thread.run(Thread.java:1583)
19:21:40.374 [kafka-producer-network-thread | producer-4] INFO  o.apache.kafka.clients.NetworkClient - [Producer clientId=producer-4] Node -1 disconnected.
19:21:40.374 [kafka-producer-network-thread | producer-4] WARN  o.apache.kafka.clients.NetworkClient - [Producer clientId=producer-4] Connection to node -1 (localhost/127.0.0.1:9092) could not be established. Broker may not be available.
19:21:40.374 [kafka-producer-network-thread | producer-4] WARN  o.apache.kafka.clients.NetworkClient - [Producer clientId=producer-4] Bootstrap broker localhost:9092 (id: -1 rack: null) disconnected
19:21:41.217 [kafka-producer-network-thread | producer-4] INFO  o.apache.kafka.clients.NetworkClient - [Producer clientId=producer-4] Node -1 disconnected.
19:21:41.217 [kafka-producer-network-thread | producer-4] WARN  o.apache.kafka.clients.NetworkClient - [Producer clientId=producer-4] Connection to node -1 (localhost/127.0.0.1:9092) could not be established. Broker may not be available.
19:21:41.217 [kafka-producer-network-thread | producer-4] WARN  o.apache.kafka.clients.NetworkClient - [Producer clientId=producer-4] Bootstrap broker localhost:9092 (id: -1 rack: null) disconnected
  Given user is on the "upload" page                          # steps.GenericSteps.userIsOnPage(java.lang.String)
      org.awaitility.core.ConditionTimeoutException: Condition steps.GenericSteps$$Lambda/0x000002032b3df410 was not fulfilled within 9 seconds.
	at org.awaitility.core.ConditionAwaiter.await(ConditionAwaiter.java:167)
	at org.awaitility.core.CallableCondition.await(CallableCondition.java:78)
	at org.awaitility.core.CallableCondition.await(CallableCondition.java:26)
	at org.awaitility.core.ConditionFactory.until(ConditionFactory.java:985)
	at org.awaitility.core.ConditionFactory.until(ConditionFactory.java:954)
	at steps.GenericSteps.executeWithRetry(GenericSteps.java:525)
	at steps.GenericSteps.userIsOnPage(GenericSteps.java:136)
	at ✽.user is on the "upload" page(file:///C:/Development/Sources/selenium-cucumber-test/src/test/resources/features/GenericTests.feature:4)

  When user executes test "json_upload"                       # steps.GenericSteps.userExecutesTest(java.lang.String)
  Then results match expected outcomes for test "json_upload" # steps.GenericSteps.resultsMatchExpected(java.lang.String)
19:21:42.055 [kafka-producer-network-thread | producer-4] INFO  o.apache.kafka.clients.NetworkClient - [Producer clientId=producer-4] Node -1 disconnected.
19:21:42.055 [kafka-producer-network-thread | producer-4] WARN  o.apache.kafka.clients.NetworkClient - [Producer clientId=producer-4] Connection to node -1 (localhost/127.0.0.1:9092) could not be established. Broker may not be available.
19:21:42.055 [kafka-producer-network-thread | producer-4] WARN  o.apache.kafka.clients.NetworkClient - [Producer clientId=producer-4] Bootstrap broker localhost:9092 (id: -1 rack: null) disconnected

    Embedding failure-screenshot [image/png 43413 bytes]

19:21:42.082 [pool-2-thread-1] ERROR steps.GenericSteps - Scenario failed, screenshot attached
19:21:42.178 [pool-2-thread-1] INFO  o.a.k.clients.producer.KafkaProducer - [Producer clientId=producer-4] Closing the Kafka producer with timeoutMillis = 9223372036854775807 ms.
19:21:42.178 [pool-2-thread-1] INFO  o.a.kafka.common.metrics.Metrics - Metrics scheduler closed
19:21:42.178 [pool-2-thread-1] INFO  o.a.kafka.common.metrics.Metrics - Closing reporter org.apache.kafka.common.metrics.JmxReporter
19:21:42.178 [pool-2-thread-1] INFO  o.a.kafka.common.metrics.Metrics - Metrics reporters closed
19:21:42.178 [pool-2-thread-1] INFO  o.a.kafka.common.utils.AppInfoParser - App info kafka.producer for producer-4 unregistered
19:21:42.178 [pool-2-thread-1] INFO  o.a.k.c.c.i.ConsumerCoordinator - [Consumer clientId=consumer-test-group-4, groupId=test-group] Resetting generation and member id due to: consumer pro-actively leaving the group
19:21:42.178 [pool-2-thread-1] INFO  o.a.k.c.c.i.ConsumerCoordinator - [Consumer clientId=consumer-test-group-4, groupId=test-group] Request joining group due to: consumer pro-actively leaving the group
19:21:42.178 [pool-2-thread-1] INFO  o.a.kafka.common.metrics.Metrics - Metrics scheduler closed
19:21:42.178 [pool-2-thread-1] INFO  o.a.kafka.common.metrics.Metrics - Closing reporter org.apache.kafka.common.metrics.JmxReporter
19:21:42.178 [pool-2-thread-1] INFO  o.a.kafka.common.metrics.Metrics - Metrics reporters closed
19:21:42.178 [pool-2-thread-1] INFO  o.a.kafka.common.utils.AppInfoParser - App info kafka.consumer for consumer-test-group-4 unregistered
]]></system-out>
    <system-err><![CDATA[Mar 17, 2025 7:21:31 PM org.openqa.selenium.devtools.CdpVersionFinder findNearestMatch
WARNING: Unable to find CDP implementation matching 134
Mar 17, 2025 7:21:31 PM org.openqa.selenium.chromium.ChromiumDriver lambda$new$5
WARNING: Unable to find version of CDP to use for 134.0.6998.89. You may need to include a dependency on a specific version of the CDP using something similar to `org.seleniumhq.selenium:selenium-devtools-v86:4.18.1` where the version ("v86") matches the version of the chromium-based browser you're using and the version number of the artifact is the same as Selenium's.
]]></system-err>
  </testcase>
  <testcase name="Execute various test scenarios #5" classname="Generic Application Testing" time="11.842">
    <error message="Condition steps.GenericSteps$$Lambda/0x000002032b3df410 was not fulfilled within 9 seconds." type="org.awaitility.core.ConditionTimeoutException"><![CDATA[org.awaitility.core.ConditionTimeoutException: Condition steps.GenericSteps$$Lambda/0x000002032b3df410 was not fulfilled within 9 seconds.
]]></error>
    <system-out><![CDATA[
Scenario Outline: Execute various test scenarios             # src/test/resources/features/GenericTests.feature:14
19:21:42.185 [pool-2-thread-1] INFO  i.g.bonigarcia.wdm.WebDriverManager - Using chromedriver 134.0.6998.88 (resolved driver for Chrome 134)
19:21:42.187 [pool-2-thread-1] INFO  i.g.bonigarcia.wdm.WebDriverManager - Exporting webdriver.chrome.driver as C:\Users\someo\.cache\selenium\chromedriver\win64\134.0.6998.88\chromedriver.exe
19:21:43.404 [pool-2-thread-1] INFO  o.a.k.c.producer.ProducerConfig - ProducerConfig values: 
	acks = -1
	auto.include.jmx.reporter = true
	batch.size = 16384
	bootstrap.servers = [localhost:9092]
	buffer.memory = 33554432
	client.dns.lookup = use_all_dns_ips
	client.id = producer-5
	compression.type = none
	connections.max.idle.ms = 540000
	delivery.timeout.ms = 120000
	enable.idempotence = true
	interceptor.classes = []
	key.serializer = class org.apache.kafka.common.serialization.StringSerializer
	linger.ms = 0
	max.block.ms = 60000
	max.in.flight.requests.per.connection = 5
	max.request.size = 1048576
	metadata.max.age.ms = 300000
	metadata.max.idle.ms = 300000
	metric.reporters = []
	metrics.num.samples = 2
	metrics.recording.level = INFO
	metrics.sample.window.ms = 30000
	partitioner.adaptive.partitioning.enable = true
	partitioner.availability.timeout.ms = 0
	partitioner.class = null
	partitioner.ignore.keys = false
	receive.buffer.bytes = 32768
	reconnect.backoff.max.ms = 1000
	reconnect.backoff.ms = 50
	request.timeout.ms = 30000
	retries = 2147483647
	retry.backoff.ms = 100
	sasl.client.callback.handler.class = null
	sasl.jaas.config = null
	sasl.kerberos.kinit.cmd = /usr/bin/kinit
	sasl.kerberos.min.time.before.relogin = 60000
	sasl.kerberos.service.name = null
	sasl.kerberos.ticket.renew.jitter = 0.05
	sasl.kerberos.ticket.renew.window.factor = 0.8
	sasl.login.callback.handler.class = null
	sasl.login.class = null
	sasl.login.connect.timeout.ms = null
	sasl.login.read.timeout.ms = null
	sasl.login.refresh.buffer.seconds = 300
	sasl.login.refresh.min.period.seconds = 60
	sasl.login.refresh.window.factor = 0.8
	sasl.login.refresh.window.jitter = 0.05
	sasl.login.retry.backoff.max.ms = 10000
	sasl.login.retry.backoff.ms = 100
	sasl.mechanism = GSSAPI
	sasl.oauthbearer.clock.skew.seconds = 30
	sasl.oauthbearer.expected.audience = null
	sasl.oauthbearer.expected.issuer = null
	sasl.oauthbearer.jwks.endpoint.refresh.ms = 3600000
	sasl.oauthbearer.jwks.endpoint.retry.backoff.max.ms = 10000
	sasl.oauthbearer.jwks.endpoint.retry.backoff.ms = 100
	sasl.oauthbearer.jwks.endpoint.url = null
	sasl.oauthbearer.scope.claim.name = scope
	sasl.oauthbearer.sub.claim.name = sub
	sasl.oauthbearer.token.endpoint.url = null
	security.protocol = PLAINTEXT
	security.providers = null
	send.buffer.bytes = 131072
	socket.connection.setup.timeout.max.ms = 30000
	socket.connection.setup.timeout.ms = 10000
	ssl.cipher.suites = null
	ssl.enabled.protocols = [TLSv1.2, TLSv1.3]
	ssl.endpoint.identification.algorithm = https
	ssl.engine.factory.class = null
	ssl.key.password = null
	ssl.keymanager.algorithm = SunX509
	ssl.keystore.certificate.chain = null
	ssl.keystore.key = null
	ssl.keystore.location = null
	ssl.keystore.password = null
	ssl.keystore.type = JKS
	ssl.protocol = TLSv1.3
	ssl.provider = null
	ssl.secure.random.implementation = null
	ssl.trustmanager.algorithm = PKIX
	ssl.truststore.certificates = null
	ssl.truststore.location = null
	ssl.truststore.password = null
	ssl.truststore.type = JKS
	transaction.timeout.ms = 60000
	transactional.id = null
	value.serializer = class org.apache.kafka.common.serialization.StringSerializer

19:21:43.404 [pool-2-thread-1] INFO  o.a.k.clients.producer.KafkaProducer - [Producer clientId=producer-5] Instantiated an idempotent producer.
19:21:43.406 [pool-2-thread-1] INFO  o.a.kafka.common.utils.AppInfoParser - Kafka version: 3.6.0
19:21:43.406 [pool-2-thread-1] INFO  o.a.kafka.common.utils.AppInfoParser - Kafka commitId: 60e845626d8a465a
19:21:43.406 [pool-2-thread-1] INFO  o.a.kafka.common.utils.AppInfoParser - Kafka startTimeMs: 1742232103406
19:21:43.406 [pool-2-thread-1] INFO  o.a.k.c.consumer.ConsumerConfig - ConsumerConfig values: 
	allow.auto.create.topics = true
	auto.commit.interval.ms = 5000
	auto.include.jmx.reporter = true
	auto.offset.reset = latest
	bootstrap.servers = [localhost:9092]
	check.crcs = true
	client.dns.lookup = use_all_dns_ips
	client.id = consumer-test-group-5
	client.rack = 
	connections.max.idle.ms = 540000
	default.api.timeout.ms = 60000
	enable.auto.commit = true
	exclude.internal.topics = true
	fetch.max.bytes = 52428800
	fetch.max.wait.ms = 500
	fetch.min.bytes = 1
	group.id = test-group
	group.instance.id = null
	heartbeat.interval.ms = 3000
	interceptor.classes = []
	internal.leave.group.on.close = true
	internal.throw.on.fetch.stable.offset.unsupported = false
	isolation.level = read_uncommitted
	key.deserializer = class org.apache.kafka.common.serialization.StringDeserializer
	max.partition.fetch.bytes = 1048576
	max.poll.interval.ms = 300000
	max.poll.records = 500
	metadata.max.age.ms = 300000
	metric.reporters = []
	metrics.num.samples = 2
	metrics.recording.level = INFO
	metrics.sample.window.ms = 30000
	partition.assignment.strategy = [class org.apache.kafka.clients.consumer.RangeAssignor, class org.apache.kafka.clients.consumer.CooperativeStickyAssignor]
	receive.buffer.bytes = 65536
	reconnect.backoff.max.ms = 1000
	reconnect.backoff.ms = 50
	request.timeout.ms = 30000
	retry.backoff.ms = 100
	sasl.client.callback.handler.class = null
	sasl.jaas.config = null
	sasl.kerberos.kinit.cmd = /usr/bin/kinit
	sasl.kerberos.min.time.before.relogin = 60000
	sasl.kerberos.service.name = null
	sasl.kerberos.ticket.renew.jitter = 0.05
	sasl.kerberos.ticket.renew.window.factor = 0.8
	sasl.login.callback.handler.class = null
	sasl.login.class = null
	sasl.login.connect.timeout.ms = null
	sasl.login.read.timeout.ms = null
	sasl.login.refresh.buffer.seconds = 300
	sasl.login.refresh.min.period.seconds = 60
	sasl.login.refresh.window.factor = 0.8
	sasl.login.refresh.window.jitter = 0.05
	sasl.login.retry.backoff.max.ms = 10000
	sasl.login.retry.backoff.ms = 100
	sasl.mechanism = GSSAPI
	sasl.oauthbearer.clock.skew.seconds = 30
	sasl.oauthbearer.expected.audience = null
	sasl.oauthbearer.expected.issuer = null
	sasl.oauthbearer.jwks.endpoint.refresh.ms = 3600000
	sasl.oauthbearer.jwks.endpoint.retry.backoff.max.ms = 10000
	sasl.oauthbearer.jwks.endpoint.retry.backoff.ms = 100
	sasl.oauthbearer.jwks.endpoint.url = null
	sasl.oauthbearer.scope.claim.name = scope
	sasl.oauthbearer.sub.claim.name = sub
	sasl.oauthbearer.token.endpoint.url = null
	security.protocol = PLAINTEXT
	security.providers = null
	send.buffer.bytes = 131072
	session.timeout.ms = 45000
	socket.connection.setup.timeout.max.ms = 30000
	socket.connection.setup.timeout.ms = 10000
	ssl.cipher.suites = null
	ssl.enabled.protocols = [TLSv1.2, TLSv1.3]
	ssl.endpoint.identification.algorithm = https
	ssl.engine.factory.class = null
	ssl.key.password = null
	ssl.keymanager.algorithm = SunX509
	ssl.keystore.certificate.chain = null
	ssl.keystore.key = null
	ssl.keystore.location = null
	ssl.keystore.password = null
	ssl.keystore.type = JKS
	ssl.protocol = TLSv1.3
	ssl.provider = null
	ssl.secure.random.implementation = null
	ssl.trustmanager.algorithm = PKIX
	ssl.truststore.certificates = null
	ssl.truststore.location = null
	ssl.truststore.password = null
	ssl.truststore.type = JKS
	value.deserializer = class org.apache.kafka.common.serialization.StringDeserializer

19:21:43.407 [kafka-producer-network-thread | producer-5] INFO  o.apache.kafka.clients.NetworkClient - [Producer clientId=producer-5] Node -1 disconnected.
19:21:43.407 [kafka-producer-network-thread | producer-5] WARN  o.apache.kafka.clients.NetworkClient - [Producer clientId=producer-5] Connection to node -1 (localhost/127.0.0.1:9092) could not be established. Broker may not be available.
19:21:43.407 [kafka-producer-network-thread | producer-5] WARN  o.apache.kafka.clients.NetworkClient - [Producer clientId=producer-5] Bootstrap broker localhost:9092 (id: -1 rack: null) disconnected
19:21:43.409 [pool-2-thread-1] INFO  o.a.kafka.common.utils.AppInfoParser - Kafka version: 3.6.0
19:21:43.409 [pool-2-thread-1] INFO  o.a.kafka.common.utils.AppInfoParser - Kafka commitId: 60e845626d8a465a
19:21:43.409 [pool-2-thread-1] INFO  o.a.kafka.common.utils.AppInfoParser - Kafka startTimeMs: 1742232103408
19:21:43.409 [pool-2-thread-1] INFO  steps.GenericSteps - Starting scenario: Execute various test scenarios
19:21:43.509 [kafka-producer-network-thread | producer-5] INFO  o.apache.kafka.clients.NetworkClient - [Producer clientId=producer-5] Node -1 disconnected.
19:21:43.510 [kafka-producer-network-thread | producer-5] WARN  o.apache.kafka.clients.NetworkClient - [Producer clientId=producer-5] Connection to node -1 (localhost/127.0.0.1:9092) could not be established. Broker may not be available.
19:21:43.510 [kafka-producer-network-thread | producer-5] WARN  o.apache.kafka.clients.NetworkClient - [Producer clientId=producer-5] Bootstrap broker localhost:9092 (id: -1 rack: null) disconnected
19:21:43.614 [kafka-producer-network-thread | producer-5] INFO  o.apache.kafka.clients.NetworkClient - [Producer clientId=producer-5] Node -1 disconnected.
19:21:43.614 [kafka-producer-network-thread | producer-5] WARN  o.apache.kafka.clients.NetworkClient - [Producer clientId=producer-5] Connection to node -1 (localhost/127.0.0.1:9092) could not be established. Broker may not be available.
19:21:43.614 [kafka-producer-network-thread | producer-5] WARN  o.apache.kafka.clients.NetworkClient - [Producer clientId=producer-5] Bootstrap broker localhost:9092 (id: -1 rack: null) disconnected
19:21:43.842 [kafka-producer-network-thread | producer-5] INFO  o.apache.kafka.clients.NetworkClient - [Producer clientId=producer-5] Node -1 disconnected.
19:21:43.842 [kafka-producer-network-thread | producer-5] WARN  o.apache.kafka.clients.NetworkClient - [Producer clientId=producer-5] Connection to node -1 (localhost/127.0.0.1:9092) could not be established. Broker may not be available.
19:21:43.843 [kafka-producer-network-thread | producer-5] WARN  o.apache.kafka.clients.NetworkClient - [Producer clientId=producer-5] Bootstrap broker localhost:9092 (id: -1 rack: null) disconnected
19:21:44.253 [kafka-producer-network-thread | producer-5] INFO  o.apache.kafka.clients.NetworkClient - [Producer clientId=producer-5] Node -1 disconnected.
19:21:44.254 [kafka-producer-network-thread | producer-5] WARN  o.apache.kafka.clients.NetworkClient - [Producer clientId=producer-5] Connection to node -1 (localhost/127.0.0.1:9092) could not be established. Broker may not be available.
19:21:44.254 [kafka-producer-network-thread | producer-5] WARN  o.apache.kafka.clients.NetworkClient - [Producer clientId=producer-5] Bootstrap broker localhost:9092 (id: -1 rack: null) disconnected
19:21:45.213 [kafka-producer-network-thread | producer-5] INFO  o.apache.kafka.clients.NetworkClient - [Producer clientId=producer-5] Node -1 disconnected.
19:21:45.213 [kafka-producer-network-thread | producer-5] WARN  o.apache.kafka.clients.NetworkClient - [Producer clientId=producer-5] Connection to node -1 (localhost/127.0.0.1:9092) could not be established. Broker may not be available.
19:21:45.214 [kafka-producer-network-thread | producer-5] WARN  o.apache.kafka.clients.NetworkClient - [Producer clientId=producer-5] Bootstrap broker localhost:9092 (id: -1 rack: null) disconnected
19:21:45.539 [awaitility-thread] WARN  steps.GenericSteps - Retry attempt failed
org.openqa.selenium.WebDriverException: unknown error: net::ERR_NAME_NOT_RESOLVED
  (Session info: chrome=134.0.6998.89)
Build info: version: '4.18.1', revision: 'b1d3319b48'
System info: os.name: 'Windows 11', os.arch: 'amd64', os.version: '10.0', java.version: '21.0.4'
Driver info: org.openqa.selenium.chrome.ChromeDriver
Command: [ad0037af528b4d86a366a87450cb14f4, get {url=https://dev.example.com/upload}]
Capabilities {acceptInsecureCerts: false, browserName: chrome, browserVersion: 134.0.6998.89, chrome: {chromedriverVersion: 134.0.6998.88 (7e3d5c978c6d..., userDataDir: C:\Users\someo\AppData\Loca...}, fedcm:accounts: true, goog:chromeOptions: {debuggerAddress: localhost:61046}, networkConnectionEnabled: false, pageLoadStrategy: normal, platformName: windows, proxy: Proxy(), se:cdp: ws://localhost:61046/devtoo..., se:cdpVersion: 134.0.6998.89, setWindowRect: true, strictFileInteractability: false, timeouts: {implicit: 0, pageLoad: 300000, script: 30000}, unhandledPromptBehavior: dismiss and notify, webauthn:extension:credBlob: true, webauthn:extension:largeBlob: true, webauthn:extension:minPinLength: true, webauthn:extension:prf: true, webauthn:virtualAuthenticators: true}
Session ID: ad0037af528b4d86a366a87450cb14f4
	at java.base/jdk.internal.reflect.DirectConstructorHandleAccessor.newInstance(DirectConstructorHandleAccessor.java:62)
	at java.base/java.lang.reflect.Constructor.newInstanceWithCaller(Constructor.java:502)
	at java.base/java.lang.reflect.Constructor.newInstance(Constructor.java:486)
	at org.openqa.selenium.remote.ErrorCodec.decode(ErrorCodec.java:167)
	at org.openqa.selenium.remote.codec.w3c.W3CHttpResponseCodec.decode(W3CHttpResponseCodec.java:138)
	at org.openqa.selenium.remote.codec.w3c.W3CHttpResponseCodec.decode(W3CHttpResponseCodec.java:50)
	at org.openqa.selenium.remote.HttpCommandExecutor.execute(HttpCommandExecutor.java:190)
	at org.openqa.selenium.remote.service.DriverCommandExecutor.invokeExecute(DriverCommandExecutor.java:216)
	at org.openqa.selenium.remote.service.DriverCommandExecutor.execute(DriverCommandExecutor.java:174)
	at org.openqa.selenium.remote.RemoteWebDriver.execute(RemoteWebDriver.java:519)
	at org.openqa.selenium.remote.RemoteWebDriver.get(RemoteWebDriver.java:301)
	at steps.GenericSteps.lambda$userIsOnPage$1(GenericSteps.java:138)
	at steps.GenericSteps.lambda$executeWithRetry$15(GenericSteps.java:527)
	at org.awaitility.core.CallableCondition$ConditionEvaluationWrapper.eval(CallableCondition.java:99)
	at org.awaitility.core.ConditionAwaiter$ConditionPoller.call(ConditionAwaiter.java:248)
	at org.awaitility.core.ConditionAwaiter$ConditionPoller.call(ConditionAwaiter.java:235)
	at java.base/java.util.concurrent.FutureTask.run(FutureTask.java:317)
	at java.base/java.util.concurrent.ThreadPoolExecutor.runWorker(ThreadPoolExecutor.java:1144)
	at java.base/java.util.concurrent.ThreadPoolExecutor$Worker.run(ThreadPoolExecutor.java:642)
	at java.base/java.lang.Thread.run(Thread.java:1583)
19:21:46.116 [kafka-producer-network-thread | producer-5] INFO  o.apache.kafka.clients.NetworkClient - [Producer clientId=producer-5] Node -1 disconnected.
19:21:46.117 [kafka-producer-network-thread | producer-5] WARN  o.apache.kafka.clients.NetworkClient - [Producer clientId=producer-5] Connection to node -1 (localhost/127.0.0.1:9092) could not be established. Broker may not be available.
19:21:46.117 [kafka-producer-network-thread | producer-5] WARN  o.apache.kafka.clients.NetworkClient - [Producer clientId=producer-5] Bootstrap broker localhost:9092 (id: -1 rack: null) disconnected
19:21:46.953 [kafka-producer-network-thread | producer-5] INFO  o.apache.kafka.clients.NetworkClient - [Producer clientId=producer-5] Node -1 disconnected.
19:21:46.954 [kafka-producer-network-thread | producer-5] WARN  o.apache.kafka.clients.NetworkClient - [Producer clientId=producer-5] Connection to node -1 (localhost/127.0.0.1:9092) could not be established. Broker may not be available.
19:21:46.954 [kafka-producer-network-thread | producer-5] WARN  o.apache.kafka.clients.NetworkClient - [Producer clientId=producer-5] Bootstrap broker localhost:9092 (id: -1 rack: null) disconnected
19:21:47.641 [awaitility-thread] WARN  steps.GenericSteps - Retry attempt failed
org.openqa.selenium.WebDriverException: unknown error: net::ERR_NAME_NOT_RESOLVED
  (Session info: chrome=134.0.6998.89)
Build info: version: '4.18.1', revision: 'b1d3319b48'
System info: os.name: 'Windows 11', os.arch: 'amd64', os.version: '10.0', java.version: '21.0.4'
Driver info: org.openqa.selenium.chrome.ChromeDriver
Command: [ad0037af528b4d86a366a87450cb14f4, get {url=https://dev.example.com/upload}]
Capabilities {acceptInsecureCerts: false, browserName: chrome, browserVersion: 134.0.6998.89, chrome: {chromedriverVersion: 134.0.6998.88 (7e3d5c978c6d..., userDataDir: C:\Users\someo\AppData\Loca...}, fedcm:accounts: true, goog:chromeOptions: {debuggerAddress: localhost:61046}, networkConnectionEnabled: false, pageLoadStrategy: normal, platformName: windows, proxy: Proxy(), se:cdp: ws://localhost:61046/devtoo..., se:cdpVersion: 134.0.6998.89, setWindowRect: true, strictFileInteractability: false, timeouts: {implicit: 0, pageLoad: 300000, script: 30000}, unhandledPromptBehavior: dismiss and notify, webauthn:extension:credBlob: true, webauthn:extension:largeBlob: true, webauthn:extension:minPinLength: true, webauthn:extension:prf: true, webauthn:virtualAuthenticators: true}
Session ID: ad0037af528b4d86a366a87450cb14f4
	at java.base/jdk.internal.reflect.DirectConstructorHandleAccessor.newInstance(DirectConstructorHandleAccessor.java:62)
	at java.base/java.lang.reflect.Constructor.newInstanceWithCaller(Constructor.java:502)
	at java.base/java.lang.reflect.Constructor.newInstance(Constructor.java:486)
	at org.openqa.selenium.remote.ErrorCodec.decode(ErrorCodec.java:167)
	at org.openqa.selenium.remote.codec.w3c.W3CHttpResponseCodec.decode(W3CHttpResponseCodec.java:138)
	at org.openqa.selenium.remote.codec.w3c.W3CHttpResponseCodec.decode(W3CHttpResponseCodec.java:50)
	at org.openqa.selenium.remote.HttpCommandExecutor.execute(HttpCommandExecutor.java:190)
	at org.openqa.selenium.remote.service.DriverCommandExecutor.invokeExecute(DriverCommandExecutor.java:216)
	at org.openqa.selenium.remote.service.DriverCommandExecutor.execute(DriverCommandExecutor.java:174)
	at org.openqa.selenium.remote.RemoteWebDriver.execute(RemoteWebDriver.java:519)
	at org.openqa.selenium.remote.RemoteWebDriver.get(RemoteWebDriver.java:301)
	at steps.GenericSteps.lambda$userIsOnPage$1(GenericSteps.java:138)
	at steps.GenericSteps.lambda$executeWithRetry$15(GenericSteps.java:527)
	at org.awaitility.core.CallableCondition$ConditionEvaluationWrapper.eval(CallableCondition.java:99)
	at org.awaitility.core.ConditionAwaiter$ConditionPoller.call(ConditionAwaiter.java:248)
	at org.awaitility.core.ConditionAwaiter$ConditionPoller.call(ConditionAwaiter.java:235)
	at java.base/java.util.concurrent.FutureTask.run(FutureTask.java:317)
	at java.base/java.util.concurrent.ThreadPoolExecutor.runWorker(ThreadPoolExecutor.java:1144)
	at java.base/java.util.concurrent.ThreadPoolExecutor$Worker.run(ThreadPoolExecutor.java:642)
	at java.base/java.lang.Thread.run(Thread.java:1583)
19:21:47.977 [kafka-producer-network-thread | producer-5] INFO  o.apache.kafka.clients.NetworkClient - [Producer clientId=producer-5] Node -1 disconnected.
19:21:47.977 [kafka-producer-network-thread | producer-5] WARN  o.apache.kafka.clients.NetworkClient - [Producer clientId=producer-5] Connection to node -1 (localhost/127.0.0.1:9092) could not be established. Broker may not be available.
19:21:47.977 [kafka-producer-network-thread | producer-5] WARN  o.apache.kafka.clients.NetworkClient - [Producer clientId=producer-5] Bootstrap broker localhost:9092 (id: -1 rack: null) disconnected
19:21:48.940 [kafka-producer-network-thread | producer-5] INFO  o.apache.kafka.clients.NetworkClient - [Producer clientId=producer-5] Node -1 disconnected.
19:21:48.941 [kafka-producer-network-thread | producer-5] WARN  o.apache.kafka.clients.NetworkClient - [Producer clientId=producer-5] Connection to node -1 (localhost/127.0.0.1:9092) could not be established. Broker may not be available.
19:21:48.941 [kafka-producer-network-thread | producer-5] WARN  o.apache.kafka.clients.NetworkClient - [Producer clientId=producer-5] Bootstrap broker localhost:9092 (id: -1 rack: null) disconnected
19:21:49.723 [awaitility-thread] WARN  steps.GenericSteps - Retry attempt failed
org.openqa.selenium.WebDriverException: unknown error: net::ERR_NAME_NOT_RESOLVED
  (Session info: chrome=134.0.6998.89)
Build info: version: '4.18.1', revision: 'b1d3319b48'
System info: os.name: 'Windows 11', os.arch: 'amd64', os.version: '10.0', java.version: '21.0.4'
Driver info: org.openqa.selenium.chrome.ChromeDriver
Command: [ad0037af528b4d86a366a87450cb14f4, get {url=https://dev.example.com/upload}]
Capabilities {acceptInsecureCerts: false, browserName: chrome, browserVersion: 134.0.6998.89, chrome: {chromedriverVersion: 134.0.6998.88 (7e3d5c978c6d..., userDataDir: C:\Users\someo\AppData\Loca...}, fedcm:accounts: true, goog:chromeOptions: {debuggerAddress: localhost:61046}, networkConnectionEnabled: false, pageLoadStrategy: normal, platformName: windows, proxy: Proxy(), se:cdp: ws://localhost:61046/devtoo..., se:cdpVersion: 134.0.6998.89, setWindowRect: true, strictFileInteractability: false, timeouts: {implicit: 0, pageLoad: 300000, script: 30000}, unhandledPromptBehavior: dismiss and notify, webauthn:extension:credBlob: true, webauthn:extension:largeBlob: true, webauthn:extension:minPinLength: true, webauthn:extension:prf: true, webauthn:virtualAuthenticators: true}
Session ID: ad0037af528b4d86a366a87450cb14f4
	at java.base/jdk.internal.reflect.DirectConstructorHandleAccessor.newInstance(DirectConstructorHandleAccessor.java:62)
	at java.base/java.lang.reflect.Constructor.newInstanceWithCaller(Constructor.java:502)
	at java.base/java.lang.reflect.Constructor.newInstance(Constructor.java:486)
	at org.openqa.selenium.remote.ErrorCodec.decode(ErrorCodec.java:167)
	at org.openqa.selenium.remote.codec.w3c.W3CHttpResponseCodec.decode(W3CHttpResponseCodec.java:138)
	at org.openqa.selenium.remote.codec.w3c.W3CHttpResponseCodec.decode(W3CHttpResponseCodec.java:50)
	at org.openqa.selenium.remote.HttpCommandExecutor.execute(HttpCommandExecutor.java:190)
	at org.openqa.selenium.remote.service.DriverCommandExecutor.invokeExecute(DriverCommandExecutor.java:216)
	at org.openqa.selenium.remote.service.DriverCommandExecutor.execute(DriverCommandExecutor.java:174)
	at org.openqa.selenium.remote.RemoteWebDriver.execute(RemoteWebDriver.java:519)
	at org.openqa.selenium.remote.RemoteWebDriver.get(RemoteWebDriver.java:301)
	at steps.GenericSteps.lambda$userIsOnPage$1(GenericSteps.java:138)
	at steps.GenericSteps.lambda$executeWithRetry$15(GenericSteps.java:527)
	at org.awaitility.core.CallableCondition$ConditionEvaluationWrapper.eval(CallableCondition.java:99)
	at org.awaitility.core.ConditionAwaiter$ConditionPoller.call(ConditionAwaiter.java:248)
	at org.awaitility.core.ConditionAwaiter$ConditionPoller.call(ConditionAwaiter.java:235)
	at java.base/java.util.concurrent.FutureTask.run(FutureTask.java:317)
	at java.base/java.util.concurrent.ThreadPoolExecutor.runWorker(ThreadPoolExecutor.java:1144)
	at java.base/java.util.concurrent.ThreadPoolExecutor$Worker.run(ThreadPoolExecutor.java:642)
	at java.base/java.lang.Thread.run(Thread.java:1583)
19:21:49.904 [kafka-producer-network-thread | producer-5] INFO  o.apache.kafka.clients.NetworkClient - [Producer clientId=producer-5] Node -1 disconnected.
19:21:49.904 [kafka-producer-network-thread | producer-5] WARN  o.apache.kafka.clients.NetworkClient - [Producer clientId=producer-5] Connection to node -1 (localhost/127.0.0.1:9092) could not be established. Broker may not be available.
19:21:49.904 [kafka-producer-network-thread | producer-5] WARN  o.apache.kafka.clients.NetworkClient - [Producer clientId=producer-5] Bootstrap broker localhost:9092 (id: -1 rack: null) disconnected
19:21:50.989 [kafka-producer-network-thread | producer-5] INFO  o.apache.kafka.clients.NetworkClient - [Producer clientId=producer-5] Node -1 disconnected.
19:21:50.989 [kafka-producer-network-thread | producer-5] WARN  o.apache.kafka.clients.NetworkClient - [Producer clientId=producer-5] Connection to node -1 (localhost/127.0.0.1:9092) could not be established. Broker may not be available.
19:21:50.990 [kafka-producer-network-thread | producer-5] WARN  o.apache.kafka.clients.NetworkClient - [Producer clientId=producer-5] Bootstrap broker localhost:9092 (id: -1 rack: null) disconnected
19:21:51.819 [awaitility-thread] WARN  steps.GenericSteps - Retry attempt failed
org.openqa.selenium.WebDriverException: unknown error: net::ERR_NAME_NOT_RESOLVED
  (Session info: chrome=134.0.6998.89)
Build info: version: '4.18.1', revision: 'b1d3319b48'
System info: os.name: 'Windows 11', os.arch: 'amd64', os.version: '10.0', java.version: '21.0.4'
Driver info: org.openqa.selenium.chrome.ChromeDriver
Command: [ad0037af528b4d86a366a87450cb14f4, get {url=https://dev.example.com/upload}]
Capabilities {acceptInsecureCerts: false, browserName: chrome, browserVersion: 134.0.6998.89, chrome: {chromedriverVersion: 134.0.6998.88 (7e3d5c978c6d..., userDataDir: C:\Users\someo\AppData\Loca...}, fedcm:accounts: true, goog:chromeOptions: {debuggerAddress: localhost:61046}, networkConnectionEnabled: false, pageLoadStrategy: normal, platformName: windows, proxy: Proxy(), se:cdp: ws://localhost:61046/devtoo..., se:cdpVersion: 134.0.6998.89, setWindowRect: true, strictFileInteractability: false, timeouts: {implicit: 0, pageLoad: 300000, script: 30000}, unhandledPromptBehavior: dismiss and notify, webauthn:extension:credBlob: true, webauthn:extension:largeBlob: true, webauthn:extension:minPinLength: true, webauthn:extension:prf: true, webauthn:virtualAuthenticators: true}
Session ID: ad0037af528b4d86a366a87450cb14f4
	at java.base/jdk.internal.reflect.DirectConstructorHandleAccessor.newInstance(DirectConstructorHandleAccessor.java:62)
	at java.base/java.lang.reflect.Constructor.newInstanceWithCaller(Constructor.java:502)
	at java.base/java.lang.reflect.Constructor.newInstance(Constructor.java:486)
	at org.openqa.selenium.remote.ErrorCodec.decode(ErrorCodec.java:167)
	at org.openqa.selenium.remote.codec.w3c.W3CHttpResponseCodec.decode(W3CHttpResponseCodec.java:138)
	at org.openqa.selenium.remote.codec.w3c.W3CHttpResponseCodec.decode(W3CHttpResponseCodec.java:50)
	at org.openqa.selenium.remote.HttpCommandExecutor.execute(HttpCommandExecutor.java:190)
	at org.openqa.selenium.remote.service.DriverCommandExecutor.invokeExecute(DriverCommandExecutor.java:216)
	at org.openqa.selenium.remote.service.DriverCommandExecutor.execute(DriverCommandExecutor.java:174)
	at org.openqa.selenium.remote.RemoteWebDriver.execute(RemoteWebDriver.java:519)
	at org.openqa.selenium.remote.RemoteWebDriver.get(RemoteWebDriver.java:301)
	at steps.GenericSteps.lambda$userIsOnPage$1(GenericSteps.java:138)
	at steps.GenericSteps.lambda$executeWithRetry$15(GenericSteps.java:527)
	at org.awaitility.core.CallableCondition$ConditionEvaluationWrapper.eval(CallableCondition.java:99)
	at org.awaitility.core.ConditionAwaiter$ConditionPoller.call(ConditionAwaiter.java:248)
	at org.awaitility.core.ConditionAwaiter$ConditionPoller.call(ConditionAwaiter.java:235)
	at java.base/java.util.concurrent.FutureTask.run(FutureTask.java:317)
	at java.base/java.util.concurrent.ThreadPoolExecutor.runWorker(ThreadPoolExecutor.java:1144)
	at java.base/java.util.concurrent.ThreadPoolExecutor$Worker.run(ThreadPoolExecutor.java:642)
	at java.base/java.lang.Thread.run(Thread.java:1583)
19:21:51.893 [kafka-producer-network-thread | producer-5] INFO  o.apache.kafka.clients.NetworkClient - [Producer clientId=producer-5] Node -1 disconnected.
19:21:51.893 [kafka-producer-network-thread | producer-5] WARN  o.apache.kafka.clients.NetworkClient - [Producer clientId=producer-5] Connection to node -1 (localhost/127.0.0.1:9092) could not be established. Broker may not be available.
19:21:51.893 [kafka-producer-network-thread | producer-5] WARN  o.apache.kafka.clients.NetworkClient - [Producer clientId=producer-5] Bootstrap broker localhost:9092 (id: -1 rack: null) disconnected
19:21:52.982 [kafka-producer-network-thread | producer-5] INFO  o.apache.kafka.clients.NetworkClient - [Producer clientId=producer-5] Node -1 disconnected.
19:21:52.982 [kafka-producer-network-thread | producer-5] WARN  o.apache.kafka.clients.NetworkClient - [Producer clientId=producer-5] Connection to node -1 (localhost/127.0.0.1:9092) could not be established. Broker may not be available.
19:21:52.982 [kafka-producer-network-thread | producer-5] WARN  o.apache.kafka.clients.NetworkClient - [Producer clientId=producer-5] Bootstrap broker localhost:9092 (id: -1 rack: null) disconnected
  Given user is on the "upload" page                         # steps.GenericSteps.userIsOnPage(java.lang.String)
      org.awaitility.core.ConditionTimeoutException: Condition steps.GenericSteps$$Lambda/0x000002032b3df410 was not fulfilled within 9 seconds.
	at org.awaitility.core.ConditionAwaiter.await(ConditionAwaiter.java:167)
	at org.awaitility.core.CallableCondition.await(CallableCondition.java:78)
	at org.awaitility.core.CallableCondition.await(CallableCondition.java:26)
	at org.awaitility.core.ConditionFactory.until(ConditionFactory.java:985)
	at org.awaitility.core.ConditionFactory.until(ConditionFactory.java:954)
	at steps.GenericSteps.executeWithRetry(GenericSteps.java:525)
	at steps.GenericSteps.userIsOnPage(GenericSteps.java:136)
	at ✽.user is on the "upload" page(file:///C:/Development/Sources/selenium-cucumber-test/src/test/resources/features/GenericTests.feature:4)

  When user executes test "pdf_upload"                       # steps.GenericSteps.userExecutesTest(java.lang.String)
  Then results match expected outcomes for test "pdf_upload" # steps.GenericSteps.resultsMatchExpected(java.lang.String)

    Embedding failure-screenshot [image/png 43413 bytes]

19:21:53.943 [pool-2-thread-1] ERROR steps.GenericSteps - Scenario failed, screenshot attached
19:21:54.021 [pool-2-thread-1] INFO  o.a.k.clients.producer.KafkaProducer - [Producer clientId=producer-5] Closing the Kafka producer with timeoutMillis = 9223372036854775807 ms.
19:21:54.022 [pool-2-thread-1] INFO  o.a.kafka.common.metrics.Metrics - Metrics scheduler closed
19:21:54.022 [pool-2-thread-1] INFO  o.a.kafka.common.metrics.Metrics - Closing reporter org.apache.kafka.common.metrics.JmxReporter
19:21:54.022 [pool-2-thread-1] INFO  o.a.kafka.common.metrics.Metrics - Metrics reporters closed
19:21:54.022 [pool-2-thread-1] INFO  o.a.kafka.common.utils.AppInfoParser - App info kafka.producer for producer-5 unregistered
19:21:54.022 [pool-2-thread-1] INFO  o.a.k.c.c.i.ConsumerCoordinator - [Consumer clientId=consumer-test-group-5, groupId=test-group] Resetting generation and member id due to: consumer pro-actively leaving the group
19:21:54.022 [pool-2-thread-1] INFO  o.a.k.c.c.i.ConsumerCoordinator - [Consumer clientId=consumer-test-group-5, groupId=test-group] Request joining group due to: consumer pro-actively leaving the group
19:21:54.022 [pool-2-thread-1] INFO  o.a.kafka.common.metrics.Metrics - Metrics scheduler closed
19:21:54.022 [pool-2-thread-1] INFO  o.a.kafka.common.metrics.Metrics - Closing reporter org.apache.kafka.common.metrics.JmxReporter
19:21:54.022 [pool-2-thread-1] INFO  o.a.kafka.common.metrics.Metrics - Metrics reporters closed
19:21:54.022 [pool-2-thread-1] INFO  o.a.kafka.common.utils.AppInfoParser - App info kafka.consumer for consumer-test-group-5 unregistered
]]></system-out>
    <system-err><![CDATA[Mar 17, 2025 7:21:43 PM org.openqa.selenium.devtools.CdpVersionFinder findNearestMatch
WARNING: Unable to find CDP implementation matching 134
Mar 17, 2025 7:21:43 PM org.openqa.selenium.chromium.ChromiumDriver lambda$new$5
WARNING: Unable to find version of CDP to use for 134.0.6998.89. You may need to include a dependency on a specific version of the CDP using something similar to `org.seleniumhq.selenium:selenium-devtools-v86:4.18.1` where the version ("v86") matches the version of the chromium-based browser you're using and the version number of the artifact is the same as Selenium's.
]]></system-err>
  </testcase>
</testsuite>